        -:    0:Source:C:/Users/lupse/CLionProjects/POO/Lab9/service_masina.cpp
        -:    0:Graph:C:\Users\lupse\CLionProjects\POO\Lab9\cmake-build-debug-coverage\CMakeFiles\Lab6.dir\service_masina.cpp.gcno
        -:    0:Data:C:\Users\lupse\CLionProjects\POO\Lab9\cmake-build-debug-coverage\CMakeFiles\Lab6.dir\service_masina.cpp.gcda
        -:    0:Runs:1
        -:    1://
        -:    2:// Created by lupse on 4/7/2025.
        -:    3://
        -:    4:#include "service_masina.h"
        -:    5:#include <algorithm>
        -:    6:
        -:    7:#include "exceptii.h"
        -:    8:using std::copy_if;
        -:    9:using std::sort;
function _ZN13MasinaService12adaugaMasinaERKNSt7__cxx1112basic_stringIcSt11char_traitsIcESaIcEEES7_S7_S7_ called 11 returned 100% blocks executed 56%
       11:   10:void MasinaService::adaugaMasina(const std::string& nr, const std::string& prod,
        -:   11:                                 const std::string& mod, const std::string& tip)  {
       11:   12:    Masina m{nr, prod, mod, tip};
       11:   12-block  0
call    0 returned 11
branch  1 taken 11 (fallthrough)
branch  2 taken 0 (throw)
       11:   13:    repo.adauga(m);
       11:   13-block  0
call    0 returned 11
branch  1 taken 11 (fallthrough)
branch  2 taken 0 (throw)
       11:   14:    undoActions.push_back(std::make_unique<UndoAdauga>(repo, m));
       11:   14-block  0
call    0 returned 11
branch  1 taken 11 (fallthrough)
branch  2 taken 0 (throw)
       11:   14-block  1
call    3 returned 11
call    4 returned 11
branch  5 taken 11 (fallthrough)
branch  6 taken 0 (throw)
       11:   14-block  2
call    7 returned 11
call    8 returned 11
    $$$$$:   14-block  3
call    9 never executed
    $$$$$:   14-block  4
call   10 never executed
    $$$$$:   14-block  5
    $$$$$:   14-block  6
       11:   15:}
call    0 returned 11
    $$$$$:   15-block  0
call    1 never executed
        -:   16:
function _ZN13MasinaService12stergeMasinaERKNSt7__cxx1112basic_stringIcSt11char_traitsIcESaIcEEE called 2 returned 100% blocks executed 58%
        2:   17:void MasinaService::stergeMasina(const std::string& nr) {
        2:   18:    Masina m = cautaMasina(nr);
        2:   18-block  0
call    0 returned 2
branch  1 taken 2 (fallthrough)
branch  2 taken 0 (throw)
        2:   18-block  1
call    3 returned 2
branch  4 taken 2 (fallthrough)
branch  5 taken 0 (throw)
        2:   19:    undoActions.push_back(std::make_unique<UndoSterge>(repo, m));
        2:   19-block  0
call    0 returned 2
branch  1 taken 2 (fallthrough)
branch  2 taken 0 (throw)
        2:   19-block  1
call    3 returned 2
call    4 returned 2
branch  5 taken 2 (fallthrough)
branch  6 taken 0 (throw)
        2:   19-block  2
call    7 returned 2
call    8 returned 2
    $$$$$:   19-block  3
call    9 never executed
    $$$$$:   19-block  4
call   10 never executed
    $$$$$:   19-block  5
    $$$$$:   19-block  6
        2:   20:    repo.sterge(nr);
call    0 returned 2
branch  1 taken 2 (fallthrough)
branch  2 taken 0 (throw)
        2:   21:}
        2:   21-block  0
call    0 returned 2
    $$$$$:   21-block  1
call    1 never executed
        -:   22:
function _ZN13MasinaService14modificaMasinaERKNSt7__cxx1112basic_stringIcSt11char_traitsIcESaIcEEES7_S7_S7_ called 2 returned 100% blocks executed 57%
        2:   23:void MasinaService::modificaMasina(const std::string& nr, const std::string& prod,
        -:   24:                                   const std::string& mod, const std::string& tip) {
        2:   25:    Masina m{nr, prod, mod, tip};
        2:   25-block  0
call    0 returned 2
branch  1 taken 2 (fallthrough)
branch  2 taken 0 (throw)
        2:   26:    Masina old = cautaMasina(nr);
        2:   26-block  0
call    0 returned 2
branch  1 taken 2 (fallthrough)
branch  2 taken 0 (throw)
        2:   26-block  1
call    3 returned 2
branch  4 taken 2 (fallthrough)
branch  5 taken 0 (throw)
        2:   27:    undoActions.push_back(std::make_unique<UndoModifica>(repo, old));
        2:   27-block  0
call    0 returned 2
branch  1 taken 2 (fallthrough)
branch  2 taken 0 (throw)
        2:   27-block  1
call    3 returned 2
call    4 returned 2
branch  5 taken 2 (fallthrough)
branch  6 taken 0 (throw)
        2:   27-block  2
call    7 returned 2
call    8 returned 2
    $$$$$:   27-block  3
call    9 never executed
    $$$$$:   27-block  4
call   10 never executed
    $$$$$:   27-block  5
    $$$$$:   27-block  6
        2:   28:    repo.modifica(m);
call    0 returned 2
branch  1 taken 2 (fallthrough)
branch  2 taken 0 (throw)
        2:   29:}
        2:   29-block  0
call    0 returned 2
call    1 returned 2
    $$$$$:   29-block  1
call    2 never executed
    $$$$$:   29-block  2
call    3 never executed
        -:   30:
function _ZNK13MasinaService11cautaMasinaERKNSt7__cxx1112basic_stringIcSt11char_traitsIcESaIcEEE called 7 returned 100% blocks executed 100%
        7:   31:const Masina& MasinaService::cautaMasina(const std::string& nr) const {
        7:   32:    return repo.cauta(nr);
        7:   32-block  0
call    0 returned 7
        -:   33:}
        -:   34://
        -:   35:// const Masina& MasinaService::cautaMasinaByIndex(int index) const {
        -:   36://     return repo.cautaIndex(index);
        -:   37:// }
        -:   38:
function _ZNK13MasinaService12getAllMasiniEv called 17 returned 100% blocks executed 100%
       17:   39:const std::vector<Masina>& MasinaService::getAllMasini() const {
       17:   40:    return repo.getAll();
       17:   40-block  0
call    0 returned 17
        -:   41:}
        -:   42:
function _ZNK13MasinaService29getFilteredMasiniByProducatorERKNSt7__cxx1112basic_stringIcSt11char_traitsIcESaIcEEE called 1 returned 100% blocks executed 76%
        1:   43:std::vector<Masina> MasinaService::getFilteredMasiniByProducator(const std::string& producator) const {
        1:   44:    std::vector Masini{getAllMasini()};
        1:   44-block  0
call    0 returned 1
branch  1 taken 1 (fallthrough)
branch  2 taken 0 (throw)
        1:   44-block  1
call    3 returned 1
branch  4 taken 1 (fallthrough)
branch  5 taken 0 (throw)
        1:   45:    std::vector<Masina> filteredMasini;
        2:   46:    copy_if(std::begin(Masini), std::end(Masini), std::back_inserter(filteredMasini),
        1:   46-block  0
call    0 returned 1
branch  1 taken 1 (fallthrough)
branch  2 taken 0 (throw)
        1:   46-block  1
call    3 returned 1
branch  4 taken 1 (fallthrough)
branch  5 taken 0 (throw)
function _ZZNK13MasinaService29getFilteredMasiniByProducatorERKNSt7__cxx1112basic_stringIcSt11char_traitsIcESaIcEEEENKUlRK6MasinaE_clESA_ called 4 returned 100% blocks executed 100%
        4:   47:        [&producator](const Masina& m) {
        4:   48:            return m.getProducator() == producator;
        4:   48-block  0
call    0 returned 4
call    1 returned 4
        -:   49:    });
        2:   50:    return filteredMasini;
        1:   50-block  0
        1:   50-block  1
        1:   51:}
        1:   51-block  0
call    0 returned 1
    $$$$$:   51-block  1
call    1 never executed
    $$$$$:   51-block  2
call    2 never executed
        -:   52:
function _ZNK13MasinaService22getFilteredMasiniByTipERKNSt7__cxx1112basic_stringIcSt11char_traitsIcESaIcEEE called 1 returned 100% blocks executed 76%
        1:   53:std::vector<Masina> MasinaService::getFilteredMasiniByTip(const std::string& tip) const {
        1:   54:    std::vector Masini{getAllMasini()};
        1:   54-block  0
call    0 returned 1
branch  1 taken 1 (fallthrough)
branch  2 taken 0 (throw)
        1:   54-block  1
call    3 returned 1
branch  4 taken 1 (fallthrough)
branch  5 taken 0 (throw)
        1:   55:    std::vector<Masina> filteredMasini;
        2:   56:    copy_if(std::begin(Masini), std::end(Masini), std::back_inserter(filteredMasini),
        1:   56-block  0
call    0 returned 1
branch  1 taken 1 (fallthrough)
branch  2 taken 0 (throw)
        1:   56-block  1
call    3 returned 1
branch  4 taken 1 (fallthrough)
branch  5 taken 0 (throw)
function _ZZNK13MasinaService22getFilteredMasiniByTipERKNSt7__cxx1112basic_stringIcSt11char_traitsIcESaIcEEEENKUlRK6MasinaE_clESA_ called 4 returned 100% blocks executed 100%
        4:   57:        [&tip](const Masina& m) {
        4:   58:            return m.getTip() == tip;
        4:   58-block  0
call    0 returned 4
call    1 returned 4
        -:   59:    });
        2:   60:    return filteredMasini;
        1:   60-block  0
        1:   60-block  1
        1:   61:}
        1:   61-block  0
call    0 returned 1
    $$$$$:   61-block  1
call    1 never executed
    $$$$$:   61-block  2
call    2 never executed
        -:   62:
function _ZNK13MasinaService14sorteazaMasiniEPFbRK6MasinaS2_E called 3 returned 100% blocks executed 91%
        3:   63:std::vector<Masina> MasinaService::sorteazaMasini(bool (*cmp)(const Masina&, const Masina&)) const {
        3:   64:    std::vector sortedList{getAllMasini()};
        3:   64-block  0
call    0 returned 3
call    1 returned 3
        3:   65:    sort(std::begin(sortedList), std::end(sortedList), cmp);
        3:   65-block  0
call    0 returned 3
branch  1 taken 3 (fallthrough)
branch  2 taken 0 (throw)
        3:   66:    return sortedList;
        3:   66-block  0
        3:   66-block  1
    =====:   67:}
    $$$$$:   67-block  0
call    0 never executed
        -:   68:
function _ZN13MasinaService18cmpNrInmatriculareERK6MasinaS2_ called 6 returned 100% blocks executed 100%
        6:   69:bool MasinaService::cmpNrInmatriculare(const Masina& masina1, const Masina& masina2) {
        6:   70:    return masina1.getNrInmatriculare() < masina2.getNrInmatriculare();
        6:   70-block  0
call    0 returned 6
call    1 returned 6
branch  2 taken 6 (fallthrough)
branch  3 taken 0 (throw)
        6:   70-block  1
call    4 returned 6
branch  5 taken 6 (fallthrough)
branch  6 taken 0 (throw)
        6:   70-block  2
call    7 returned 6
call    8 returned 6
        6:   70-block  3
        -:   71:}
function _ZN13MasinaService6cmpTipERK6MasinaS2_ called 6 returned 100% blocks executed 100%
        6:   72:bool MasinaService::cmpTip(const Masina& masina1, const Masina& masina2){
        6:   73:    return masina1.getTip() < masina2.getTip();
        6:   73-block  0
call    0 returned 6
call    1 returned 6
branch  2 taken 6 (fallthrough)
branch  3 taken 0 (throw)
        6:   73-block  1
call    4 returned 6
branch  5 taken 6 (fallthrough)
branch  6 taken 0 (throw)
        6:   73-block  2
call    7 returned 6
call    8 returned 6
        6:   73-block  3
        -:   74:}
function _ZN13MasinaService18cmpProducatorModelERK6MasinaS2_ called 7 returned 100% blocks executed 95%
        7:   75:bool MasinaService::cmpProducatorModel(const Masina& masina1, const Masina& masina2) {
        7:   76:    if (masina1.getProducator() == masina2.getProducator()) {
        7:   76-block  0
call    0 returned 7
call    1 returned 7
call    2 returned 7
branch  3 taken 2 (fallthrough)
branch  4 taken 5
        2:   77:        return masina1.getModel() < masina2.getModel();
        2:   77-block  0
call    0 returned 2
call    1 returned 2
branch  2 taken 2 (fallthrough)
branch  3 taken 0 (throw)
        2:   77-block  1
call    4 returned 2
branch  5 taken 2 (fallthrough)
branch  6 taken 0 (throw)
        2:   77-block  2
call    7 returned 2
call    8 returned 2
    $$$$$:   77-block  3
call    9 never executed
        -:   78:    }
        5:   79:    return masina1.getProducator() < masina2.getProducator();
        5:   79-block  0
call    0 returned 5
call    1 returned 5
branch  2 taken 5 (fallthrough)
branch  3 taken 0 (throw)
        5:   79-block  1
call    4 returned 5
branch  5 taken 5 (fallthrough)
branch  6 taken 0 (throw)
        5:   79-block  2
call    7 returned 5
call    8 returned 5
        -:   80:}
        -:   81:
function _ZNK13MasinaService29sorteazaMasiniNrInmatriculareEv called 1 returned 100% blocks executed 100%
        1:   82:std::vector<Masina> MasinaService::sorteazaMasiniNrInmatriculare() const {
        1:   83:    return sorteazaMasini(cmpNrInmatriculare);
        1:   83-block  0
call    0 returned 1
        -:   84:}
function _ZNK13MasinaService17sorteazaMasiniTipEv called 1 returned 100% blocks executed 100%
        1:   85:std::vector<Masina> MasinaService::sorteazaMasiniTip() const {
        1:   86:    return sorteazaMasini(cmpTip);
        1:   86-block  0
call    0 returned 1
        -:   87:}
function _ZNK13MasinaService29sorteazaMasiniProducatorModelEv called 1 returned 100% blocks executed 100%
        1:   88:std::vector<Masina> MasinaService::sorteazaMasiniProducatorModel() const {
        1:   89:    return sorteazaMasini(cmpProducatorModel);
        1:   89-block  0
call    0 returned 1
        -:   90:}
        -:   91:
function _ZN13MasinaService4undoEv called 5 returned 80% blocks executed 70%
        5:   92:void MasinaService::undo() {
        5:   93:    if (undoActions.empty()) {
        5:   93-block  0
call    0 returned 5
branch  1 taken 1 (fallthrough)
branch  2 taken 4
        3:   94:        throw ServiceException("Nothing to undo");
        1:   94-block  0
call    0 returned 1
        1:   94-block  1
call    1 returned 1
branch  2 taken 1 (fallthrough)
branch  3 taken 0 (throw)
        1:   94-block  2
call    4 returned 1
branch  5 taken 1 (fallthrough)
branch  6 taken 0 (throw)
        1:   94-block  3
call    7 returned 1
        1:   94-block  4
call    8 returned 0
    $$$$$:   94-block  5
call    9 never executed
    $$$$$:   94-block  6
    $$$$$:   94-block  7
    $$$$$:   94-block  8
call   10 never executed
        -:   95:    }
        4:   96:    undoActions.back()->doUndo();
        4:   96-block  0
call    0 returned 4
call    1 returned 4
call    2 returned 4
        4:   97:    undoActions.pop_back();
call    0 returned 4
        4:   98:}
