        -:    0:Source:C:/Users/lupse/CLionProjects/POO/Lab9/teste.cpp
        -:    0:Graph:C:\Users\lupse\CLionProjects\POO\Lab9\cmake-build-debug-coverage\CMakeFiles\Lab6.dir\teste.cpp.gcno
        -:    0:Data:C:\Users\lupse\CLionProjects\POO\Lab9\cmake-build-debug-coverage\CMakeFiles\Lab6.dir\teste.cpp.gcda
        -:    0:Runs:1
        -:    1://
        -:    2:// Created by lupse on 4/8/2025.
        -:    3://
        -:    4:#include "teste.h"
        -:    5:#include "list.h"
        -:    6:#include <iostream>
        -:    7:#include <vector>
        -:    8:#include "service_spalatorie.h"
        -:    9:#include "repo_masina.h"
        -:   10:#include "service_masina.h"
        -:   11:#include <cassert>
        -:   12:#include <fstream>
        -:   13:#include "exceptii.h"
        -:   14:
        -:   15:// ------------------ Test pentru Domain ------------------
        -:   16:
function _ZN5Teste10testMasinaEv called 1 returned 100% blocks executed 58%
        1:   17:void Teste::testMasina() {
        1:   17-block  0
        7:   18:    Masina m("B123XYZ", "Toyota", "Corolla", "Sedan");
        1:   18-block  0
call    0 returned 1
branch  1 taken 1 (fallthrough)
branch  2 taken 0 (throw)
        1:   18-block  1
call    3 returned 1
branch  4 taken 1 (fallthrough)
branch  5 taken 0 (throw)
        1:   18-block  2
call    6 returned 1
branch  7 taken 1 (fallthrough)
branch  8 taken 0 (throw)
        1:   18-block  3
call    9 returned 1
branch 10 taken 1 (fallthrough)
branch 11 taken 0 (throw)
        1:   18-block  4
call   12 returned 1
branch 13 taken 1 (fallthrough)
branch 14 taken 0 (throw)
        1:   18-block  5
call   15 returned 1
        1:   18-block  6
call   16 returned 1
        1:   18-block  7
call   17 returned 1
        1:   18-block  8
call   18 returned 1
    $$$$$:   18-block  9
call   19 never executed
    $$$$$:   18-block 10
    $$$$$:   18-block 11
    $$$$$:   18-block 12
call   20 never executed
    $$$$$:   18-block 13
    $$$$$:   18-block 14
    $$$$$:   18-block 15
call   21 never executed
    $$$$$:   18-block 16
    $$$$$:   18-block 17
    $$$$$:   18-block 18
call   22 never executed
    $$$$$:   18-block 19
    $$$$$:   18-block 20
        -:   19:
        -:   20:    // Testăm getterele
       1*:   21:    assert(m.getNrInmatriculare() == "B123XYZ");
        1:   21-block  0
call    0 returned 1
branch  1 taken 1 (fallthrough)
branch  2 taken 0 (throw)
        1:   21-block  1
call    3 returned 1
branch  4 taken 1 (fallthrough)
branch  5 taken 0 (throw)
        1:   21-block  2
branch  6 taken 0 (fallthrough)
branch  7 taken 1
    %%%%%:   21-block  3
call    8 never executed
        1:   21-block  4
       1*:   22:    assert(m.getProducator() == "Toyota");
        1:   22-block  0
call    0 returned 1
branch  1 taken 1 (fallthrough)
branch  2 taken 0 (throw)
        1:   22-block  1
call    3 returned 1
branch  4 taken 1 (fallthrough)
branch  5 taken 0 (throw)
        1:   22-block  2
branch  6 taken 0 (fallthrough)
branch  7 taken 1
    %%%%%:   22-block  3
call    8 never executed
        1:   22-block  4
       1*:   23:    assert(m.getModel() == "Corolla");
        1:   23-block  0
call    0 returned 1
branch  1 taken 1 (fallthrough)
branch  2 taken 0 (throw)
        1:   23-block  1
call    3 returned 1
branch  4 taken 1 (fallthrough)
branch  5 taken 0 (throw)
        1:   23-block  2
branch  6 taken 0 (fallthrough)
branch  7 taken 1
    %%%%%:   23-block  3
call    8 never executed
        1:   23-block  4
       1*:   24:    assert(m.getTip() == "Sedan");
        1:   24-block  0
call    0 returned 1
branch  1 taken 1 (fallthrough)
branch  2 taken 0 (throw)
        1:   24-block  1
call    3 returned 1
branch  4 taken 1 (fallthrough)
branch  5 taken 0 (throw)
        1:   24-block  2
branch  6 taken 0 (fallthrough)
branch  7 taken 1
    %%%%%:   24-block  3
call    8 never executed
        1:   24-block  4
        -:   25:
        -:   26:    // Testăm setterele
        2:   27:    m.setProducator("Honda");
        1:   27-block  0
call    0 returned 1
branch  1 taken 1 (fallthrough)
branch  2 taken 0 (throw)
        1:   27-block  1
call    3 returned 1
branch  4 taken 1 (fallthrough)
branch  5 taken 0 (throw)
        1:   27-block  2
call    6 returned 1
        1:   27-block  3
    $$$$$:   27-block  4
call    7 never executed
    $$$$$:   27-block  5
    $$$$$:   27-block  6
        2:   28:    m.setModel("Civic");
        1:   28-block  0
call    0 returned 1
branch  1 taken 1 (fallthrough)
branch  2 taken 0 (throw)
        1:   28-block  1
call    3 returned 1
branch  4 taken 1 (fallthrough)
branch  5 taken 0 (throw)
        1:   28-block  2
call    6 returned 1
        1:   28-block  3
    $$$$$:   28-block  4
call    7 never executed
    $$$$$:   28-block  5
    $$$$$:   28-block  6
        1:   29:    m.setTip("Hatchback");
        1:   29-block  0
call    0 returned 1
branch  1 taken 1 (fallthrough)
branch  2 taken 0 (throw)
        1:   29-block  1
call    3 returned 1
branch  4 taken 1 (fallthrough)
branch  5 taken 0 (throw)
        1:   29-block  2
call    6 returned 1
    $$$$$:   29-block  3
call    7 never executed
    $$$$$:   29-block  4
    $$$$$:   29-block  5
        -:   30:
       1*:   31:    assert(m.getProducator() == "Honda");
        1:   31-block  0
call    0 returned 1
branch  1 taken 1 (fallthrough)
branch  2 taken 0 (throw)
        1:   31-block  1
call    3 returned 1
branch  4 taken 1 (fallthrough)
branch  5 taken 0 (throw)
        1:   31-block  2
branch  6 taken 0 (fallthrough)
branch  7 taken 1
    %%%%%:   31-block  3
call    8 never executed
        1:   31-block  4
       1*:   32:    assert(m.getModel() == "Civic");
        1:   32-block  0
call    0 returned 1
branch  1 taken 1 (fallthrough)
branch  2 taken 0 (throw)
        1:   32-block  1
call    3 returned 1
branch  4 taken 1 (fallthrough)
branch  5 taken 0 (throw)
        1:   32-block  2
branch  6 taken 0 (fallthrough)
branch  7 taken 1
    %%%%%:   32-block  3
call    8 never executed
        1:   32-block  4
       1*:   33:    assert(m.getTip() == "Hatchback");
        1:   33-block  0
call    0 returned 1
branch  1 taken 1 (fallthrough)
branch  2 taken 0 (throw)
        1:   33-block  1
call    3 returned 1
branch  4 taken 1 (fallthrough)
branch  5 taken 0 (throw)
        1:   33-block  2
branch  6 taken 0 (fallthrough)
branch  7 taken 1
    %%%%%:   33-block  3
call    8 never executed
        1:   33-block  4
        -:   34:
        1:   35:    std::cout << "Test Masina passed!\n";
        1:   35-block  0
call    0 returned 1
branch  1 taken 1 (fallthrough)
branch  2 taken 0 (throw)
        1:   36:}
        1:   36-block  0
call    0 returned 1
    $$$$$:   36-block  1
call    1 never executed
        -:   37:
        -:   38:// ------------------ Test pentru Repository ------------------
        -:   39:
function _ZN5Teste14testMasinaRepoEv called 1 returned 100% blocks executed 54%
        1:   40:void Teste::testMasinaRepo() {
        1:   41:    MasinaRepo repo;
        1:   41-block  0
        -:   42:
        8:   43:    Masina m1("B123XYZ", "Toyota", "Corolla", "Sedan");
        1:   43-block  0
call    0 returned 1
branch  1 taken 1 (fallthrough)
branch  2 taken 0 (throw)
        1:   43-block  1
call    3 returned 1
branch  4 taken 1 (fallthrough)
branch  5 taken 0 (throw)
        1:   43-block  2
call    6 returned 1
branch  7 taken 1 (fallthrough)
branch  8 taken 0 (throw)
        1:   43-block  3
call    9 returned 1
branch 10 taken 1 (fallthrough)
branch 11 taken 0 (throw)
        1:   43-block  4
call   12 returned 1
branch 13 taken 1 (fallthrough)
branch 14 taken 0 (throw)
        1:   43-block  5
call   15 returned 1
        1:   43-block  6
call   16 returned 1
        1:   43-block  7
call   17 returned 1
        1:   43-block  8
call   18 returned 1
        1:   43-block  9
    $$$$$:   43-block 10
call   19 never executed
    $$$$$:   43-block 11
    $$$$$:   43-block 12
    $$$$$:   43-block 13
call   20 never executed
    $$$$$:   43-block 14
    $$$$$:   43-block 15
    $$$$$:   43-block 16
call   21 never executed
    $$$$$:   43-block 17
    $$$$$:   43-block 18
    $$$$$:   43-block 19
call   22 never executed
    $$$$$:   43-block 20
    $$$$$:   43-block 21
        7:   44:    Masina m2("B456ABC", "Honda", "Civic", "Hatchback");
        1:   44-block  0
call    0 returned 1
branch  1 taken 1 (fallthrough)
branch  2 taken 0 (throw)
        1:   44-block  1
call    3 returned 1
branch  4 taken 1 (fallthrough)
branch  5 taken 0 (throw)
        1:   44-block  2
call    6 returned 1
branch  7 taken 1 (fallthrough)
branch  8 taken 0 (throw)
        1:   44-block  3
call    9 returned 1
branch 10 taken 1 (fallthrough)
branch 11 taken 0 (throw)
        1:   44-block  4
call   12 returned 1
branch 13 taken 1 (fallthrough)
branch 14 taken 0 (throw)
        1:   44-block  5
call   15 returned 1
        1:   44-block  6
call   16 returned 1
        1:   44-block  7
call   17 returned 1
        1:   44-block  8
call   18 returned 1
    $$$$$:   44-block  9
call   19 never executed
    $$$$$:   44-block 10
    $$$$$:   44-block 11
    $$$$$:   44-block 12
call   20 never executed
    $$$$$:   44-block 13
    $$$$$:   44-block 14
    $$$$$:   44-block 15
call   21 never executed
    $$$$$:   44-block 16
    $$$$$:   44-block 17
    $$$$$:   44-block 18
call   22 never executed
    $$$$$:   44-block 19
    $$$$$:   44-block 20
        -:   45:
        -:   46:    // Adăugăm mașini în repo
        1:   47:    repo.adauga(m1);
        1:   47-block  0
call    0 returned 1
branch  1 taken 1 (fallthrough)
branch  2 taken 0 (throw)
        1:   48:    repo.adauga(m2);
        1:   48-block  0
call    0 returned 1
branch  1 taken 1 (fallthrough)
branch  2 taken 0 (throw)
        -:   49:
        -:   50:    // Verificăm dacă mașinile sunt adăugate corect
       1*:   51:    assert(repo.getAll().size() == 2);
        1:   51-block  0
call    0 returned 1
branch  1 taken 1 (fallthrough)
branch  2 taken 0 (throw)
        1:   51-block  1
call    3 returned 1
branch  4 taken 0 (fallthrough)
branch  5 taken 1
    %%%%%:   51-block  2
call    6 never executed
        1:   51-block  3
        -:   52:
        -:   53:    // Căutăm o mașină existentă
        1:   54:    const Masina& found = repo.cauta("B123XYZ");
        1:   54-block  0
call    0 returned 1
branch  1 taken 1 (fallthrough)
branch  2 taken 0 (throw)
        1:   54-block  1
call    3 returned 1
branch  4 taken 1 (fallthrough)
branch  5 taken 0 (throw)
        1:   54-block  2
call    6 returned 1
    $$$$$:   54-block  3
call    7 never executed
    $$$$$:   54-block  4
    $$$$$:   54-block  5
       1*:   55:    assert(found.getNrInmatriculare() == "B123XYZ");
        1:   55-block  0
call    0 returned 1
branch  1 taken 1 (fallthrough)
branch  2 taken 0 (throw)
        1:   55-block  1
call    3 returned 1
branch  4 taken 1 (fallthrough)
branch  5 taken 0 (throw)
        1:   55-block  2
branch  6 taken 0 (fallthrough)
branch  7 taken 1
    %%%%%:   55-block  3
call    8 never executed
        1:   55-block  4
        -:   56:
        -:   57:    // Căutăm o mașină inexistentă (ar trebui să arunce excepție)
        -:   58:    try {
       2*:   59:        auto& dump = repo.cauta("X999XXX");
        1:   59-block  0
call    0 returned 1
branch  1 taken 1 (fallthrough)
branch  2 taken 0 (throw)
        1:   59-block  1
call    3 returned 1
branch  4 taken 0 (fallthrough)
branch  5 taken 1 (throw)
    %%%%%:   59-block  2
call    6 never executed
        1:   59-block  3
call    7 returned 1
        1:   59-block  4
        1:   59-block  5
    #####:   60:        assert(false && "Excepția nu a fost aruncată pentru cautarea unei mașini inexistente");
    %%%%%:   60-block  0
call    0 never executed
        1:   61:    } catch (const std::runtime_error& e) {
        1:   61-block  0
branch  0 taken 0 (fallthrough)
branch  1 taken 1
        1:   61-block  1
call    2 returned 1
        2:   62:        assert(std::string(e.what()) == "Masina inexistenta.");
        1:   62-block  0
call    0 returned 1
call    1 returned 1
branch  2 taken 1 (fallthrough)
branch  3 taken 0 (throw)
        1:   62-block  1
call    4 returned 1
branch  5 taken 1 (fallthrough)
branch  6 taken 0 (throw)
        1:   62-block  2
branch  7 taken 0 (fallthrough)
branch  8 taken 1
    $$$$$:   62-block  3
call    9 never executed
        1:   62-block  4
        1:   62-block  5
branch 10 taken 1 (fallthrough)
branch 11 taken 0
        1:   62-block  6
call   12 returned 1
        1:   62-block  7
branch 13 taken 1 (fallthrough)
branch 14 taken 0
    $$$$$:   62-block  8
branch 15 never executed (fallthrough)
branch 16 never executed
    $$$$$:   62-block  9
call   17 never executed
    $$$$$:   62-block 10
    $$$$$:   62-block 11
branch 18 never executed (fallthrough)
branch 19 never executed
    $$$$$:   62-block 12
        1:   63:    }
        1:   63-block  0
call    0 returned 1
    $$$$$:   63-block  1
call    1 never executed
        -:   64:
        -:   65:    // Adăugăm din nou mașina m1, ceea ce ar trebui să arunce o excepție
        -:   66:    try {
        1:   67:        repo.adauga(m1);
call    0 returned 1
branch  1 taken 0 (fallthrough)
branch  2 taken 1 (throw)
    =====:   68:        assert(false && "Excepția nu a fost aruncată pentru adăugarea unei mașini deja existente");
    $$$$$:   68-block  0
call    0 never executed
        1:   69:    } catch (const std::runtime_error& e) {
        1:   69-block  0
branch  0 taken 0 (fallthrough)
branch  1 taken 1
        1:   69-block  1
call    2 returned 1
        2:   70:        assert(std::string(e.what()) == "Masina deja existenta.");
        1:   70-block  0
call    0 returned 1
call    1 returned 1
branch  2 taken 1 (fallthrough)
branch  3 taken 0 (throw)
        1:   70-block  1
call    4 returned 1
branch  5 taken 1 (fallthrough)
branch  6 taken 0 (throw)
        1:   70-block  2
branch  7 taken 0 (fallthrough)
branch  8 taken 1
    $$$$$:   70-block  3
call    9 never executed
        1:   70-block  4
        1:   70-block  5
branch 10 taken 1 (fallthrough)
branch 11 taken 0
        1:   70-block  6
call   12 returned 1
        1:   70-block  7
branch 13 taken 1 (fallthrough)
branch 14 taken 0
    $$$$$:   70-block  8
branch 15 never executed (fallthrough)
branch 16 never executed
    $$$$$:   70-block  9
call   17 never executed
    $$$$$:   70-block 10
    $$$$$:   70-block 11
branch 18 never executed (fallthrough)
branch 19 never executed
    $$$$$:   70-block 12
        1:   71:    }
        1:   71-block  0
call    0 returned 1
    $$$$$:   71-block  1
call    1 never executed
        -:   72:
        -:   73:    // Modificăm o mașină existentă
        1:   74:    m2.setProducator("Ford");
        1:   74-block  0
call    0 returned 1
branch  1 taken 1 (fallthrough)
branch  2 taken 0 (throw)
        1:   74-block  1
call    3 returned 1
        1:   74-block  2
call    4 returned 1
branch  5 taken 1 (fallthrough)
branch  6 taken 0 (throw)
    $$$$$:   74-block  3
call    7 never executed
    $$$$$:   74-block  4
    $$$$$:   74-block  5
        1:   75:    repo.modifica(m2);
        1:   75-block  0
call    0 returned 1
branch  1 taken 1 (fallthrough)
branch  2 taken 0 (throw)
        1:   76:    const Masina& modified = repo.cauta("B456ABC");
        1:   76-block  0
call    0 returned 1
branch  1 taken 1 (fallthrough)
branch  2 taken 0 (throw)
        1:   76-block  1
call    3 returned 1
branch  4 taken 1 (fallthrough)
branch  5 taken 0 (throw)
        1:   76-block  2
call    6 returned 1
    $$$$$:   76-block  3
call    7 never executed
    $$$$$:   76-block  4
    $$$$$:   76-block  5
        1:   77:    assert(modified.getProducator() == "Ford");
        1:   77-block  0
call    0 returned 1
branch  1 taken 1 (fallthrough)
branch  2 taken 0 (throw)
        1:   77-block  1
call    3 returned 1
branch  4 taken 1 (fallthrough)
branch  5 taken 0 (throw)
        1:   77-block  2
branch  6 taken 0 (fallthrough)
branch  7 taken 1
    $$$$$:   77-block  3
call    8 never executed
        1:   77-block  4
        -:   78:
        -:   79:    // Modificăm o mașină inexistentă (ar trebui să arunce excepție)
        7:   80:    Masina m3("X999XXX", "BMW", "X5", "SUV");
        1:   80-block  0
call    0 returned 1
branch  1 taken 1 (fallthrough)
branch  2 taken 0 (throw)
        1:   80-block  1
call    3 returned 1
branch  4 taken 1 (fallthrough)
branch  5 taken 0 (throw)
        1:   80-block  2
call    6 returned 1
branch  7 taken 1 (fallthrough)
branch  8 taken 0 (throw)
        1:   80-block  3
call    9 returned 1
branch 10 taken 1 (fallthrough)
branch 11 taken 0 (throw)
        1:   80-block  4
call   12 returned 1
branch 13 taken 1 (fallthrough)
branch 14 taken 0 (throw)
        1:   80-block  5
call   15 returned 1
        1:   80-block  6
call   16 returned 1
        1:   80-block  7
call   17 returned 1
        1:   80-block  8
call   18 returned 1
    $$$$$:   80-block  9
call   19 never executed
    $$$$$:   80-block 10
    $$$$$:   80-block 11
    $$$$$:   80-block 12
call   20 never executed
    $$$$$:   80-block 13
    $$$$$:   80-block 14
    $$$$$:   80-block 15
call   21 never executed
    $$$$$:   80-block 16
    $$$$$:   80-block 17
    $$$$$:   80-block 18
call   22 never executed
    $$$$$:   80-block 19
    $$$$$:   80-block 20
        -:   81:    try {
        1:   82:        repo.modifica(m3);
        1:   82-block  0
call    0 returned 1
branch  1 taken 0 (fallthrough)
branch  2 taken 1 (throw)
    =====:   83:        assert(false && "Excepția nu a fost aruncată pentru modificarea unei mașini inexistente");
    $$$$$:   83-block  0
call    0 never executed
        1:   84:    } catch (const std::runtime_error& e) {
        1:   84-block  0
branch  0 taken 0 (fallthrough)
branch  1 taken 1
        1:   84-block  1
call    2 returned 1
        2:   85:        assert(std::string(e.what()) == "Masina inexistenta.");
        1:   85-block  0
call    0 returned 1
call    1 returned 1
branch  2 taken 1 (fallthrough)
branch  3 taken 0 (throw)
        1:   85-block  1
call    4 returned 1
branch  5 taken 1 (fallthrough)
branch  6 taken 0 (throw)
        1:   85-block  2
branch  7 taken 0 (fallthrough)
branch  8 taken 1
    $$$$$:   85-block  3
call    9 never executed
        1:   85-block  4
        1:   85-block  5
branch 10 taken 1 (fallthrough)
branch 11 taken 0
        1:   85-block  6
call   12 returned 1
        1:   85-block  7
branch 13 taken 1 (fallthrough)
branch 14 taken 0
    $$$$$:   85-block  8
branch 15 never executed (fallthrough)
branch 16 never executed
    $$$$$:   85-block  9
call   17 never executed
    $$$$$:   85-block 10
    $$$$$:   85-block 11
branch 18 never executed (fallthrough)
branch 19 never executed
    $$$$$:   85-block 12
        1:   86:    }
        1:   86-block  0
call    0 returned 1
    $$$$$:   86-block  1
call    1 never executed
        -:   87:
        -:   88:    // Ștergem o mașină existentă
        1:   89:    repo.sterge("B123XYZ");
        1:   89-block  0
call    0 returned 1
branch  1 taken 1 (fallthrough)
branch  2 taken 0 (throw)
        1:   89-block  1
call    3 returned 1
        1:   89-block  2
call    4 returned 1
branch  5 taken 1 (fallthrough)
branch  6 taken 0 (throw)
    $$$$$:   89-block  3
call    7 never executed
    $$$$$:   89-block  4
    $$$$$:   89-block  5
        1:   90:    assert(repo.getAll().size() == 1);
        1:   90-block  0
call    0 returned 1
branch  1 taken 1 (fallthrough)
branch  2 taken 0 (throw)
        1:   90-block  1
call    3 returned 1
branch  4 taken 0 (fallthrough)
branch  5 taken 1
    $$$$$:   90-block  2
call    6 never executed
        1:   90-block  3
        -:   91:
        -:   92:    // Ștergem o mașină inexistentă (ar trebui să arunce excepție)
        -:   93:    try {
        2:   94:        repo.sterge("B123XYZ");
        1:   94-block  0
call    0 returned 1
branch  1 taken 1 (fallthrough)
branch  2 taken 0 (throw)
        1:   94-block  1
call    3 returned 1
branch  4 taken 0 (fallthrough)
branch  5 taken 1 (throw)
    $$$$$:   94-block  2
call    6 never executed
        1:   94-block  3
call    7 returned 1
        1:   94-block  4
        1:   94-block  5
    =====:   95:        assert(false && "Excepția nu a fost aruncată pentru ștergerea unei mașini inexistente");
    $$$$$:   95-block  0
call    0 never executed
        1:   96:    } catch (const std::runtime_error& e) {
        1:   96-block  0
branch  0 taken 0 (fallthrough)
branch  1 taken 1
        1:   96-block  1
call    2 returned 1
        2:   97:        assert(std::string(e.what()) == "Masina inexistenta.");
        1:   97-block  0
call    0 returned 1
call    1 returned 1
branch  2 taken 1 (fallthrough)
branch  3 taken 0 (throw)
        1:   97-block  1
call    4 returned 1
branch  5 taken 1 (fallthrough)
branch  6 taken 0 (throw)
        1:   97-block  2
branch  7 taken 0 (fallthrough)
branch  8 taken 1
    $$$$$:   97-block  3
call    9 never executed
        1:   97-block  4
        1:   97-block  5
branch 10 taken 1 (fallthrough)
branch 11 taken 0
        1:   97-block  6
call   12 returned 1
        1:   97-block  7
branch 13 taken 1 (fallthrough)
branch 14 taken 0
    $$$$$:   97-block  8
branch 15 never executed (fallthrough)
branch 16 never executed
    $$$$$:   97-block  9
call   17 never executed
    $$$$$:   97-block 10
    $$$$$:   97-block 11
branch 18 never executed (fallthrough)
branch 19 never executed
    $$$$$:   97-block 12
        1:   98:    }
        1:   98-block  0
call    0 returned 1
    $$$$$:   98-block  1
call    1 never executed
        -:   99:
        1:  100:    std::cout << "Test MasinaRepo passed!\n";
call    0 returned 1
branch  1 taken 1 (fallthrough)
branch  2 taken 0 (throw)
        1:  101:}
        1:  101-block  0
call    0 returned 1
call    1 returned 1
call    2 returned 1
call    3 returned 1
    $$$$$:  101-block  1
call    4 never executed
    $$$$$:  101-block  2
call    5 never executed
    $$$$$:  101-block  3
call    6 never executed
    $$$$$:  101-block  4
call    7 never executed
        -:  102:
        -:  103:// ------------------ Test pentru Service ------------------
        -:  104:
function _ZN5Teste17testMasinaServiceEv called 1 returned 100% blocks executed 57%
        1:  105:void Teste::testMasinaService() {
        1:  106:    MasinaRepo repo;
        1:  107:    MasinaService service(repo);
        1:  107-block  0
call    0 returned 1
        -:  108:
        8:  109:    Masina m1("B123XYZ", "Toyota", "Corolla", "Sedan");
        1:  109-block  0
call    0 returned 1
branch  1 taken 1 (fallthrough)
branch  2 taken 0 (throw)
        1:  109-block  1
call    3 returned 1
branch  4 taken 1 (fallthrough)
branch  5 taken 0 (throw)
        1:  109-block  2
call    6 returned 1
branch  7 taken 1 (fallthrough)
branch  8 taken 0 (throw)
        1:  109-block  3
call    9 returned 1
branch 10 taken 1 (fallthrough)
branch 11 taken 0 (throw)
        1:  109-block  4
call   12 returned 1
branch 13 taken 1 (fallthrough)
branch 14 taken 0 (throw)
        1:  109-block  5
call   15 returned 1
        1:  109-block  6
call   16 returned 1
        1:  109-block  7
call   17 returned 1
        1:  109-block  8
call   18 returned 1
        1:  109-block  9
    $$$$$:  109-block 10
call   19 never executed
    $$$$$:  109-block 11
    $$$$$:  109-block 12
    $$$$$:  109-block 13
call   20 never executed
    $$$$$:  109-block 14
    $$$$$:  109-block 15
    $$$$$:  109-block 16
call   21 never executed
    $$$$$:  109-block 17
    $$$$$:  109-block 18
    $$$$$:  109-block 19
call   22 never executed
    $$$$$:  109-block 20
    $$$$$:  109-block 21
        8:  110:    Masina m2("B456ABC", "Honda", "Civic", "Hatchback");
        1:  110-block  0
call    0 returned 1
branch  1 taken 1 (fallthrough)
branch  2 taken 0 (throw)
        1:  110-block  1
call    3 returned 1
branch  4 taken 1 (fallthrough)
branch  5 taken 0 (throw)
        1:  110-block  2
call    6 returned 1
branch  7 taken 1 (fallthrough)
branch  8 taken 0 (throw)
        1:  110-block  3
call    9 returned 1
branch 10 taken 1 (fallthrough)
branch 11 taken 0 (throw)
        1:  110-block  4
call   12 returned 1
branch 13 taken 1 (fallthrough)
branch 14 taken 0 (throw)
        1:  110-block  5
call   15 returned 1
        1:  110-block  6
call   16 returned 1
        1:  110-block  7
call   17 returned 1
        1:  110-block  8
call   18 returned 1
        1:  110-block  9
    $$$$$:  110-block 10
call   19 never executed
    $$$$$:  110-block 11
    $$$$$:  110-block 12
    $$$$$:  110-block 13
call   20 never executed
    $$$$$:  110-block 14
    $$$$$:  110-block 15
    $$$$$:  110-block 16
call   21 never executed
    $$$$$:  110-block 17
    $$$$$:  110-block 18
    $$$$$:  110-block 19
call   22 never executed
    $$$$$:  110-block 20
    $$$$$:  110-block 21
        -:  111:
        -:  112:    // Adăugăm mașini
        8:  113:    service.adaugaMasina("B123XYZ", "Toyota", "Corolla", "Sedan");
        1:  113-block  0
call    0 returned 1
branch  1 taken 1 (fallthrough)
branch  2 taken 0 (throw)
        1:  113-block  1
call    3 returned 1
branch  4 taken 1 (fallthrough)
branch  5 taken 0 (throw)
        1:  113-block  2
call    6 returned 1
branch  7 taken 1 (fallthrough)
branch  8 taken 0 (throw)
        1:  113-block  3
call    9 returned 1
branch 10 taken 1 (fallthrough)
branch 11 taken 0 (throw)
        1:  113-block  4
call   12 returned 1
branch 13 taken 1 (fallthrough)
branch 14 taken 0 (throw)
        1:  113-block  5
call   15 returned 1
        1:  113-block  6
call   16 returned 1
        1:  113-block  7
call   17 returned 1
        1:  113-block  8
call   18 returned 1
        1:  113-block  9
    $$$$$:  113-block 10
call   19 never executed
    $$$$$:  113-block 11
    $$$$$:  113-block 12
    $$$$$:  113-block 13
call   20 never executed
    $$$$$:  113-block 14
    $$$$$:  113-block 15
    $$$$$:  113-block 16
call   21 never executed
    $$$$$:  113-block 17
    $$$$$:  113-block 18
    $$$$$:  113-block 19
call   22 never executed
    $$$$$:  113-block 20
    $$$$$:  113-block 21
        8:  114:    service.adaugaMasina("B456ABC", "Honda", "Civic", "Hatchback");
        1:  114-block  0
call    0 returned 1
branch  1 taken 1 (fallthrough)
branch  2 taken 0 (throw)
        1:  114-block  1
call    3 returned 1
branch  4 taken 1 (fallthrough)
branch  5 taken 0 (throw)
        1:  114-block  2
call    6 returned 1
branch  7 taken 1 (fallthrough)
branch  8 taken 0 (throw)
        1:  114-block  3
call    9 returned 1
branch 10 taken 1 (fallthrough)
branch 11 taken 0 (throw)
        1:  114-block  4
call   12 returned 1
branch 13 taken 1 (fallthrough)
branch 14 taken 0 (throw)
        1:  114-block  5
call   15 returned 1
        1:  114-block  6
call   16 returned 1
        1:  114-block  7
call   17 returned 1
        1:  114-block  8
call   18 returned 1
        1:  114-block  9
    $$$$$:  114-block 10
call   19 never executed
    $$$$$:  114-block 11
    $$$$$:  114-block 12
    $$$$$:  114-block 13
call   20 never executed
    $$$$$:  114-block 14
    $$$$$:  114-block 15
    $$$$$:  114-block 16
call   21 never executed
    $$$$$:  114-block 17
    $$$$$:  114-block 18
    $$$$$:  114-block 19
call   22 never executed
    $$$$$:  114-block 20
    $$$$$:  114-block 21
        8:  115:    service.adaugaMasina("B567DEF", "Ford", "Focus", "SUV");
        1:  115-block  0
call    0 returned 1
branch  1 taken 1 (fallthrough)
branch  2 taken 0 (throw)
        1:  115-block  1
call    3 returned 1
branch  4 taken 1 (fallthrough)
branch  5 taken 0 (throw)
        1:  115-block  2
call    6 returned 1
branch  7 taken 1 (fallthrough)
branch  8 taken 0 (throw)
        1:  115-block  3
call    9 returned 1
branch 10 taken 1 (fallthrough)
branch 11 taken 0 (throw)
        1:  115-block  4
call   12 returned 1
branch 13 taken 1 (fallthrough)
branch 14 taken 0 (throw)
        1:  115-block  5
call   15 returned 1
        1:  115-block  6
call   16 returned 1
        1:  115-block  7
call   17 returned 1
        1:  115-block  8
call   18 returned 1
        1:  115-block  9
    $$$$$:  115-block 10
call   19 never executed
    $$$$$:  115-block 11
    $$$$$:  115-block 12
    $$$$$:  115-block 13
call   20 never executed
    $$$$$:  115-block 14
    $$$$$:  115-block 15
    $$$$$:  115-block 16
call   21 never executed
    $$$$$:  115-block 17
    $$$$$:  115-block 18
    $$$$$:  115-block 19
call   22 never executed
    $$$$$:  115-block 20
    $$$$$:  115-block 21
        8:  116:    service.adaugaMasina("B678HIJ", "Bmw", "Seria5", "Coupe");
        1:  116-block  0
call    0 returned 1
branch  1 taken 1 (fallthrough)
branch  2 taken 0 (throw)
        1:  116-block  1
call    3 returned 1
branch  4 taken 1 (fallthrough)
branch  5 taken 0 (throw)
        1:  116-block  2
call    6 returned 1
branch  7 taken 1 (fallthrough)
branch  8 taken 0 (throw)
        1:  116-block  3
call    9 returned 1
branch 10 taken 1 (fallthrough)
branch 11 taken 0 (throw)
        1:  116-block  4
call   12 returned 1
branch 13 taken 1 (fallthrough)
branch 14 taken 0 (throw)
        1:  116-block  5
call   15 returned 1
        1:  116-block  6
call   16 returned 1
        1:  116-block  7
call   17 returned 1
        1:  116-block  8
call   18 returned 1
        1:  116-block  9
    $$$$$:  116-block 10
call   19 never executed
    $$$$$:  116-block 11
    $$$$$:  116-block 12
    $$$$$:  116-block 13
call   20 never executed
    $$$$$:  116-block 14
    $$$$$:  116-block 15
    $$$$$:  116-block 16
call   21 never executed
    $$$$$:  116-block 17
    $$$$$:  116-block 18
    $$$$$:  116-block 19
call   22 never executed
    $$$$$:  116-block 20
    $$$$$:  116-block 21
        7:  117:    service.adaugaMasina("B899KLM", "Dacia", "Papuc", "Pickup");
        1:  117-block  0
call    0 returned 1
branch  1 taken 1 (fallthrough)
branch  2 taken 0 (throw)
        1:  117-block  1
call    3 returned 1
branch  4 taken 1 (fallthrough)
branch  5 taken 0 (throw)
        1:  117-block  2
call    6 returned 1
branch  7 taken 1 (fallthrough)
branch  8 taken 0 (throw)
        1:  117-block  3
call    9 returned 1
branch 10 taken 1 (fallthrough)
branch 11 taken 0 (throw)
        1:  117-block  4
call   12 returned 1
branch 13 taken 1 (fallthrough)
branch 14 taken 0 (throw)
        1:  117-block  5
call   15 returned 1
        1:  117-block  6
call   16 returned 1
        1:  117-block  7
call   17 returned 1
        1:  117-block  8
call   18 returned 1
    $$$$$:  117-block  9
call   19 never executed
    $$$$$:  117-block 10
    $$$$$:  117-block 11
    $$$$$:  117-block 12
call   20 never executed
    $$$$$:  117-block 13
    $$$$$:  117-block 14
    $$$$$:  117-block 15
call   21 never executed
    $$$$$:  117-block 16
    $$$$$:  117-block 17
    $$$$$:  117-block 18
call   22 never executed
    $$$$$:  117-block 19
    $$$$$:  117-block 20
        -:  118:
        -:  119:    // Verificăm dacă mașinile sunt adăugate corect
       1*:  120:    assert(service.getAllMasini().size() == 5);
        1:  120-block  0
call    0 returned 1
branch  1 taken 1 (fallthrough)
branch  2 taken 0 (throw)
        1:  120-block  1
call    3 returned 1
branch  4 taken 0 (fallthrough)
branch  5 taken 1
    %%%%%:  120-block  2
call    6 never executed
        1:  120-block  3
        -:  121:
        -:  122:    // Căutăm mașina
        1:  123:    const Masina& found = service.cautaMasina("B123XYZ");
        1:  123-block  0
call    0 returned 1
branch  1 taken 1 (fallthrough)
branch  2 taken 0 (throw)
        1:  123-block  1
call    3 returned 1
branch  4 taken 1 (fallthrough)
branch  5 taken 0 (throw)
        1:  123-block  2
call    6 returned 1
    $$$$$:  123-block  3
call    7 never executed
    $$$$$:  123-block  4
    $$$$$:  123-block  5
       1*:  124:    assert(found.getNrInmatriculare() == "B123XYZ");
        1:  124-block  0
call    0 returned 1
branch  1 taken 1 (fallthrough)
branch  2 taken 0 (throw)
        1:  124-block  1
call    3 returned 1
branch  4 taken 1 (fallthrough)
branch  5 taken 0 (throw)
        1:  124-block  2
branch  6 taken 0 (fallthrough)
branch  7 taken 1
    %%%%%:  124-block  3
call    8 never executed
        1:  124-block  4
        -:  125:
        -:  126:    // Modificăm o mașină
        8:  127:    service.modificaMasina("B456ABC", "Ford", "Focus", "Sedan");
        1:  127-block  0
call    0 returned 1
branch  1 taken 1 (fallthrough)
branch  2 taken 0 (throw)
        1:  127-block  1
call    3 returned 1
branch  4 taken 1 (fallthrough)
branch  5 taken 0 (throw)
        1:  127-block  2
call    6 returned 1
branch  7 taken 1 (fallthrough)
branch  8 taken 0 (throw)
        1:  127-block  3
call    9 returned 1
branch 10 taken 1 (fallthrough)
branch 11 taken 0 (throw)
        1:  127-block  4
call   12 returned 1
branch 13 taken 1 (fallthrough)
branch 14 taken 0 (throw)
        1:  127-block  5
call   15 returned 1
        1:  127-block  6
call   16 returned 1
        1:  127-block  7
call   17 returned 1
        1:  127-block  8
call   18 returned 1
        1:  127-block  9
    $$$$$:  127-block 10
call   19 never executed
    $$$$$:  127-block 11
    $$$$$:  127-block 12
    $$$$$:  127-block 13
call   20 never executed
    $$$$$:  127-block 14
    $$$$$:  127-block 15
    $$$$$:  127-block 16
call   21 never executed
    $$$$$:  127-block 17
    $$$$$:  127-block 18
    $$$$$:  127-block 19
call   22 never executed
    $$$$$:  127-block 20
    $$$$$:  127-block 21
        1:  128:    const Masina& modified = service.cautaMasina("B456ABC");
        1:  128-block  0
call    0 returned 1
branch  1 taken 1 (fallthrough)
branch  2 taken 0 (throw)
        1:  128-block  1
call    3 returned 1
branch  4 taken 1 (fallthrough)
branch  5 taken 0 (throw)
        1:  128-block  2
call    6 returned 1
    $$$$$:  128-block  3
call    7 never executed
    $$$$$:  128-block  4
    $$$$$:  128-block  5
       1*:  129:    assert(modified.getProducator() == "Ford");
        1:  129-block  0
call    0 returned 1
branch  1 taken 1 (fallthrough)
branch  2 taken 0 (throw)
        1:  129-block  1
call    3 returned 1
branch  4 taken 1 (fallthrough)
branch  5 taken 0 (throw)
        1:  129-block  2
branch  6 taken 0 (fallthrough)
branch  7 taken 1
    %%%%%:  129-block  3
call    8 never executed
        1:  129-block  4
        -:  130:
        -:  131:    // Ștergem o mașină
        1:  132:    service.stergeMasina("B123XYZ");
        1:  132-block  0
call    0 returned 1
branch  1 taken 1 (fallthrough)
branch  2 taken 0 (throw)
        1:  132-block  1
call    3 returned 1
branch  4 taken 1 (fallthrough)
branch  5 taken 0 (throw)
        1:  132-block  2
call    6 returned 1
    $$$$$:  132-block  3
call    7 never executed
    $$$$$:  132-block  4
    $$$$$:  132-block  5
       1*:  133:    assert(service.getAllMasini().size() == 4);
        1:  133-block  0
call    0 returned 1
branch  1 taken 1 (fallthrough)
branch  2 taken 0 (throw)
        1:  133-block  1
call    3 returned 1
branch  4 taken 0 (fallthrough)
branch  5 taken 1
    %%%%%:  133-block  2
call    6 never executed
        1:  133-block  3
        -:  134:
        -:  135:    //filtrare
        1:  136:    std::vector m = service.getFilteredMasiniByProducator("Ford");
        1:  136-block  0
call    0 returned 1
branch  1 taken 1 (fallthrough)
branch  2 taken 0 (throw)
        1:  136-block  1
call    3 returned 1
branch  4 taken 1 (fallthrough)
branch  5 taken 0 (throw)
        1:  136-block  2
call    6 returned 1
    $$$$$:  136-block  3
call    7 never executed
    $$$$$:  136-block  4
    $$$$$:  136-block  5
       1*:  137:    assert(m.size() == 2);
        1:  137-block  0
call    0 returned 1
branch  1 taken 0 (fallthrough)
branch  2 taken 1
    %%%%%:  137-block  1
call    3 never executed
        1:  137-block  2
        1:  138:    auto it = m.begin();
        1:  138-block  0
call    0 returned 1
       1*:  139:    assert(it->getNrInmatriculare() == "B456ABC");
call    0 returned 1
call    1 returned 1
branch  2 taken 1 (fallthrough)
branch  3 taken 0 (throw)
        1:  139-block  0
call    4 returned 1
branch  5 taken 1 (fallthrough)
branch  6 taken 0 (throw)
        1:  139-block  1
branch  7 taken 0 (fallthrough)
branch  8 taken 1
    %%%%%:  139-block  2
call    9 never executed
        1:  139-block  3
        1:  140:    ++it;
        1:  140-block  0
call    0 returned 1
       1*:  141:    assert(it->getNrInmatriculare() == "B567DEF");
call    0 returned 1
call    1 returned 1
branch  2 taken 1 (fallthrough)
branch  3 taken 0 (throw)
        1:  141-block  0
call    4 returned 1
branch  5 taken 1 (fallthrough)
branch  6 taken 0 (throw)
        1:  141-block  1
branch  7 taken 0 (fallthrough)
branch  8 taken 1
    %%%%%:  141-block  2
call    9 never executed
        1:  141-block  3
        -:  142:
        1:  143:    m = service.getFilteredMasiniByTip("Coupe");
        1:  143-block  0
call    0 returned 1
branch  1 taken 1 (fallthrough)
branch  2 taken 0 (throw)
        1:  143-block  1
call    3 returned 1
branch  4 taken 1 (fallthrough)
branch  5 taken 0 (throw)
        1:  143-block  2
call    6 returned 1
call    7 returned 1
call    8 returned 1
    $$$$$:  143-block  3
call    9 never executed
    $$$$$:  143-block  4
    $$$$$:  143-block  5
    $$$$$:  143-block  6
       1*:  144:    assert(m.size() == 1);
        1:  144-block  0
call    0 returned 1
branch  1 taken 0 (fallthrough)
branch  2 taken 1
    %%%%%:  144-block  1
call    3 never executed
        1:  144-block  2
        1:  145:    it = m.begin();
        1:  145-block  0
call    0 returned 1
       1*:  146:    assert(it->getNrInmatriculare() == "B678HIJ");
call    0 returned 1
call    1 returned 1
branch  2 taken 1 (fallthrough)
branch  3 taken 0 (throw)
        1:  146-block  0
call    4 returned 1
branch  5 taken 1 (fallthrough)
branch  6 taken 0 (throw)
        1:  146-block  1
branch  7 taken 0 (fallthrough)
branch  8 taken 1
    %%%%%:  146-block  2
call    9 never executed
        1:  146-block  3
        -:  147:
        -:  148:
        -:  149:    //sortare
        1:  150:    m = service.sorteazaMasiniNrInmatriculare();
        1:  150-block  0
call    0 returned 1
branch  1 taken 1 (fallthrough)
branch  2 taken 0 (throw)
        1:  150-block  1
call    3 returned 1
call    4 returned 1
    $$$$$:  150-block  2
       1*:  151:    assert(m.size() == 4);
call    0 returned 1
branch  1 taken 0 (fallthrough)
branch  2 taken 1
    %%%%%:  151-block  0
call    3 never executed
        1:  151-block  1
        1:  152:    it = m.begin();
        1:  152-block  0
call    0 returned 1
       1*:  153:    assert(it->getNrInmatriculare() == "B456ABC");
call    0 returned 1
call    1 returned 1
branch  2 taken 1 (fallthrough)
branch  3 taken 0 (throw)
        1:  153-block  0
call    4 returned 1
branch  5 taken 1 (fallthrough)
branch  6 taken 0 (throw)
        1:  153-block  1
branch  7 taken 0 (fallthrough)
branch  8 taken 1
    %%%%%:  153-block  2
call    9 never executed
        1:  153-block  3
        1:  154:    ++it;
        1:  154-block  0
call    0 returned 1
       1*:  155:    assert(it->getNrInmatriculare() == "B567DEF");
call    0 returned 1
call    1 returned 1
branch  2 taken 1 (fallthrough)
branch  3 taken 0 (throw)
        1:  155-block  0
call    4 returned 1
branch  5 taken 1 (fallthrough)
branch  6 taken 0 (throw)
        1:  155-block  1
branch  7 taken 0 (fallthrough)
branch  8 taken 1
    %%%%%:  155-block  2
call    9 never executed
        1:  155-block  3
        1:  156:    ++it;
        1:  156-block  0
call    0 returned 1
       1*:  157:    assert(it->getNrInmatriculare() == "B678HIJ");
call    0 returned 1
call    1 returned 1
branch  2 taken 1 (fallthrough)
branch  3 taken 0 (throw)
        1:  157-block  0
call    4 returned 1
branch  5 taken 1 (fallthrough)
branch  6 taken 0 (throw)
        1:  157-block  1
branch  7 taken 0 (fallthrough)
branch  8 taken 1
    %%%%%:  157-block  2
call    9 never executed
        1:  157-block  3
        1:  158:    ++it;
        1:  158-block  0
call    0 returned 1
       1*:  159:    assert(it->getNrInmatriculare() == "B899KLM");
call    0 returned 1
call    1 returned 1
branch  2 taken 1 (fallthrough)
branch  3 taken 0 (throw)
        1:  159-block  0
call    4 returned 1
branch  5 taken 1 (fallthrough)
branch  6 taken 0 (throw)
        1:  159-block  1
branch  7 taken 0 (fallthrough)
branch  8 taken 1
    %%%%%:  159-block  2
call    9 never executed
        1:  159-block  3
        -:  160:
        1:  161:    m = service.sorteazaMasiniTip();
        1:  161-block  0
call    0 returned 1
branch  1 taken 1 (fallthrough)
branch  2 taken 0 (throw)
        1:  161-block  1
call    3 returned 1
call    4 returned 1
    $$$$$:  161-block  2
       1*:  162:    assert(m.size() == 4);
call    0 returned 1
branch  1 taken 0 (fallthrough)
branch  2 taken 1
    %%%%%:  162-block  0
call    3 never executed
        1:  162-block  1
        1:  163:    it = m.begin();
        1:  163-block  0
call    0 returned 1
       1*:  164:    assert(it->getNrInmatriculare() == "B678HIJ");
call    0 returned 1
call    1 returned 1
branch  2 taken 1 (fallthrough)
branch  3 taken 0 (throw)
        1:  164-block  0
call    4 returned 1
branch  5 taken 1 (fallthrough)
branch  6 taken 0 (throw)
        1:  164-block  1
branch  7 taken 0 (fallthrough)
branch  8 taken 1
    %%%%%:  164-block  2
call    9 never executed
        1:  164-block  3
        1:  165:    ++it;
        1:  165-block  0
call    0 returned 1
       1*:  166:    assert(it->getNrInmatriculare() == "B899KLM");
call    0 returned 1
call    1 returned 1
branch  2 taken 1 (fallthrough)
branch  3 taken 0 (throw)
        1:  166-block  0
call    4 returned 1
branch  5 taken 1 (fallthrough)
branch  6 taken 0 (throw)
        1:  166-block  1
branch  7 taken 0 (fallthrough)
branch  8 taken 1
    %%%%%:  166-block  2
call    9 never executed
        1:  166-block  3
        1:  167:    ++it;
        1:  167-block  0
call    0 returned 1
       1*:  168:    assert(it->getNrInmatriculare() == "B567DEF");
call    0 returned 1
call    1 returned 1
branch  2 taken 1 (fallthrough)
branch  3 taken 0 (throw)
        1:  168-block  0
call    4 returned 1
branch  5 taken 1 (fallthrough)
branch  6 taken 0 (throw)
        1:  168-block  1
branch  7 taken 0 (fallthrough)
branch  8 taken 1
    %%%%%:  168-block  2
call    9 never executed
        1:  168-block  3
        1:  169:    ++it;
        1:  169-block  0
call    0 returned 1
       1*:  170:    assert(it->getNrInmatriculare() == "B456ABC");
call    0 returned 1
call    1 returned 1
branch  2 taken 1 (fallthrough)
branch  3 taken 0 (throw)
        1:  170-block  0
call    4 returned 1
branch  5 taken 1 (fallthrough)
branch  6 taken 0 (throw)
        1:  170-block  1
branch  7 taken 0 (fallthrough)
branch  8 taken 1
    %%%%%:  170-block  2
call    9 never executed
        1:  170-block  3
        -:  171:
        1:  172:    m = service.sorteazaMasiniProducatorModel();
        1:  172-block  0
call    0 returned 1
branch  1 taken 1 (fallthrough)
branch  2 taken 0 (throw)
        1:  172-block  1
call    3 returned 1
call    4 returned 1
    $$$$$:  172-block  2
       1*:  173:    assert(m.size() == 4);
call    0 returned 1
branch  1 taken 0 (fallthrough)
branch  2 taken 1
    %%%%%:  173-block  0
call    3 never executed
        1:  173-block  1
        1:  174:    it = m.begin();
        1:  174-block  0
call    0 returned 1
       1*:  175:    assert(it->getNrInmatriculare() == "B678HIJ");
call    0 returned 1
call    1 returned 1
branch  2 taken 1 (fallthrough)
branch  3 taken 0 (throw)
        1:  175-block  0
call    4 returned 1
branch  5 taken 1 (fallthrough)
branch  6 taken 0 (throw)
        1:  175-block  1
branch  7 taken 0 (fallthrough)
branch  8 taken 1
    %%%%%:  175-block  2
call    9 never executed
        1:  175-block  3
        1:  176:    ++it;
        1:  176-block  0
call    0 returned 1
       1*:  177:    assert(it->getNrInmatriculare() == "B899KLM");
call    0 returned 1
call    1 returned 1
branch  2 taken 1 (fallthrough)
branch  3 taken 0 (throw)
        1:  177-block  0
call    4 returned 1
branch  5 taken 1 (fallthrough)
branch  6 taken 0 (throw)
        1:  177-block  1
branch  7 taken 0 (fallthrough)
branch  8 taken 1
    %%%%%:  177-block  2
call    9 never executed
        1:  177-block  3
        1:  178:    ++it;
        1:  178-block  0
call    0 returned 1
       1*:  179:    assert(it->getNrInmatriculare() == "B456ABC");
call    0 returned 1
call    1 returned 1
branch  2 taken 1 (fallthrough)
branch  3 taken 0 (throw)
        1:  179-block  0
call    4 returned 1
branch  5 taken 1 (fallthrough)
branch  6 taken 0 (throw)
        1:  179-block  1
branch  7 taken 0 (fallthrough)
branch  8 taken 1
    %%%%%:  179-block  2
call    9 never executed
        1:  179-block  3
        1:  180:    ++it;
        1:  180-block  0
call    0 returned 1
       1*:  181:    assert(it->getNrInmatriculare() == "B567DEF");
call    0 returned 1
call    1 returned 1
branch  2 taken 1 (fallthrough)
branch  3 taken 0 (throw)
        1:  181-block  0
call    4 returned 1
branch  5 taken 1 (fallthrough)
branch  6 taken 0 (throw)
        1:  181-block  1
branch  7 taken 0 (fallthrough)
branch  8 taken 1
    %%%%%:  181-block  2
call    9 never executed
        1:  181-block  3
        -:  182:
        1:  183:    std::cout << "Test MasinaService passed!\n";
        1:  183-block  0
call    0 returned 1
branch  1 taken 1 (fallthrough)
branch  2 taken 0 (throw)
        1:  184:}
        1:  184-block  0
call    0 returned 1
call    1 returned 1
call    2 returned 1
call    3 returned 1
call    4 returned 1
    $$$$$:  184-block  1
call    5 never executed
    $$$$$:  184-block  2
call    6 never executed
    $$$$$:  184-block  3
call    7 never executed
    $$$$$:  184-block  4
call    8 never executed
    $$$$$:  184-block  5
call    9 never executed
        -:  185:// ------------------ Teste spalatorie ------------------
        -:  186:// void Teste::testServiceSpalatorie() {
        -:  187://     MasinaRepo repo;
        -:  188://     repo.adauga(Masina("B123XYZ", "Toyota", "Corolla", "Sedan"));
        -:  189://     repo.adauga(Masina("CJ45ABC", "Honda", "Civic", "Coupe"));
        -:  190://     repo.adauga(Masina("MS99XYZ", "Dacia", "Duster", "SUV"));
        -:  191://     MasinaService service{repo};
        -:  192://     ServiceSpalatorie spalatorie{service};
        -:  193://
        -:  194://     // Test adaugare masina
        -:  195://     spalatorie.adaugaMasina("B123XYZ");
        -:  196://     assert(spalatorie.nrMasini() == 1);
        -:  197://
        -:  198://     // Test golire
        -:  199://     spalatorie.golesteLista();
        -:  200://     assert(spalatorie.nrMasini() == 0);
        -:  201://
        -:  202://     // Test generare aleatorie
        -:  203://     spalatorie.generareLista(2);
        -:  204://     assert(spalatorie.nrMasini() == 2);
        -:  205://
        -:  206://     // Test export CSV
        -:  207://     spalatorie.exportCSV("test_export.csv");
        -:  208://     std::ifstream in("test_export.csv");
        -:  209://     assert(in.is_open());
        -:  210://     in.close();
        -:  211://
        -:  212://     // Test eroare la adaugare cu numar inexistent
        -:  213://     // bool exceptie = false;
        -:  214://     // try {
        -:  215://     //     service.adaugaMasina("INVALID");
        -:  216://     // } catch (
        -:  217:// }
        -:  218:
        -:  219:
        -:  220:
function _ZN5Teste21testServiceSpalatorieEv called 1 returned 100% blocks executed 54%
        1:  221:void Teste::testServiceSpalatorie() {
        1:  222:    MasinaRepo repo;
        1:  223:    MasinaService srv{repo};
        1:  223-block  0
call    0 returned 1
        1:  224:    ServiceSpalatorie spalatorie{repo};
call    0 returned 1
        1:  225:    bool  exceptiePrinsa = false;
        -:  226:    try {
        1:  227:        spalatorie.generareLista(2);
call    0 returned 1
branch  1 taken 0 (fallthrough)
branch  2 taken 1 (throw)
        1:  228:    } catch (const ServiceException&) {
        1:  228-block  0
branch  0 taken 0 (fallthrough)
branch  1 taken 1
        1:  228-block  1
call    2 returned 1
        1:  229:        exceptiePrinsa = true;
        1:  230:    }
call    0 returned 1
branch  1 taken 1 (fallthrough)
branch  2 taken 0 (throw)
       1*:  231:    assert(exceptiePrinsa);
        1:  231-block  0
branch  0 taken 0 (fallthrough)
branch  1 taken 1
    %%%%%:  231-block  1
call    2 never executed
        1:  231-block  2
        8:  232:    srv.adaugaMasina("CJ01ABC", "Dacia", "Logan", "sedan");
        1:  232-block  0
call    0 returned 1
branch  1 taken 1 (fallthrough)
branch  2 taken 0 (throw)
        1:  232-block  1
call    3 returned 1
branch  4 taken 1 (fallthrough)
branch  5 taken 0 (throw)
        1:  232-block  2
call    6 returned 1
branch  7 taken 1 (fallthrough)
branch  8 taken 0 (throw)
        1:  232-block  3
call    9 returned 1
branch 10 taken 1 (fallthrough)
branch 11 taken 0 (throw)
        1:  232-block  4
call   12 returned 1
branch 13 taken 1 (fallthrough)
branch 14 taken 0 (throw)
        1:  232-block  5
call   15 returned 1
        1:  232-block  6
call   16 returned 1
        1:  232-block  7
call   17 returned 1
        1:  232-block  8
call   18 returned 1
        1:  232-block  9
    $$$$$:  232-block 10
call   19 never executed
    $$$$$:  232-block 11
    $$$$$:  232-block 12
    $$$$$:  232-block 13
call   20 never executed
    $$$$$:  232-block 14
    $$$$$:  232-block 15
    $$$$$:  232-block 16
call   21 never executed
    $$$$$:  232-block 17
    $$$$$:  232-block 18
    $$$$$:  232-block 19
call   22 never executed
    $$$$$:  232-block 20
    $$$$$:  232-block 21
        8:  233:    srv.adaugaMasina("CJ02DEF", "VW", "Golf", "hatchback");
        1:  233-block  0
call    0 returned 1
branch  1 taken 1 (fallthrough)
branch  2 taken 0 (throw)
        1:  233-block  1
call    3 returned 1
branch  4 taken 1 (fallthrough)
branch  5 taken 0 (throw)
        1:  233-block  2
call    6 returned 1
branch  7 taken 1 (fallthrough)
branch  8 taken 0 (throw)
        1:  233-block  3
call    9 returned 1
branch 10 taken 1 (fallthrough)
branch 11 taken 0 (throw)
        1:  233-block  4
call   12 returned 1
branch 13 taken 1 (fallthrough)
branch 14 taken 0 (throw)
        1:  233-block  5
call   15 returned 1
        1:  233-block  6
call   16 returned 1
        1:  233-block  7
call   17 returned 1
        1:  233-block  8
call   18 returned 1
        1:  233-block  9
    $$$$$:  233-block 10
call   19 never executed
    $$$$$:  233-block 11
    $$$$$:  233-block 12
    $$$$$:  233-block 13
call   20 never executed
    $$$$$:  233-block 14
    $$$$$:  233-block 15
    $$$$$:  233-block 16
call   21 never executed
    $$$$$:  233-block 17
    $$$$$:  233-block 18
    $$$$$:  233-block 19
call   22 never executed
    $$$$$:  233-block 20
    $$$$$:  233-block 21
        7:  234:    srv.adaugaMasina("CJ03XYZ", "Audi", "A4", "sedan");
        1:  234-block  0
call    0 returned 1
branch  1 taken 1 (fallthrough)
branch  2 taken 0 (throw)
        1:  234-block  1
call    3 returned 1
branch  4 taken 1 (fallthrough)
branch  5 taken 0 (throw)
        1:  234-block  2
call    6 returned 1
branch  7 taken 1 (fallthrough)
branch  8 taken 0 (throw)
        1:  234-block  3
call    9 returned 1
branch 10 taken 1 (fallthrough)
branch 11 taken 0 (throw)
        1:  234-block  4
call   12 returned 1
branch 13 taken 1 (fallthrough)
branch 14 taken 0 (throw)
        1:  234-block  5
call   15 returned 1
        1:  234-block  6
call   16 returned 1
        1:  234-block  7
call   17 returned 1
        1:  234-block  8
call   18 returned 1
    $$$$$:  234-block  9
call   19 never executed
    $$$$$:  234-block 10
    $$$$$:  234-block 11
    $$$$$:  234-block 12
call   20 never executed
    $$$$$:  234-block 13
    $$$$$:  234-block 14
    $$$$$:  234-block 15
call   21 never executed
    $$$$$:  234-block 16
    $$$$$:  234-block 17
    $$$$$:  234-block 18
call   22 never executed
    $$$$$:  234-block 19
    $$$$$:  234-block 20
        -:  235:
        1:  236:    spalatorie.generareLista(1);
        1:  236-block  0
call    0 returned 1
branch  1 taken 1 (fallthrough)
branch  2 taken 0 (throw)
       1*:  237:    assert(spalatorie.nrMasini() == 1);
        1:  237-block  0
call    0 returned 1
branch  1 taken 1 (fallthrough)
branch  2 taken 0 (throw)
        1:  237-block  1
branch  3 taken 0 (fallthrough)
branch  4 taken 1
    %%%%%:  237-block  2
call    5 never executed
        1:  237-block  3
        -:  238:    // Test adaugare masina
        1:  239:    spalatorie.adaugaMasina("CJ01ABC");
        1:  239-block  0
call    0 returned 1
branch  1 taken 1 (fallthrough)
branch  2 taken 0 (throw)
        1:  239-block  1
call    3 returned 1
branch  4 taken 1 (fallthrough)
branch  5 taken 0 (throw)
        1:  239-block  2
call    6 returned 1
    $$$$$:  239-block  3
call    7 never executed
    $$$$$:  239-block  4
    $$$$$:  239-block  5
       1*:  240:    assert(spalatorie.nrMasini() == 2);
        1:  240-block  0
call    0 returned 1
branch  1 taken 1 (fallthrough)
branch  2 taken 0 (throw)
        1:  240-block  1
branch  3 taken 0 (fallthrough)
branch  4 taken 1
    %%%%%:  240-block  2
call    5 never executed
        1:  240-block  3
        -:  241:
        -:  242:    // Test golire
        1:  243:    spalatorie.golesteLista();
        1:  243-block  0
call    0 returned 1
branch  1 taken 1 (fallthrough)
branch  2 taken 0 (throw)
       1*:  244:    assert(spalatorie.nrMasini() == 0);
        1:  244-block  0
call    0 returned 1
branch  1 taken 1 (fallthrough)
branch  2 taken 0 (throw)
        1:  244-block  1
branch  3 taken 0 (fallthrough)
branch  4 taken 1
    %%%%%:  244-block  2
call    5 never executed
        1:  244-block  3
        -:  245:
        -:  246:    // Test generare lista (când numărul este egal cu numărul total)
        1:  247:    spalatorie.generareLista(3);
        1:  247-block  0
call    0 returned 1
branch  1 taken 1 (fallthrough)
branch  2 taken 0 (throw)
       1*:  248:    assert(spalatorie.nrMasini() == 3);
        1:  248-block  0
call    0 returned 1
branch  1 taken 1 (fallthrough)
branch  2 taken 0 (throw)
        1:  248-block  1
branch  3 taken 0 (fallthrough)
branch  4 taken 1
    %%%%%:  248-block  2
call    5 never executed
        1:  248-block  3
        -:  249:
        -:  250:    // Test export CSV
        1:  251:    spalatorie.exportCSV("test_export.csv");
        1:  251-block  0
call    0 returned 1
branch  1 taken 1 (fallthrough)
branch  2 taken 0 (throw)
        1:  251-block  1
call    3 returned 1
branch  4 taken 1 (fallthrough)
branch  5 taken 0 (throw)
        1:  251-block  2
call    6 returned 1
    $$$$$:  251-block  3
call    7 never executed
    $$$$$:  251-block  4
    $$$$$:  251-block  5
        -:  252:
        1:  253:    std::ifstream in("test_export.csv");
        1:  253-block  0
call    0 returned 1
branch  1 taken 1 (fallthrough)
branch  2 taken 0 (throw)
        1:  254:    int lineCount = 0;
        1:  255:    std::string line;
        1:  255-block  0
call    0 returned 1
        4:  256:    while (std::getline(in, line)) {
        4:  256-block  0
call    0 returned 4
branch  1 taken 4 (fallthrough)
branch  2 taken 0 (throw)
        4:  256-block  1
call    3 returned 4
branch  4 taken 4 (fallthrough)
branch  5 taken 0 (throw)
        4:  256-block  2
branch  6 taken 3
branch  7 taken 1 (fallthrough)
        3:  257:        lineCount++;
        3:  257-block  0
        -:  258:    }
       1*:  259:    assert(lineCount == 3);  // ar trebui să fie 3 linii în fișier
        1:  259-block  0
branch  0 taken 0 (fallthrough)
branch  1 taken 1
    %%%%%:  259-block  1
call    2 never executed
        1:  259-block  2
        1:  260:    in.close();
        1:  260-block  0
call    0 returned 1
branch  1 taken 1 (fallthrough)
branch  2 taken 0 (throw)
        -:  261:
        -:  262:    // Test generare lista cu număr prea mare
        1:  263:    exceptiePrinsa = false;
        -:  264:    try {
        1:  265:        spalatorie.generareLista(100);
        1:  265-block  0
call    0 returned 1
branch  1 taken 0 (fallthrough)
branch  2 taken 1 (throw)
        1:  266:    } catch (const ServiceException&) {
        1:  266-block  0
branch  0 taken 0 (fallthrough)
branch  1 taken 1
        1:  266-block  1
call    2 returned 1
        1:  267:        exceptiePrinsa = true;
        1:  268:    }
call    0 returned 1
branch  1 taken 1 (fallthrough)
branch  2 taken 0 (throw)
       1*:  269:    assert(exceptiePrinsa);
        1:  269-block  0
branch  0 taken 0 (fallthrough)
branch  1 taken 1
    %%%%%:  269-block  1
call    2 never executed
        1:  269-block  2
        1:  270:    std::cout << "Test ServiceSpalatorie passed!\n";
        1:  270-block  0
call    0 returned 1
branch  1 taken 1 (fallthrough)
branch  2 taken 0 (throw)
        -:  271:
        1:  272:}
        1:  272-block  0
call    0 returned 1
call    1 returned 1
call    2 returned 1
call    3 returned 1
call    4 returned 1
    $$$$$:  272-block  1
call    5 never executed
    $$$$$:  272-block  2
call    6 never executed
    $$$$$:  272-block  3
call    7 never executed
    $$$$$:  272-block  4
call    8 never executed
    $$$$$:  272-block  5
call    9 never executed
        -:  273:
function _ZN5Teste15testServiceUndoEv called 1 returned 100% blocks executed 60%
        1:  274:void Teste::testServiceUndo() {
        1:  275:    MasinaRepo repo;
        1:  276:    MasinaService service{repo};
        1:  276-block  0
call    0 returned 1
        -:  277:    try {
        1:  278:        service.undo();
call    0 returned 1
branch  1 taken 0 (fallthrough)
branch  2 taken 1 (throw)
    #####:  279:        assert(false);
    %%%%%:  279-block  0
call    0 never executed
        1:  280:    } catch (const ServiceException& e) {
        1:  280-block  0
branch  0 taken 0 (fallthrough)
branch  1 taken 1
        1:  280-block  1
call    2 returned 1
        1:  281:        std::string text = e.what();
        1:  281-block  0
call    0 returned 1
call    1 returned 1
branch  2 taken 1 (fallthrough)
branch  3 taken 0 (throw)
    $$$$$:  281-block  1
        1:  282:        assert(text == "Nothing to undo");
        1:  282-block  0
call    0 returned 1
branch  1 taken 1 (fallthrough)
branch  2 taken 0 (throw)
        1:  282-block  1
branch  3 taken 0 (fallthrough)
branch  4 taken 1
    $$$$$:  282-block  2
call    5 never executed
        1:  282-block  3
        1:  283:    }
        1:  283-block  0
call    0 returned 1
call    1 returned 1
branch  2 taken 1 (fallthrough)
branch  3 taken 0 (throw)
    $$$$$:  283-block  1
call    4 never executed
    $$$$$:  283-block  2
call    5 never executed
        -:  284:
        8:  285:    service.adaugaMasina("B123XYZ", "Toyota", "Corolla", "Sedan");
        1:  285-block  0
call    0 returned 1
branch  1 taken 1 (fallthrough)
branch  2 taken 0 (throw)
        1:  285-block  1
call    3 returned 1
branch  4 taken 1 (fallthrough)
branch  5 taken 0 (throw)
        1:  285-block  2
call    6 returned 1
branch  7 taken 1 (fallthrough)
branch  8 taken 0 (throw)
        1:  285-block  3
call    9 returned 1
branch 10 taken 1 (fallthrough)
branch 11 taken 0 (throw)
        1:  285-block  4
call   12 returned 1
branch 13 taken 1 (fallthrough)
branch 14 taken 0 (throw)
        1:  285-block  5
call   15 returned 1
        1:  285-block  6
call   16 returned 1
        1:  285-block  7
call   17 returned 1
        1:  285-block  8
call   18 returned 1
        1:  285-block  9
    $$$$$:  285-block 10
call   19 never executed
    $$$$$:  285-block 11
    $$$$$:  285-block 12
    $$$$$:  285-block 13
call   20 never executed
    $$$$$:  285-block 14
    $$$$$:  285-block 15
    $$$$$:  285-block 16
call   21 never executed
    $$$$$:  285-block 17
    $$$$$:  285-block 18
    $$$$$:  285-block 19
call   22 never executed
    $$$$$:  285-block 20
    $$$$$:  285-block 21
        8:  286:    service.adaugaMasina("B456ABC", "Honda", "Civic", "Hatchback");
        1:  286-block  0
call    0 returned 1
branch  1 taken 1 (fallthrough)
branch  2 taken 0 (throw)
        1:  286-block  1
call    3 returned 1
branch  4 taken 1 (fallthrough)
branch  5 taken 0 (throw)
        1:  286-block  2
call    6 returned 1
branch  7 taken 1 (fallthrough)
branch  8 taken 0 (throw)
        1:  286-block  3
call    9 returned 1
branch 10 taken 1 (fallthrough)
branch 11 taken 0 (throw)
        1:  286-block  4
call   12 returned 1
branch 13 taken 1 (fallthrough)
branch 14 taken 0 (throw)
        1:  286-block  5
call   15 returned 1
        1:  286-block  6
call   16 returned 1
        1:  286-block  7
call   17 returned 1
        1:  286-block  8
call   18 returned 1
        1:  286-block  9
    $$$$$:  286-block 10
call   19 never executed
    $$$$$:  286-block 11
    $$$$$:  286-block 12
    $$$$$:  286-block 13
call   20 never executed
    $$$$$:  286-block 14
    $$$$$:  286-block 15
    $$$$$:  286-block 16
call   21 never executed
    $$$$$:  286-block 17
    $$$$$:  286-block 18
    $$$$$:  286-block 19
call   22 never executed
    $$$$$:  286-block 20
    $$$$$:  286-block 21
        7:  287:    service.adaugaMasina("B567DEF", "Ford", "Focus", "SUV");
        1:  287-block  0
call    0 returned 1
branch  1 taken 1 (fallthrough)
branch  2 taken 0 (throw)
        1:  287-block  1
call    3 returned 1
branch  4 taken 1 (fallthrough)
branch  5 taken 0 (throw)
        1:  287-block  2
call    6 returned 1
branch  7 taken 1 (fallthrough)
branch  8 taken 0 (throw)
        1:  287-block  3
call    9 returned 1
branch 10 taken 1 (fallthrough)
branch 11 taken 0 (throw)
        1:  287-block  4
call   12 returned 1
branch 13 taken 1 (fallthrough)
branch 14 taken 0 (throw)
        1:  287-block  5
call   15 returned 1
        1:  287-block  6
call   16 returned 1
        1:  287-block  7
call   17 returned 1
        1:  287-block  8
call   18 returned 1
    $$$$$:  287-block  9
call   19 never executed
    $$$$$:  287-block 10
    $$$$$:  287-block 11
    $$$$$:  287-block 12
call   20 never executed
    $$$$$:  287-block 13
    $$$$$:  287-block 14
    $$$$$:  287-block 15
call   21 never executed
    $$$$$:  287-block 16
    $$$$$:  287-block 17
    $$$$$:  287-block 18
call   22 never executed
    $$$$$:  287-block 19
    $$$$$:  287-block 20
        -:  288:
        1:  289:    service.undo();
        1:  289-block  0
call    0 returned 1
branch  1 taken 1 (fallthrough)
branch  2 taken 0 (throw)
        1:  290:    auto m = service.getAllMasini();
        1:  290-block  0
call    0 returned 1
branch  1 taken 1 (fallthrough)
branch  2 taken 0 (throw)
        1:  290-block  1
call    3 returned 1
branch  4 taken 1 (fallthrough)
branch  5 taken 0 (throw)
        1:  291:    assert(m.size() == 2);
        1:  291-block  0
call    0 returned 1
branch  1 taken 0 (fallthrough)
branch  2 taken 1
    $$$$$:  291-block  1
call    3 never executed
        1:  291-block  2
        1:  292:    assert(m[0].getNrInmatriculare() == "B123XYZ");
        1:  292-block  0
call    0 returned 1
call    1 returned 1
branch  2 taken 1 (fallthrough)
branch  3 taken 0 (throw)
        1:  292-block  1
call    4 returned 1
branch  5 taken 1 (fallthrough)
branch  6 taken 0 (throw)
        1:  292-block  2
branch  7 taken 0 (fallthrough)
branch  8 taken 1
    $$$$$:  292-block  3
call    9 never executed
        1:  292-block  4
        1:  293:    assert(m[1].getNrInmatriculare() == "B456ABC");
        1:  293-block  0
call    0 returned 1
call    1 returned 1
branch  2 taken 1 (fallthrough)
branch  3 taken 0 (throw)
        1:  293-block  1
call    4 returned 1
branch  5 taken 1 (fallthrough)
branch  6 taken 0 (throw)
        1:  293-block  2
branch  7 taken 0 (fallthrough)
branch  8 taken 1
    $$$$$:  293-block  3
call    9 never executed
        1:  293-block  4
        -:  294:
        1:  295:    service.undo();
        1:  295-block  0
call    0 returned 1
branch  1 taken 1 (fallthrough)
branch  2 taken 0 (throw)
        1:  296:    m = service.getAllMasini();
        1:  296-block  0
call    0 returned 1
branch  1 taken 1 (fallthrough)
branch  2 taken 0 (throw)
        1:  296-block  1
call    3 returned 1
branch  4 taken 1 (fallthrough)
branch  5 taken 0 (throw)
        1:  297:    assert(m.size() == 1);
        1:  297-block  0
call    0 returned 1
branch  1 taken 0 (fallthrough)
branch  2 taken 1
    $$$$$:  297-block  1
call    3 never executed
        1:  297-block  2
        1:  298:    assert(m[0].getNrInmatriculare() == "B123XYZ");
        1:  298-block  0
call    0 returned 1
call    1 returned 1
branch  2 taken 1 (fallthrough)
branch  3 taken 0 (throw)
        1:  298-block  1
call    4 returned 1
branch  5 taken 1 (fallthrough)
branch  6 taken 0 (throw)
        1:  298-block  2
branch  7 taken 0 (fallthrough)
branch  8 taken 1
    $$$$$:  298-block  3
call    9 never executed
        1:  298-block  4
        -:  299:
        -:  300:
        1:  301:    service.stergeMasina("B123XYZ");
        1:  301-block  0
call    0 returned 1
branch  1 taken 1 (fallthrough)
branch  2 taken 0 (throw)
        1:  301-block  1
call    3 returned 1
branch  4 taken 1 (fallthrough)
branch  5 taken 0 (throw)
        1:  301-block  2
call    6 returned 1
    $$$$$:  301-block  3
call    7 never executed
    $$$$$:  301-block  4
    $$$$$:  301-block  5
        1:  302:    m = service.getAllMasini();
        1:  302-block  0
call    0 returned 1
branch  1 taken 1 (fallthrough)
branch  2 taken 0 (throw)
        1:  302-block  1
call    3 returned 1
branch  4 taken 1 (fallthrough)
branch  5 taken 0 (throw)
        1:  303:    assert(m.empty());
        1:  303-block  0
call    0 returned 1
branch  1 taken 0 (fallthrough)
branch  2 taken 1
    $$$$$:  303-block  1
call    3 never executed
        1:  303-block  2
        1:  304:    service.undo();
        1:  304-block  0
call    0 returned 1
branch  1 taken 1 (fallthrough)
branch  2 taken 0 (throw)
        1:  305:    m = service.getAllMasini();
        1:  305-block  0
call    0 returned 1
branch  1 taken 1 (fallthrough)
branch  2 taken 0 (throw)
        1:  305-block  1
call    3 returned 1
branch  4 taken 1 (fallthrough)
branch  5 taken 0 (throw)
        1:  306:    assert(m.size() == 1);
        1:  306-block  0
call    0 returned 1
branch  1 taken 0 (fallthrough)
branch  2 taken 1
    $$$$$:  306-block  1
call    3 never executed
        1:  306-block  2
        1:  307:    assert(m[0].getNrInmatriculare() == "B123XYZ");
        1:  307-block  0
call    0 returned 1
call    1 returned 1
branch  2 taken 1 (fallthrough)
branch  3 taken 0 (throw)
        1:  307-block  1
call    4 returned 1
branch  5 taken 1 (fallthrough)
branch  6 taken 0 (throw)
        1:  307-block  2
branch  7 taken 0 (fallthrough)
branch  8 taken 1
    $$$$$:  307-block  3
call    9 never executed
        1:  307-block  4
        -:  308:
        7:  309:    service.modificaMasina("B123XYZ", "Ford", "Focus", "SUV");
        1:  309-block  0
call    0 returned 1
branch  1 taken 1 (fallthrough)
branch  2 taken 0 (throw)
        1:  309-block  1
call    3 returned 1
branch  4 taken 1 (fallthrough)
branch  5 taken 0 (throw)
        1:  309-block  2
call    6 returned 1
branch  7 taken 1 (fallthrough)
branch  8 taken 0 (throw)
        1:  309-block  3
call    9 returned 1
branch 10 taken 1 (fallthrough)
branch 11 taken 0 (throw)
        1:  309-block  4
call   12 returned 1
branch 13 taken 1 (fallthrough)
branch 14 taken 0 (throw)
        1:  309-block  5
call   15 returned 1
        1:  309-block  6
call   16 returned 1
        1:  309-block  7
call   17 returned 1
        1:  309-block  8
call   18 returned 1
    $$$$$:  309-block  9
call   19 never executed
    $$$$$:  309-block 10
    $$$$$:  309-block 11
    $$$$$:  309-block 12
call   20 never executed
    $$$$$:  309-block 13
    $$$$$:  309-block 14
    $$$$$:  309-block 15
call   21 never executed
    $$$$$:  309-block 16
    $$$$$:  309-block 17
    $$$$$:  309-block 18
call   22 never executed
    $$$$$:  309-block 19
    $$$$$:  309-block 20
        1:  310:    m = service.getAllMasini();
        1:  310-block  0
call    0 returned 1
branch  1 taken 1 (fallthrough)
branch  2 taken 0 (throw)
        1:  310-block  1
call    3 returned 1
branch  4 taken 1 (fallthrough)
branch  5 taken 0 (throw)
        1:  311:    assert(m[0].getProducator() == "Ford");
        1:  311-block  0
call    0 returned 1
call    1 returned 1
branch  2 taken 1 (fallthrough)
branch  3 taken 0 (throw)
        1:  311-block  1
call    4 returned 1
branch  5 taken 1 (fallthrough)
branch  6 taken 0 (throw)
        1:  311-block  2
branch  7 taken 0 (fallthrough)
branch  8 taken 1
    $$$$$:  311-block  3
call    9 never executed
        1:  311-block  4
        1:  312:    assert(m[0].getModel() == "Focus");
        1:  312-block  0
call    0 returned 1
call    1 returned 1
branch  2 taken 1 (fallthrough)
branch  3 taken 0 (throw)
        1:  312-block  1
call    4 returned 1
branch  5 taken 1 (fallthrough)
branch  6 taken 0 (throw)
        1:  312-block  2
branch  7 taken 0 (fallthrough)
branch  8 taken 1
    $$$$$:  312-block  3
call    9 never executed
        1:  312-block  4
        1:  313:    assert(m[0].getTip() == "SUV");
        1:  313-block  0
call    0 returned 1
call    1 returned 1
branch  2 taken 1 (fallthrough)
branch  3 taken 0 (throw)
        1:  313-block  1
call    4 returned 1
branch  5 taken 1 (fallthrough)
branch  6 taken 0 (throw)
        1:  313-block  2
branch  7 taken 0 (fallthrough)
branch  8 taken 1
    $$$$$:  313-block  3
call    9 never executed
        1:  313-block  4
        1:  314:   service.undo();
        1:  314-block  0
call    0 returned 1
branch  1 taken 1 (fallthrough)
branch  2 taken 0 (throw)
        1:  315:    m = service.getAllMasini();
        1:  315-block  0
call    0 returned 1
branch  1 taken 1 (fallthrough)
branch  2 taken 0 (throw)
        1:  315-block  1
call    3 returned 1
branch  4 taken 1 (fallthrough)
branch  5 taken 0 (throw)
        1:  316:    std::cout << m[0].getProducator() << m[0].getModel() << m[0].getTip();
        1:  316-block  0
call    0 returned 1
call    1 returned 1
branch  2 taken 1 (fallthrough)
branch  3 taken 0 (throw)
        1:  316-block  1
call    4 returned 1
branch  5 taken 1 (fallthrough)
branch  6 taken 0 (throw)
        1:  316-block  2
call    7 returned 1
call    8 returned 1
branch  9 taken 1 (fallthrough)
branch 10 taken 0 (throw)
        1:  316-block  3
call   11 returned 1
branch 12 taken 1 (fallthrough)
branch 13 taken 0 (throw)
        1:  316-block  4
call   14 returned 1
call   15 returned 1
branch 16 taken 1 (fallthrough)
branch 17 taken 0 (throw)
        1:  316-block  5
call   18 returned 1
branch 19 taken 1 (fallthrough)
branch 20 taken 0 (throw)
        1:  317:    assert(m[0].getProducator() == "Toyota");
        1:  317-block  0
call    0 returned 1
call    1 returned 1
branch  2 taken 1 (fallthrough)
branch  3 taken 0 (throw)
        1:  317-block  1
call    4 returned 1
branch  5 taken 1 (fallthrough)
branch  6 taken 0 (throw)
        1:  317-block  2
branch  7 taken 0 (fallthrough)
branch  8 taken 1
    $$$$$:  317-block  3
call    9 never executed
        1:  317-block  4
        1:  318:    assert(m[0].getModel() == "Corolla");
        1:  318-block  0
call    0 returned 1
call    1 returned 1
branch  2 taken 1 (fallthrough)
branch  3 taken 0 (throw)
        1:  318-block  1
call    4 returned 1
branch  5 taken 1 (fallthrough)
branch  6 taken 0 (throw)
        1:  318-block  2
branch  7 taken 0 (fallthrough)
branch  8 taken 1
    $$$$$:  318-block  3
call    9 never executed
        1:  318-block  4
        1:  319:    assert(m[0].getTip() == "Sedan");
        1:  319-block  0
call    0 returned 1
call    1 returned 1
branch  2 taken 1 (fallthrough)
branch  3 taken 0 (throw)
        1:  319-block  1
call    4 returned 1
branch  5 taken 1 (fallthrough)
branch  6 taken 0 (throw)
        1:  319-block  2
branch  7 taken 0 (fallthrough)
branch  8 taken 1
    $$$$$:  319-block  3
call    9 never executed
        1:  319-block  4
        -:  320:
        1:  321:    std::cout << "Test ServiceUndo passed!\n";
        1:  321-block  0
call    0 returned 1
branch  1 taken 1 (fallthrough)
branch  2 taken 0 (throw)
        1:  322:}
        1:  322-block  0
call    0 returned 1
call    1 returned 1
call    2 returned 1
    $$$$$:  322-block  1
call    3 never executed
    $$$$$:  322-block  2
call    4 never executed
    $$$$$:  322-block  3
call    5 never executed
        -:  323:
        -:  324:
function _ZN5Teste18testMasinaRepoFileEv called 1 returned 100% blocks executed 56%
        1:  325:void Teste::testMasinaRepoFile() {
        1:  325-block  0
        1:  326:    std::string fileName = "test_masini.csv";
        1:  326-block  0
call    0 returned 1
branch  1 taken 1 (fallthrough)
branch  2 taken 0 (throw)
    $$$$$:  326-block  1
        1:  327:    std::ofstream out(fileName);
        1:  327-block  0
call    0 returned 1
branch  1 taken 1 (fallthrough)
branch  2 taken 0 (throw)
        1:  328:    MasinaRepoFile repo{fileName};
        1:  328-block  0
call    0 returned 1
branch  1 taken 1 (fallthrough)
branch  2 taken 0 (throw)
        -:  329:
       1*:  330:    assert(repo.getAll().empty());
        1:  330-block  0
call    0 returned 1
branch  1 taken 1 (fallthrough)
branch  2 taken 0 (throw)
        1:  330-block  1
call    3 returned 1
branch  4 taken 0 (fallthrough)
branch  5 taken 1
    %%%%%:  330-block  2
call    6 never executed
        1:  330-block  3
        -:  331:
        -:  332:    // Adăugăm o mașină
        7:  333:    Masina m1{"CJ01ABC", "BMW", "X5", "SUV"};
        1:  333-block  0
call    0 returned 1
branch  1 taken 1 (fallthrough)
branch  2 taken 0 (throw)
        1:  333-block  1
call    3 returned 1
branch  4 taken 1 (fallthrough)
branch  5 taken 0 (throw)
        1:  333-block  2
call    6 returned 1
branch  7 taken 1 (fallthrough)
branch  8 taken 0 (throw)
        1:  333-block  3
call    9 returned 1
branch 10 taken 1 (fallthrough)
branch 11 taken 0 (throw)
        1:  333-block  4
call   12 returned 1
branch 13 taken 1 (fallthrough)
branch 14 taken 0 (throw)
        1:  333-block  5
call   15 returned 1
        1:  333-block  6
call   16 returned 1
        1:  333-block  7
call   17 returned 1
        1:  333-block  8
call   18 returned 1
    $$$$$:  333-block  9
call   19 never executed
    $$$$$:  333-block 10
    $$$$$:  333-block 11
    $$$$$:  333-block 12
call   20 never executed
    $$$$$:  333-block 13
    $$$$$:  333-block 14
    $$$$$:  333-block 15
call   21 never executed
    $$$$$:  333-block 16
    $$$$$:  333-block 17
    $$$$$:  333-block 18
call   22 never executed
    $$$$$:  333-block 19
    $$$$$:  333-block 20
        1:  334:    repo.adauga(m1);
        1:  334-block  0
call    0 returned 1
branch  1 taken 1 (fallthrough)
branch  2 taken 0 (throw)
       1*:  335:    assert(repo.getAll().size() == 1);
        1:  335-block  0
call    0 returned 1
branch  1 taken 1 (fallthrough)
branch  2 taken 0 (throw)
        1:  335-block  1
call    3 returned 1
branch  4 taken 0 (fallthrough)
branch  5 taken 1
    %%%%%:  335-block  2
call    6 never executed
        1:  335-block  3
       1*:  336:    assert(repo.getAll()[0].getNrInmatriculare() == "CJ01ABC");
        1:  336-block  0
call    0 returned 1
branch  1 taken 1 (fallthrough)
branch  2 taken 0 (throw)
        1:  336-block  1
call    3 returned 1
call    4 returned 1
branch  5 taken 1 (fallthrough)
branch  6 taken 0 (throw)
        1:  336-block  2
call    7 returned 1
branch  8 taken 1 (fallthrough)
branch  9 taken 0 (throw)
        1:  336-block  3
branch 10 taken 0 (fallthrough)
branch 11 taken 1
    %%%%%:  336-block  4
call   12 never executed
        1:  336-block  5
        -:  337:
        -:  338:    // Adăugăm altă mașină
        7:  339:    Masina m2{"B123XYZ", "Audi", "A4", "Sedan"};
        1:  339-block  0
call    0 returned 1
branch  1 taken 1 (fallthrough)
branch  2 taken 0 (throw)
        1:  339-block  1
call    3 returned 1
branch  4 taken 1 (fallthrough)
branch  5 taken 0 (throw)
        1:  339-block  2
call    6 returned 1
branch  7 taken 1 (fallthrough)
branch  8 taken 0 (throw)
        1:  339-block  3
call    9 returned 1
branch 10 taken 1 (fallthrough)
branch 11 taken 0 (throw)
        1:  339-block  4
call   12 returned 1
branch 13 taken 1 (fallthrough)
branch 14 taken 0 (throw)
        1:  339-block  5
call   15 returned 1
        1:  339-block  6
call   16 returned 1
        1:  339-block  7
call   17 returned 1
        1:  339-block  8
call   18 returned 1
    $$$$$:  339-block  9
call   19 never executed
    $$$$$:  339-block 10
    $$$$$:  339-block 11
    $$$$$:  339-block 12
call   20 never executed
    $$$$$:  339-block 13
    $$$$$:  339-block 14
    $$$$$:  339-block 15
call   21 never executed
    $$$$$:  339-block 16
    $$$$$:  339-block 17
    $$$$$:  339-block 18
call   22 never executed
    $$$$$:  339-block 19
    $$$$$:  339-block 20
        1:  340:    repo.adauga(m2);
        1:  340-block  0
call    0 returned 1
branch  1 taken 1 (fallthrough)
branch  2 taken 0 (throw)
       1*:  341:    assert(repo.getAll().size() == 2);
        1:  341-block  0
call    0 returned 1
branch  1 taken 1 (fallthrough)
branch  2 taken 0 (throw)
        1:  341-block  1
call    3 returned 1
branch  4 taken 0 (fallthrough)
branch  5 taken 1
    %%%%%:  341-block  2
call    6 never executed
        1:  341-block  3
        -:  342:
        -:  343:    // Modificăm prima mașină
        7:  344:    Masina m1Modificat{"CJ01ABC", "BMW", "X6", "SUV"};
        1:  344-block  0
call    0 returned 1
branch  1 taken 1 (fallthrough)
branch  2 taken 0 (throw)
        1:  344-block  1
call    3 returned 1
branch  4 taken 1 (fallthrough)
branch  5 taken 0 (throw)
        1:  344-block  2
call    6 returned 1
branch  7 taken 1 (fallthrough)
branch  8 taken 0 (throw)
        1:  344-block  3
call    9 returned 1
branch 10 taken 1 (fallthrough)
branch 11 taken 0 (throw)
        1:  344-block  4
call   12 returned 1
branch 13 taken 1 (fallthrough)
branch 14 taken 0 (throw)
        1:  344-block  5
call   15 returned 1
        1:  344-block  6
call   16 returned 1
        1:  344-block  7
call   17 returned 1
        1:  344-block  8
call   18 returned 1
    $$$$$:  344-block  9
call   19 never executed
    $$$$$:  344-block 10
    $$$$$:  344-block 11
    $$$$$:  344-block 12
call   20 never executed
    $$$$$:  344-block 13
    $$$$$:  344-block 14
    $$$$$:  344-block 15
call   21 never executed
    $$$$$:  344-block 16
    $$$$$:  344-block 17
    $$$$$:  344-block 18
call   22 never executed
    $$$$$:  344-block 19
    $$$$$:  344-block 20
        1:  345:    repo.modifica(m1Modificat);
        1:  345-block  0
call    0 returned 1
branch  1 taken 1 (fallthrough)
branch  2 taken 0 (throw)
       1*:  346:    assert(repo.getAll()[0].getModel() == "X6");
        1:  346-block  0
call    0 returned 1
branch  1 taken 1 (fallthrough)
branch  2 taken 0 (throw)
        1:  346-block  1
call    3 returned 1
call    4 returned 1
branch  5 taken 1 (fallthrough)
branch  6 taken 0 (throw)
        1:  346-block  2
call    7 returned 1
branch  8 taken 1 (fallthrough)
branch  9 taken 0 (throw)
        1:  346-block  3
branch 10 taken 0 (fallthrough)
branch 11 taken 1
    %%%%%:  346-block  4
call   12 never executed
        1:  346-block  5
        -:  347:
        -:  348:    // Ștergem a doua mașină
        1:  349:    repo.sterge("B123XYZ");
        1:  349-block  0
call    0 returned 1
branch  1 taken 1 (fallthrough)
branch  2 taken 0 (throw)
        1:  349-block  1
call    3 returned 1
branch  4 taken 1 (fallthrough)
branch  5 taken 0 (throw)
        1:  349-block  2
call    6 returned 1
    $$$$$:  349-block  3
call    7 never executed
    $$$$$:  349-block  4
    $$$$$:  349-block  5
       1*:  350:    assert(repo.getAll().size() == 1);
        1:  350-block  0
call    0 returned 1
branch  1 taken 1 (fallthrough)
branch  2 taken 0 (throw)
        1:  350-block  1
call    3 returned 1
branch  4 taken 0 (fallthrough)
branch  5 taken 1
    %%%%%:  350-block  2
call    6 never executed
        1:  350-block  3
        -:  351:
        -:  352:
        1:  353:    const auto& masini = repo.getAll();
        1:  353-block  0
call    0 returned 1
branch  1 taken 1 (fallthrough)
branch  2 taken 0 (throw)
       1*:  354:    assert(masini.size() == 1);
        1:  354-block  0
call    0 returned 1
branch  1 taken 0 (fallthrough)
branch  2 taken 1
    %%%%%:  354-block  1
call    3 never executed
        1:  354-block  2
       1*:  355:    assert(masini[0].getNrInmatriculare() == "CJ01ABC");
        1:  355-block  0
call    0 returned 1
call    1 returned 1
branch  2 taken 1 (fallthrough)
branch  3 taken 0 (throw)
        1:  355-block  1
call    4 returned 1
branch  5 taken 1 (fallthrough)
branch  6 taken 0 (throw)
        1:  355-block  2
branch  7 taken 0 (fallthrough)
branch  8 taken 1
    %%%%%:  355-block  3
call    9 never executed
        1:  355-block  4
       1*:  356:    assert(masini[0].getModel() == "X6");
        1:  356-block  0
call    0 returned 1
call    1 returned 1
branch  2 taken 1 (fallthrough)
branch  3 taken 0 (throw)
        1:  356-block  1
call    4 returned 1
branch  5 taken 1 (fallthrough)
branch  6 taken 0 (throw)
        1:  356-block  2
branch  7 taken 0 (fallthrough)
branch  8 taken 1
    %%%%%:  356-block  3
call    9 never executed
        1:  356-block  4
        1:  357:    std::cout << "Test MasinaRepoFile passed!\n";
        1:  357-block  0
call    0 returned 1
branch  1 taken 1 (fallthrough)
branch  2 taken 0 (throw)
        1:  358:}
        1:  358-block  0
call    0 returned 1
call    1 returned 1
call    2 returned 1
call    3 returned 1
call    4 returned 1
call    5 returned 1
    $$$$$:  358-block  1
call    6 never executed
    $$$$$:  358-block  2
call    7 never executed
    $$$$$:  358-block  3
call    8 never executed
    $$$$$:  358-block  4
call    9 never executed
    $$$$$:  358-block  5
call   10 never executed
    $$$$$:  358-block  6
call   11 never executed
        -:  359:
        -:  360:// ------------------ Teste din VectorDinamicCPP ------------------
        -:  361:template <typename MyVector>
function _Z15testCopyIterateI4ListI6MasinaEET_S3_ called 1 returned 100% blocks executed 57%
        1:  362:MyVector testCopyIterate(MyVector v) {
      101:  363:    for (auto& el : v) {
        1:  363-block  0
call    0 returned 1
call    1 returned 1
      100:  363-block  1
call    2 returned 100
branch  3 taken 100 (fallthrough)
branch  4 taken 0 (throw)
      100:  363-block  2
call    5 returned 100
call    6 returned 100
      101:  363-block  3
call    7 returned 101
branch  8 taken 101 (fallthrough)
branch  9 taken 0 (throw)
      101:  363-block  4
branch 10 taken 100
branch 11 taken 1 (fallthrough)
      100:  364:        std::string concat = el.getNrInmatriculare() + el.getProducator();
      100:  364-block  0
call    0 returned 100
branch  1 taken 100 (fallthrough)
branch  2 taken 0 (throw)
      100:  364-block  1
call    3 returned 100
branch  4 taken 100 (fallthrough)
branch  5 taken 0 (throw)
      100:  364-block  2
call    6 returned 100
branch  7 taken 100 (fallthrough)
branch  8 taken 0 (throw)
        -:  365:        (void)concat;
        -:  366:    }
        7:  367:    Masina m{ "XX00YYY", "Total", "Concat", "Test" };
        1:  367-block  0
call    0 returned 1
branch  1 taken 1 (fallthrough)
branch  2 taken 0 (throw)
        1:  367-block  1
call    3 returned 1
branch  4 taken 1 (fallthrough)
branch  5 taken 0 (throw)
        1:  367-block  2
call    6 returned 1
branch  7 taken 1 (fallthrough)
branch  8 taken 0 (throw)
        1:  367-block  3
call    9 returned 1
branch 10 taken 1 (fallthrough)
branch 11 taken 0 (throw)
        1:  367-block  4
call   12 returned 1
branch 13 taken 1 (fallthrough)
branch 14 taken 0 (throw)
        1:  367-block  5
call   15 returned 1
        1:  367-block  6
call   16 returned 1
        1:  367-block  7
call   17 returned 1
        1:  367-block  8
call   18 returned 1
    $$$$$:  367-block  9
call   19 never executed
    $$$$$:  367-block 10
    $$$$$:  367-block 11
    $$$$$:  367-block 12
call   20 never executed
    $$$$$:  367-block 13
    $$$$$:  367-block 14
    $$$$$:  367-block 15
call   21 never executed
    $$$$$:  367-block 16
    $$$$$:  367-block 17
    $$$$$:  367-block 18
call   22 never executed
    $$$$$:  367-block 19
    $$$$$:  367-block 20
        1:  368:    v.add(m);
        1:  368-block  0
call    0 returned 1
branch  1 taken 1 (fallthrough)
branch  2 taken 0 (throw)
        2:  369:    return v;
        1:  369-block  0
call    0 returned 1
        1:  369-block  1
        1:  370:}
call    0 returned 1
    $$$$$:  370-block  0
call    1 never executed
        -:  371:
        -:  372:template <typename MyVector>
function _Z9addMasiniI4ListI6MasinaEEvRT_i called 2 returned 100% blocks executed 47%
        2:  373:void addMasini(MyVector& v, int cate) {
      152:  374:    for (int i = 0; i < cate; i++) {
        2:  374-block  0
      150:  374-block  1
call    0 returned 150
      152:  374-block  2
branch  1 taken 150
branch  2 taken 2 (fallthrough)
    $$$$$:  374-block  3
call    3 never executed
      150:  375:        Masina m{
      150:  375-block  0
call    0 returned 150
call    1 returned 150
branch  2 taken 150 (fallthrough)
branch  3 taken 0 (throw)
      150:  375-block  1
call    4 returned 150
branch  5 taken 150 (fallthrough)
branch  6 taken 0 (throw)
      150:  375-block  2
call    7 returned 150
call    8 returned 150
branch  9 taken 150 (fallthrough)
branch 10 taken 0 (throw)
      150:  375-block  3
call   11 returned 150
call   12 returned 150
branch 13 taken 150 (fallthrough)
branch 14 taken 0 (throw)
      150:  375-block  4
call   15 returned 150
call   16 returned 150
branch 17 taken 150 (fallthrough)
branch 18 taken 0 (throw)
      150:  375-block  5
call   19 returned 150
branch 20 taken 150 (fallthrough)
branch 21 taken 0 (throw)
      150:  375-block  6
call   22 returned 150
call   23 returned 150
call   24 returned 150
call   25 returned 150
call   26 returned 150
call   27 returned 150
call   28 returned 150
call   29 returned 150
call   30 returned 150
    $$$$$:  375-block  7
call   31 never executed
    $$$$$:  375-block  8
call   32 never executed
    $$$$$:  375-block  9
    $$$$$:  375-block 10
    $$$$$:  375-block 11
call   33 never executed
    $$$$$:  375-block 12
call   34 never executed
    $$$$$:  375-block 13
    $$$$$:  375-block 14
    $$$$$:  375-block 15
call   35 never executed
    $$$$$:  375-block 16
call   36 never executed
    $$$$$:  375-block 17
    $$$$$:  375-block 18
    $$$$$:  375-block 19
call   37 never executed
    $$$$$:  375-block 20
call   38 never executed
    $$$$$:  375-block 21
call   39 never executed
    $$$$$:  375-block 22
    $$$$$:  375-block 23
    $$$$$:  375-block 24
        -:  376:            "B" + std::to_string(i) + "XYZ",
        -:  377:            "Prod" + std::to_string(i),
        -:  378:            "Model" + std::to_string(i),
        -:  379:            "Tip" + std::to_string(i)
        -:  380:        };
      150:  381:        v.add(m);
call    0 returned 150
branch  1 taken 150 (fallthrough)
branch  2 taken 0 (throw)
        -:  382:    }
        2:  383:}
        2:  383-block  0
        -:  384:
        -:  385:template <typename MyVector>
function _Z20testCreateCopyAssignI4ListI6MasinaEEvv called 1 returned 100% blocks executed 71%
        1:  386:void testCreateCopyAssign() {
        1:  387:    MyVector v; // default constructor
        1:  387-block  0
call    0 returned 1
        1:  388:    addMasini(v, 100);
call    0 returned 1
branch  1 taken 1 (fallthrough)
branch  2 taken 0 (throw)
       1*:  389:    assert(v.getSize() == 100);
        1:  389-block  0
call    0 returned 1
branch  1 taken 0 (fallthrough)
branch  2 taken 1
    %%%%%:  389-block  1
call    3 never executed
        1:  389-block  2
       1*:  390:    assert(v.get(50).getProducator() == "Prod50");
        1:  390-block  0
call    0 returned 1
branch  1 taken 1 (fallthrough)
branch  2 taken 0 (throw)
        1:  390-block  1
call    3 returned 1
branch  4 taken 1 (fallthrough)
branch  5 taken 0 (throw)
        1:  390-block  2
call    6 returned 1
branch  7 taken 1 (fallthrough)
branch  8 taken 0 (throw)
        1:  390-block  3
branch  9 taken 0 (fallthrough)
branch 10 taken 1
    %%%%%:  390-block  4
call   11 never executed
        1:  390-block  5
        -:  391:
        1:  392:    MyVector v2{ v }; // copy constructor
        1:  392-block  0
call    0 returned 1
branch  1 taken 1 (fallthrough)
branch  2 taken 0 (throw)
       1*:  393:    assert(v2.getSize() == 100);
        1:  393-block  0
call    0 returned 1
branch  1 taken 0 (fallthrough)
branch  2 taken 1
    %%%%%:  393-block  1
call    3 never executed
        1:  393-block  2
       1*:  394:    assert(v2.get(50).getProducator() == "Prod50");
        1:  394-block  0
call    0 returned 1
branch  1 taken 1 (fallthrough)
branch  2 taken 0 (throw)
        1:  394-block  1
call    3 returned 1
branch  4 taken 1 (fallthrough)
branch  5 taken 0 (throw)
        1:  394-block  2
call    6 returned 1
branch  7 taken 1 (fallthrough)
branch  8 taken 0 (throw)
        1:  394-block  3
branch  9 taken 0 (fallthrough)
branch 10 taken 1
    %%%%%:  394-block  4
call   11 never executed
        1:  394-block  5
        -:  395:
        1:  396:    MyVector v3; // default constructor
        1:  396-block  0
call    0 returned 1
        1:  397:    v3 = v; // assignment
call    0 returned 1
branch  1 taken 1 (fallthrough)
branch  2 taken 0 (throw)
       1*:  398:    assert(v3.getSize() == 100);
        1:  398-block  0
call    0 returned 1
branch  1 taken 0 (fallthrough)
branch  2 taken 1
    %%%%%:  398-block  1
call    3 never executed
        1:  398-block  2
       1*:  399:    assert(v3.get(50).getProducator() == "Prod50");
        1:  399-block  0
call    0 returned 1
branch  1 taken 1 (fallthrough)
branch  2 taken 0 (throw)
        1:  399-block  1
call    3 returned 1
branch  4 taken 1 (fallthrough)
branch  5 taken 0 (throw)
        1:  399-block  2
call    6 returned 1
branch  7 taken 1 (fallthrough)
branch  8 taken 0 (throw)
        1:  399-block  3
branch  9 taken 0 (fallthrough)
branch 10 taken 1
    %%%%%:  399-block  4
call   11 never executed
        1:  399-block  5
        -:  400:
        1:  401:    auto v4 = testCopyIterate(v3);
        1:  401-block  0
call    0 returned 1
branch  1 taken 1 (fallthrough)
branch  2 taken 0 (throw)
        1:  401-block  1
call    3 returned 1
branch  4 taken 1 (fallthrough)
branch  5 taken 0 (throw)
        1:  401-block  2
call    6 returned 1
    $$$$$:  401-block  3
call    7 never executed
    $$$$$:  401-block  4
       1*:  402:    assert(v4.getSize() == 101);
call    0 returned 1
branch  1 taken 0 (fallthrough)
branch  2 taken 1
    %%%%%:  402-block  0
call    3 never executed
        1:  402-block  1
       1*:  403:    assert(v4.get(50).getProducator() == "Prod50");
        1:  403-block  0
call    0 returned 1
branch  1 taken 1 (fallthrough)
branch  2 taken 0 (throw)
        1:  403-block  1
call    3 returned 1
branch  4 taken 1 (fallthrough)
branch  5 taken 0 (throw)
        1:  403-block  2
call    6 returned 1
branch  7 taken 1 (fallthrough)
branch  8 taken 0 (throw)
        1:  403-block  3
branch  9 taken 0 (fallthrough)
branch 10 taken 1
    %%%%%:  403-block  4
call   11 never executed
        1:  403-block  5
        -:  404:
        1:  405:    std::cout << "Test copy, assignment, and iteration passed.\n";
        1:  405-block  0
call    0 returned 1
branch  1 taken 1 (fallthrough)
branch  2 taken 0 (throw)
        1:  406:}
        1:  406-block  0
call    0 returned 1
call    1 returned 1
call    2 returned 1
call    3 returned 1
    $$$$$:  406-block  1
call    4 never executed
    $$$$$:  406-block  2
call    5 never executed
    $$$$$:  406-block  3
call    6 never executed
    $$$$$:  406-block  4
call    7 never executed
        -:  407:
        -:  408:template <typename MyVector>
function _Z23testMoveConstrAssgnmentI4ListI6MasinaEEvv called 1 returned 100% blocks executed 63%
        1:  409:void testMoveConstrAssgnment() {
        1:  410:    std::vector<MyVector> v;
        1:  411:    v.push_back(MyVector{});
        1:  411-block  0
call    0 returned 1
call    1 returned 1
branch  2 taken 1 (fallthrough)
branch  3 taken 0 (throw)
        1:  411-block  1
call    4 returned 1
    $$$$$:  411-block  2
call    5 never executed
    $$$$$:  411-block  3
        1:  412:    v.insert(v.begin(), MyVector{});
call    0 returned 1
call    1 returned 1
call    2 returned 1
call    3 returned 1
branch  4 taken 1 (fallthrough)
branch  5 taken 0 (throw)
        1:  412-block  0
call    6 returned 1
    $$$$$:  412-block  1
    $$$$$:  412-block  2
    $$$$$:  412-block  3
call    7 never executed
    $$$$$:  412-block  4
        -:  413:
       1*:  414:    assert(v.size() == 2);
call    0 returned 1
branch  1 taken 0 (fallthrough)
branch  2 taken 1
    %%%%%:  414-block  0
call    3 never executed
        1:  414-block  1
        -:  415:
        1:  416:    MyVector v2;
        1:  416-block  0
call    0 returned 1
        1:  417:    addMasini(v2, 50);
call    0 returned 1
branch  1 taken 1 (fallthrough)
branch  2 taken 0 (throw)
        1:  418:    v2 = MyVector{}; // move assignment
        1:  418-block  0
call    0 returned 1
call    1 returned 1
call    2 returned 1
       1*:  419:    assert(v2.getSize() == 0);
call    0 returned 1
branch  1 taken 0 (fallthrough)
branch  2 taken 1
    %%%%%:  419-block  0
call    3 never executed
        1:  419-block  1
        -:  420:
        1:  421:    std::cout << "Test move constructor and assignment passed.\n";
        1:  421-block  0
call    0 returned 1
branch  1 taken 1 (fallthrough)
branch  2 taken 0 (throw)
        1:  422:}
        1:  422-block  0
call    0 returned 1
call    1 returned 1
    $$$$$:  422-block  1
call    2 never executed
    $$$$$:  422-block  2
call    3 never executed
        -:  423:// ------------------ Funcție principală pentru a rula testele ------------------
        -:  424:
function _ZN5Teste8runTestsEv called 1 returned 100% blocks executed 100%
        1:  425:void Teste::runTests() {
        1:  426:    testCreateCopyAssign<List<Masina>>();
        1:  426-block  0
call    0 returned 1
        1:  427:    testMoveConstrAssgnment<List<Masina>>();
call    0 returned 1
        1:  428:    testMasina();
call    0 returned 1
        1:  429:    testMasinaRepo();
call    0 returned 1
        1:  430:    testMasinaService();
call    0 returned 1
        1:  431:    testServiceSpalatorie();
call    0 returned 1
        1:  432:    testMasinaRepoFile();
call    0 returned 1
        1:  433:    testServiceUndo();
call    0 returned 1
        1:  434:    std::cout << "Toate testele au trecut cu succes!\n";
call    0 returned 1
        1:  435:}
