        -:    0:Source:C:/Users/lupse/CLionProjects/POO/Lab9/ui.cpp
        -:    0:Graph:C:\Users\lupse\CLionProjects\POO\Lab9\cmake-build-debug-coverage\CMakeFiles\Lab6.dir\ui.cpp.gcno
        -:    0:Data:C:\Users\lupse\CLionProjects\POO\Lab9\cmake-build-debug-coverage\CMakeFiles\Lab6.dir\ui.cpp.gcda
        -:    0:Runs:1
        -:    1://
        -:    2:// Created by lupse on 4/7/2025.
        -:    3://
        -:    4:#include "ui.h"
        -:    5:#include <iostream>
        -:    6:
function _ZN8MasinaUI8adaugaUIEv called 0 returned 0% blocks executed 0%
    #####:    7:void MasinaUI::adaugaUI() {
    #####:    8:    std::string nr, prod, mod, tip;
    %%%%%:    8-block  0
call    0 never executed
call    1 never executed
call    2 never executed
call    3 never executed
    #####:    9:    std::cout << "Nr inmatriculare: "; std::cin >> nr;
call    0 never executed
branch  1 never executed (fallthrough)
branch  2 never executed (throw)
    %%%%%:    9-block  0
call    3 never executed
branch  4 never executed (fallthrough)
branch  5 never executed (throw)
    #####:   10:    std::cout << "Producator: "; std::cin >> prod;
    %%%%%:   10-block  0
call    0 never executed
branch  1 never executed (fallthrough)
branch  2 never executed (throw)
    %%%%%:   10-block  1
call    3 never executed
branch  4 never executed (fallthrough)
branch  5 never executed (throw)
    #####:   11:    std::cout << "Model: "; std::cin >> mod;
    %%%%%:   11-block  0
call    0 never executed
branch  1 never executed (fallthrough)
branch  2 never executed (throw)
    %%%%%:   11-block  1
call    3 never executed
branch  4 never executed (fallthrough)
branch  5 never executed (throw)
    #####:   12:    std::cout << "Tip: "; std::cin >> tip;
    %%%%%:   12-block  0
call    0 never executed
branch  1 never executed (fallthrough)
branch  2 never executed (throw)
    %%%%%:   12-block  1
call    3 never executed
branch  4 never executed (fallthrough)
branch  5 never executed (throw)
        -:   13:    try {
    #####:   14:        service.adaugaMasina(nr, prod, mod, tip);
    %%%%%:   14-block  0
call    0 never executed
branch  1 never executed (fallthrough)
branch  2 never executed (throw)
    =====:   15:    } catch (const std::exception& e) {
    $$$$$:   15-block  0
branch  0 never executed (fallthrough)
branch  1 never executed
    $$$$$:   15-block  1
call    2 never executed
    =====:   16:        std::cout << "Eroare: " << e.what() << "\n";
call    0 never executed
branch  1 never executed (fallthrough)
branch  2 never executed (throw)
    $$$$$:   16-block  0
call    3 never executed
call    4 never executed
branch  5 never executed (fallthrough)
branch  6 never executed (throw)
    $$$$$:   16-block  1
call    7 never executed
branch  8 never executed (fallthrough)
branch  9 never executed (throw)
    =====:   17:    }
    $$$$$:   17-block  0
call    0 never executed
    $$$$$:   17-block  1
call    1 never executed
    #####:   18:}
    %%%%%:   18-block  0
call    0 never executed
call    1 never executed
call    2 never executed
call    3 never executed
    $$$$$:   18-block  1
call    4 never executed
    $$$$$:   18-block  2
call    5 never executed
    $$$$$:   18-block  3
call    6 never executed
    $$$$$:   18-block  4
call    7 never executed
        -:   19:
function _ZN8MasinaUI8stergeUIEv called 0 returned 0% blocks executed 0%
    #####:   20:void MasinaUI::stergeUI() {
    #####:   21:    std::string nr;
    %%%%%:   21-block  0
call    0 never executed
    #####:   22:    std::cout << "Nr inmatriculare: "; std::cin >> nr;
call    0 never executed
branch  1 never executed (fallthrough)
branch  2 never executed (throw)
    %%%%%:   22-block  0
call    3 never executed
branch  4 never executed (fallthrough)
branch  5 never executed (throw)
        -:   23:    try {
    #####:   24:        service.stergeMasina(nr);
    %%%%%:   24-block  0
call    0 never executed
branch  1 never executed (fallthrough)
branch  2 never executed (throw)
    =====:   25:    } catch (const std::exception& e) {
    $$$$$:   25-block  0
branch  0 never executed (fallthrough)
branch  1 never executed
    $$$$$:   25-block  1
call    2 never executed
    =====:   26:        std::cout << "Eroare: " << e.what() << "\n";
call    0 never executed
branch  1 never executed (fallthrough)
branch  2 never executed (throw)
    $$$$$:   26-block  0
call    3 never executed
call    4 never executed
branch  5 never executed (fallthrough)
branch  6 never executed (throw)
    $$$$$:   26-block  1
call    7 never executed
branch  8 never executed (fallthrough)
branch  9 never executed (throw)
    =====:   27:    }
    $$$$$:   27-block  0
call    0 never executed
    $$$$$:   27-block  1
call    1 never executed
    #####:   28:}
    %%%%%:   28-block  0
call    0 never executed
    $$$$$:   28-block  1
call    1 never executed
        -:   29:
function _ZN8MasinaUI10modificaUIEv called 0 returned 0% blocks executed 0%
    #####:   30:void MasinaUI::modificaUI() {
    #####:   31:    std::string nr, prod, mod, tip;
    %%%%%:   31-block  0
call    0 never executed
call    1 never executed
call    2 never executed
call    3 never executed
    #####:   32:    std::cout << "Nr inmatriculare: "; std::cin >> nr;
call    0 never executed
branch  1 never executed (fallthrough)
branch  2 never executed (throw)
    %%%%%:   32-block  0
call    3 never executed
branch  4 never executed (fallthrough)
branch  5 never executed (throw)
    #####:   33:    std::cout << "Noul producator: "; std::cin >> prod;
    %%%%%:   33-block  0
call    0 never executed
branch  1 never executed (fallthrough)
branch  2 never executed (throw)
    %%%%%:   33-block  1
call    3 never executed
branch  4 never executed (fallthrough)
branch  5 never executed (throw)
    #####:   34:    std::cout << "Noul model: "; std::cin >> mod;
    %%%%%:   34-block  0
call    0 never executed
branch  1 never executed (fallthrough)
branch  2 never executed (throw)
    %%%%%:   34-block  1
call    3 never executed
branch  4 never executed (fallthrough)
branch  5 never executed (throw)
    #####:   35:    std::cout << "Noul tip: "; std::cin >> tip;
    %%%%%:   35-block  0
call    0 never executed
branch  1 never executed (fallthrough)
branch  2 never executed (throw)
    %%%%%:   35-block  1
call    3 never executed
branch  4 never executed (fallthrough)
branch  5 never executed (throw)
        -:   36:    try {
    #####:   37:        service.modificaMasina(nr, prod, mod, tip);
    %%%%%:   37-block  0
call    0 never executed
branch  1 never executed (fallthrough)
branch  2 never executed (throw)
    =====:   38:    } catch (const std::exception& e) {
    $$$$$:   38-block  0
branch  0 never executed (fallthrough)
branch  1 never executed
    $$$$$:   38-block  1
call    2 never executed
    =====:   39:        std::cout << "Eroare: " << e.what() << "\n";
call    0 never executed
branch  1 never executed (fallthrough)
branch  2 never executed (throw)
    $$$$$:   39-block  0
call    3 never executed
call    4 never executed
branch  5 never executed (fallthrough)
branch  6 never executed (throw)
    $$$$$:   39-block  1
call    7 never executed
branch  8 never executed (fallthrough)
branch  9 never executed (throw)
    =====:   40:    }
    $$$$$:   40-block  0
call    0 never executed
    $$$$$:   40-block  1
call    1 never executed
    #####:   41:}
    %%%%%:   41-block  0
call    0 never executed
call    1 never executed
call    2 never executed
call    3 never executed
    $$$$$:   41-block  1
call    4 never executed
    $$$$$:   41-block  2
call    5 never executed
    $$$$$:   41-block  3
call    6 never executed
    $$$$$:   41-block  4
call    7 never executed
        -:   42:
function _ZN8MasinaUI7cautaUIEv called 0 returned 0% blocks executed 0%
    #####:   43:void MasinaUI::cautaUI() {
    #####:   44:    std::string nr;
    %%%%%:   44-block  0
call    0 never executed
    #####:   45:    std::cout << "Nr inmatriculare: "; std::cin >> nr;
call    0 never executed
branch  1 never executed (fallthrough)
branch  2 never executed (throw)
    %%%%%:   45-block  0
call    3 never executed
branch  4 never executed (fallthrough)
branch  5 never executed (throw)
        -:   46:    try {
    #####:   47:        const auto& m = service.cautaMasina(nr);
    %%%%%:   47-block  0
call    0 never executed
branch  1 never executed (fallthrough)
branch  2 never executed (throw)
    #####:   48:        std::cout << m.getNrInmatriculare() << " " << m.getProducator()
    %%%%%:   48-block  0
call    0 never executed
branch  1 never executed (fallthrough)
branch  2 never executed (throw)
    #####:   49:                  << " " << m.getModel() << " " << m.getTip() << "\n";
    %%%%%:   49-block  0
call    0 never executed
branch  1 never executed (fallthrough)
branch  2 never executed (throw)
    %%%%%:   49-block  1
call    3 never executed
branch  4 never executed (fallthrough)
branch  5 never executed (throw)
    %%%%%:   49-block  2
call    6 never executed
branch  7 never executed (fallthrough)
branch  8 never executed (throw)
    %%%%%:   49-block  3
call    9 never executed
branch 10 never executed (fallthrough)
branch 11 never executed (throw)
    %%%%%:   49-block  4
call   12 never executed
branch 13 never executed (fallthrough)
branch 14 never executed (throw)
    %%%%%:   49-block  5
call   15 never executed
branch 16 never executed (fallthrough)
branch 17 never executed (throw)
    %%%%%:   49-block  6
call   18 never executed
branch 19 never executed (fallthrough)
branch 20 never executed (throw)
    %%%%%:   49-block  7
call   21 never executed
branch 22 never executed (fallthrough)
branch 23 never executed (throw)
    %%%%%:   49-block  8
call   24 never executed
branch 25 never executed (fallthrough)
branch 26 never executed (throw)
    %%%%%:   49-block  9
call   27 never executed
branch 28 never executed (fallthrough)
branch 29 never executed (throw)
    %%%%%:   49-block 10
call   30 never executed
branch 31 never executed (fallthrough)
branch 32 never executed (throw)
    =====:   50:    } catch (const std::exception& e) {
    $$$$$:   50-block  0
branch  0 never executed (fallthrough)
branch  1 never executed
    $$$$$:   50-block  1
call    2 never executed
    =====:   51:        std::cout << "Eroare: " << e.what() << "\n";
call    0 never executed
branch  1 never executed (fallthrough)
branch  2 never executed (throw)
    $$$$$:   51-block  0
call    3 never executed
call    4 never executed
branch  5 never executed (fallthrough)
branch  6 never executed (throw)
    $$$$$:   51-block  1
call    7 never executed
branch  8 never executed (fallthrough)
branch  9 never executed (throw)
    =====:   52:    }
    $$$$$:   52-block  0
call    0 never executed
    $$$$$:   52-block  1
call    1 never executed
    #####:   53:}
    %%%%%:   53-block  0
call    0 never executed
    $$$$$:   53-block  1
call    1 never executed
        -:   54:
function _ZNK8MasinaUI13afiseazaToateEv called 0 returned 0% blocks executed 0%
    #####:   55:void MasinaUI::afiseazaToate() const {
    #####:   56:    for (const auto& m : service.getAllMasini()) {
    %%%%%:   56-block  0
call    0 never executed
branch  1 never executed (fallthrough)
branch  2 never executed (throw)
    %%%%%:   56-block  1
call    3 never executed
call    4 never executed
    %%%%%:   56-block  2
call    5 never executed
    %%%%%:   56-block  3
call    6 never executed
    %%%%%:   56-block  4
call    7 never executed
branch  8 never executed
branch  9 never executed (fallthrough)
    #####:   57:        std::cout << m.getNrInmatriculare() << " " << m.getProducator()
call    0 never executed
branch  1 never executed (fallthrough)
branch  2 never executed (throw)
    #####:   58:                  << " " << m.getModel() << " " << m.getTip() << "\n";
    %%%%%:   58-block  0
call    0 never executed
branch  1 never executed (fallthrough)
branch  2 never executed (throw)
    %%%%%:   58-block  1
call    3 never executed
branch  4 never executed (fallthrough)
branch  5 never executed (throw)
    %%%%%:   58-block  2
call    6 never executed
branch  7 never executed (fallthrough)
branch  8 never executed (throw)
    %%%%%:   58-block  3
call    9 never executed
branch 10 never executed (fallthrough)
branch 11 never executed (throw)
    %%%%%:   58-block  4
call   12 never executed
branch 13 never executed (fallthrough)
branch 14 never executed (throw)
    %%%%%:   58-block  5
call   15 never executed
branch 16 never executed (fallthrough)
branch 17 never executed (throw)
    %%%%%:   58-block  6
call   18 never executed
branch 19 never executed (fallthrough)
branch 20 never executed (throw)
    %%%%%:   58-block  7
call   21 never executed
branch 22 never executed (fallthrough)
branch 23 never executed (throw)
    %%%%%:   58-block  8
call   24 never executed
branch 25 never executed (fallthrough)
branch 26 never executed (throw)
    %%%%%:   58-block  9
call   27 never executed
branch 28 never executed (fallthrough)
branch 29 never executed (throw)
    %%%%%:   58-block 10
call   30 never executed
branch 31 never executed (fallthrough)
branch 32 never executed (throw)
        -:   59:    }
    #####:   60:}
    %%%%%:   60-block  0
        -:   61:
function _ZNK8MasinaUI10filtrareUIEv called 0 returned 0% blocks executed 0%
    #####:   62:void MasinaUI::filtrareUI() const {
    #####:   63:    std::vector<Masina> filteredMasini;
        -:   64:    int cmd;
    #####:   65:    std::cout << "1.Dupa Producator\n2.Dupa Tip\n0.Exit\n"; std::cin >> cmd;
    %%%%%:   65-block  0
call    0 never executed
branch  1 never executed (fallthrough)
branch  2 never executed (throw)
    %%%%%:   65-block  1
call    3 never executed
branch  4 never executed (fallthrough)
branch  5 never executed (throw)
    #####:   66:    switch (cmd) {
    %%%%%:   66-block  0
branch  0 never executed
branch  1 never executed
branch  2 never executed
branch  3 never executed
    #####:   67:        case 1: {
    #####:   68:            std::string producator;
    %%%%%:   68-block  0
call    0 never executed
    #####:   69:            std::cout << "Producator: "; std::cin >> producator;
call    0 never executed
branch  1 never executed (fallthrough)
branch  2 never executed (throw)
    %%%%%:   69-block  0
call    3 never executed
branch  4 never executed (fallthrough)
branch  5 never executed (throw)
    #####:   70:            filteredMasini = service.getFilteredMasiniByProducator(producator);
    %%%%%:   70-block  0
call    0 never executed
branch  1 never executed (fallthrough)
branch  2 never executed (throw)
    %%%%%:   70-block  1
call    3 never executed
call    4 never executed
    $$$$$:   70-block  2
    #####:   71:            for (const auto& m : filteredMasini) {
call    0 never executed
call    1 never executed
    %%%%%:   71-block  0
call    2 never executed
    %%%%%:   71-block  1
call    3 never executed
    %%%%%:   71-block  2
call    4 never executed
branch  5 never executed
branch  6 never executed (fallthrough)
    #####:   72:                std::cout << m.getNrInmatriculare() << " " << m.getProducator()
call    0 never executed
branch  1 never executed (fallthrough)
branch  2 never executed (throw)
    #####:   73:                          << " " << m.getModel() << " " << m.getTip() << "\n";
    %%%%%:   73-block  0
call    0 never executed
branch  1 never executed (fallthrough)
branch  2 never executed (throw)
    %%%%%:   73-block  1
call    3 never executed
branch  4 never executed (fallthrough)
branch  5 never executed (throw)
    %%%%%:   73-block  2
call    6 never executed
branch  7 never executed (fallthrough)
branch  8 never executed (throw)
    %%%%%:   73-block  3
call    9 never executed
branch 10 never executed (fallthrough)
branch 11 never executed (throw)
    %%%%%:   73-block  4
call   12 never executed
branch 13 never executed (fallthrough)
branch 14 never executed (throw)
    %%%%%:   73-block  5
call   15 never executed
branch 16 never executed (fallthrough)
branch 17 never executed (throw)
    %%%%%:   73-block  6
call   18 never executed
branch 19 never executed (fallthrough)
branch 20 never executed (throw)
    %%%%%:   73-block  7
call   21 never executed
branch 22 never executed (fallthrough)
branch 23 never executed (throw)
    %%%%%:   73-block  8
call   24 never executed
branch 25 never executed (fallthrough)
branch 26 never executed (throw)
    %%%%%:   73-block  9
call   27 never executed
branch 28 never executed (fallthrough)
branch 29 never executed (throw)
    %%%%%:   73-block 10
call   30 never executed
branch 31 never executed (fallthrough)
branch 32 never executed (throw)
        -:   74:            }
    #####:   75:            break;
    %%%%%:   75-block  0
    #####:   76:        }
    %%%%%:   76-block  0
call    0 never executed
    $$$$$:   76-block  1
call    1 never executed
    #####:   77:        case 2: {
    #####:   78:            std::string tip;
    %%%%%:   78-block  0
call    0 never executed
    #####:   79:            std::cout << "Tip: "; std::cin >> tip;
call    0 never executed
branch  1 never executed (fallthrough)
branch  2 never executed (throw)
    %%%%%:   79-block  0
call    3 never executed
branch  4 never executed (fallthrough)
branch  5 never executed (throw)
    #####:   80:            filteredMasini = service.getFilteredMasiniByTip(tip);
    %%%%%:   80-block  0
call    0 never executed
branch  1 never executed (fallthrough)
branch  2 never executed (throw)
    %%%%%:   80-block  1
call    3 never executed
call    4 never executed
    $$$$$:   80-block  2
    #####:   81:            for (const auto& m : filteredMasini) {
call    0 never executed
call    1 never executed
    %%%%%:   81-block  0
call    2 never executed
    %%%%%:   81-block  1
call    3 never executed
    %%%%%:   81-block  2
call    4 never executed
branch  5 never executed
branch  6 never executed (fallthrough)
    #####:   82:                std::cout << m.getNrInmatriculare() << " " << m.getProducator()
call    0 never executed
branch  1 never executed (fallthrough)
branch  2 never executed (throw)
    #####:   83:                          << " " << m.getModel() << " " << m.getTip() << "\n";
    %%%%%:   83-block  0
call    0 never executed
branch  1 never executed (fallthrough)
branch  2 never executed (throw)
    %%%%%:   83-block  1
call    3 never executed
branch  4 never executed (fallthrough)
branch  5 never executed (throw)
    %%%%%:   83-block  2
call    6 never executed
branch  7 never executed (fallthrough)
branch  8 never executed (throw)
    %%%%%:   83-block  3
call    9 never executed
branch 10 never executed (fallthrough)
branch 11 never executed (throw)
    %%%%%:   83-block  4
call   12 never executed
branch 13 never executed (fallthrough)
branch 14 never executed (throw)
    %%%%%:   83-block  5
call   15 never executed
branch 16 never executed (fallthrough)
branch 17 never executed (throw)
    %%%%%:   83-block  6
call   18 never executed
branch 19 never executed (fallthrough)
branch 20 never executed (throw)
    %%%%%:   83-block  7
call   21 never executed
branch 22 never executed (fallthrough)
branch 23 never executed (throw)
    %%%%%:   83-block  8
call   24 never executed
branch 25 never executed (fallthrough)
branch 26 never executed (throw)
    %%%%%:   83-block  9
call   27 never executed
branch 28 never executed (fallthrough)
branch 29 never executed (throw)
    %%%%%:   83-block 10
call   30 never executed
branch 31 never executed (fallthrough)
branch 32 never executed (throw)
        -:   84:            }
    #####:   85:            break;
    %%%%%:   85-block  0
    #####:   86:        }
    %%%%%:   86-block  0
call    0 never executed
    $$$$$:   86-block  1
call    1 never executed
    #####:   87:        case 0:
    #####:   88:            return;
    %%%%%:   88-block  0
    #####:   89:        default: std::cout << "Comanda invalida!\n";
    %%%%%:   89-block  0
call    0 never executed
branch  1 never executed (fallthrough)
branch  2 never executed (throw)
        -:   90:
        -:   91:    }
    #####:   92:}
    %%%%%:   92-block  0
    %%%%%:   92-block  1
call    0 never executed
branch  1 never executed (fallthrough)
branch  2 never executed
    $$$$$:   92-block  2
call    3 never executed
        -:   93:
function _ZNK8MasinaUI9sortareUIEv called 0 returned 0% blocks executed 0%
    #####:   94:void MasinaUI::sortareUI() const {
    #####:   95:    std::vector<Masina> sortedMasini;
        -:   96:    int cmd;
    #####:   97:    std::cout << "1.Dupa NrInmatriculare\n2.Dupa Tip\n3.Dupa Producator+model\n0.Exit\n";
    %%%%%:   97-block  0
call    0 never executed
branch  1 never executed (fallthrough)
branch  2 never executed (throw)
    #####:   98:    std::cout << "\nEnter your command: "; std::cin >> cmd;
    %%%%%:   98-block  0
call    0 never executed
branch  1 never executed (fallthrough)
branch  2 never executed (throw)
    %%%%%:   98-block  1
call    3 never executed
branch  4 never executed (fallthrough)
branch  5 never executed (throw)
    #####:   99:    switch (cmd) {
    %%%%%:   99-block  0
branch  0 never executed
branch  1 never executed
branch  2 never executed
branch  3 never executed
branch  4 never executed
    #####:  100:        case 1: {
    #####:  101:            sortedMasini = service.sorteazaMasiniNrInmatriculare();
    %%%%%:  101-block  0
call    0 never executed
branch  1 never executed (fallthrough)
branch  2 never executed (throw)
    %%%%%:  101-block  1
call    3 never executed
call    4 never executed
    $$$$$:  101-block  2
    #####:  102:            for (const auto& m : sortedMasini) {
call    0 never executed
call    1 never executed
    %%%%%:  102-block  0
call    2 never executed
    %%%%%:  102-block  1
call    3 never executed
    %%%%%:  102-block  2
call    4 never executed
branch  5 never executed
branch  6 never executed (fallthrough)
    #####:  103:                std::cout << m.getNrInmatriculare() << " " << m.getProducator()
call    0 never executed
branch  1 never executed (fallthrough)
branch  2 never executed (throw)
    #####:  104:                          << " " << m.getModel() << " " << m.getTip() << "\n";
    %%%%%:  104-block  0
call    0 never executed
branch  1 never executed (fallthrough)
branch  2 never executed (throw)
    %%%%%:  104-block  1
call    3 never executed
branch  4 never executed (fallthrough)
branch  5 never executed (throw)
    %%%%%:  104-block  2
call    6 never executed
branch  7 never executed (fallthrough)
branch  8 never executed (throw)
    %%%%%:  104-block  3
call    9 never executed
branch 10 never executed (fallthrough)
branch 11 never executed (throw)
    %%%%%:  104-block  4
call   12 never executed
branch 13 never executed (fallthrough)
branch 14 never executed (throw)
    %%%%%:  104-block  5
call   15 never executed
branch 16 never executed (fallthrough)
branch 17 never executed (throw)
    %%%%%:  104-block  6
call   18 never executed
branch 19 never executed (fallthrough)
branch 20 never executed (throw)
    %%%%%:  104-block  7
call   21 never executed
branch 22 never executed (fallthrough)
branch 23 never executed (throw)
    %%%%%:  104-block  8
call   24 never executed
branch 25 never executed (fallthrough)
branch 26 never executed (throw)
    %%%%%:  104-block  9
call   27 never executed
branch 28 never executed (fallthrough)
branch 29 never executed (throw)
    %%%%%:  104-block 10
call   30 never executed
branch 31 never executed (fallthrough)
branch 32 never executed (throw)
        -:  105:            }
    #####:  106:            break;
    %%%%%:  106-block  0
        -:  107:        }
    #####:  108:        case 2: {
    #####:  109:            sortedMasini = service.sorteazaMasiniTip();
    %%%%%:  109-block  0
call    0 never executed
branch  1 never executed (fallthrough)
branch  2 never executed (throw)
    %%%%%:  109-block  1
call    3 never executed
call    4 never executed
    $$$$$:  109-block  2
    #####:  110:            for (const auto& m : sortedMasini) {
call    0 never executed
call    1 never executed
    %%%%%:  110-block  0
call    2 never executed
    %%%%%:  110-block  1
call    3 never executed
    %%%%%:  110-block  2
call    4 never executed
branch  5 never executed
branch  6 never executed (fallthrough)
    #####:  111:                std::cout << m.getNrInmatriculare() << " " << m.getProducator()
call    0 never executed
branch  1 never executed (fallthrough)
branch  2 never executed (throw)
    #####:  112:                          << " " << m.getModel() << " " << m.getTip() << "\n";
    %%%%%:  112-block  0
call    0 never executed
branch  1 never executed (fallthrough)
branch  2 never executed (throw)
    %%%%%:  112-block  1
call    3 never executed
branch  4 never executed (fallthrough)
branch  5 never executed (throw)
    %%%%%:  112-block  2
call    6 never executed
branch  7 never executed (fallthrough)
branch  8 never executed (throw)
    %%%%%:  112-block  3
call    9 never executed
branch 10 never executed (fallthrough)
branch 11 never executed (throw)
    %%%%%:  112-block  4
call   12 never executed
branch 13 never executed (fallthrough)
branch 14 never executed (throw)
    %%%%%:  112-block  5
call   15 never executed
branch 16 never executed (fallthrough)
branch 17 never executed (throw)
    %%%%%:  112-block  6
call   18 never executed
branch 19 never executed (fallthrough)
branch 20 never executed (throw)
    %%%%%:  112-block  7
call   21 never executed
branch 22 never executed (fallthrough)
branch 23 never executed (throw)
    %%%%%:  112-block  8
call   24 never executed
branch 25 never executed (fallthrough)
branch 26 never executed (throw)
    %%%%%:  112-block  9
call   27 never executed
branch 28 never executed (fallthrough)
branch 29 never executed (throw)
    %%%%%:  112-block 10
call   30 never executed
branch 31 never executed (fallthrough)
branch 32 never executed (throw)
        -:  113:            }
    #####:  114:            break;
    %%%%%:  114-block  0
        -:  115:        }
    #####:  116:        case 3: {
    #####:  117:            sortedMasini = service.sorteazaMasiniProducatorModel();
    %%%%%:  117-block  0
call    0 never executed
branch  1 never executed (fallthrough)
branch  2 never executed (throw)
    %%%%%:  117-block  1
call    3 never executed
call    4 never executed
    $$$$$:  117-block  2
    #####:  118:            for (const auto& m : sortedMasini) {
call    0 never executed
call    1 never executed
    %%%%%:  118-block  0
call    2 never executed
    %%%%%:  118-block  1
call    3 never executed
    %%%%%:  118-block  2
call    4 never executed
branch  5 never executed
branch  6 never executed (fallthrough)
    #####:  119:                std::cout << m.getNrInmatriculare() << " " << m.getProducator()
call    0 never executed
branch  1 never executed (fallthrough)
branch  2 never executed (throw)
    #####:  120:                          << " " << m.getModel() << " " << m.getTip() << "\n";
    %%%%%:  120-block  0
call    0 never executed
branch  1 never executed (fallthrough)
branch  2 never executed (throw)
    %%%%%:  120-block  1
call    3 never executed
branch  4 never executed (fallthrough)
branch  5 never executed (throw)
    %%%%%:  120-block  2
call    6 never executed
branch  7 never executed (fallthrough)
branch  8 never executed (throw)
    %%%%%:  120-block  3
call    9 never executed
branch 10 never executed (fallthrough)
branch 11 never executed (throw)
    %%%%%:  120-block  4
call   12 never executed
branch 13 never executed (fallthrough)
branch 14 never executed (throw)
    %%%%%:  120-block  5
call   15 never executed
branch 16 never executed (fallthrough)
branch 17 never executed (throw)
    %%%%%:  120-block  6
call   18 never executed
branch 19 never executed (fallthrough)
branch 20 never executed (throw)
    %%%%%:  120-block  7
call   21 never executed
branch 22 never executed (fallthrough)
branch 23 never executed (throw)
    %%%%%:  120-block  8
call   24 never executed
branch 25 never executed (fallthrough)
branch 26 never executed (throw)
    %%%%%:  120-block  9
call   27 never executed
branch 28 never executed (fallthrough)
branch 29 never executed (throw)
    %%%%%:  120-block 10
call   30 never executed
branch 31 never executed (fallthrough)
branch 32 never executed (throw)
        -:  121:            }
    #####:  122:            break;
    %%%%%:  122-block  0
        -:  123:        }
    #####:  124:        case 0:
    #####:  125:            return;
    %%%%%:  125-block  0
    #####:  126:        default: std::cout << "Comanda invalida!\n";
    %%%%%:  126-block  0
call    0 never executed
branch  1 never executed (fallthrough)
branch  2 never executed (throw)
        -:  127:
        -:  128:    }
    #####:  129:}
    %%%%%:  129-block  0
    %%%%%:  129-block  1
call    0 never executed
branch  1 never executed (fallthrough)
branch  2 never executed
    $$$$$:  129-block  2
call    3 never executed
        -:  130:
function _ZNK8MasinaUI12spalatorieUIEv called 0 returned 0% blocks executed 0%
    #####:  131:void MasinaUI::spalatorieUI() const {
    #####:  132:    std::cout << "\n1.Adauga in lista\n2.Goleste lista\n3.Genereaza lista\n4.Export CSV\n0.Exit\n";
    %%%%%:  132-block  0
call    0 never executed
branch  1 never executed (fallthrough)
branch  2 never executed (throw)
        -:  133:    int cmd;
    #####:  134:    std::cout << "\nEnter your command: "; std::cin >> cmd;
    %%%%%:  134-block  0
call    0 never executed
branch  1 never executed (fallthrough)
branch  2 never executed (throw)
    %%%%%:  134-block  1
call    3 never executed
branch  4 never executed (fallthrough)
branch  5 never executed (throw)
    #####:  135:    switch (cmd) {
    %%%%%:  135-block  0
branch  0 never executed
branch  1 never executed
branch  2 never executed
branch  3 never executed
branch  4 never executed
branch  5 never executed
    #####:  136:        case 1: {
    #####:  137:            std::string nr;
    %%%%%:  137-block  0
call    0 never executed
    #####:  138:            std::cout << "Nr inmatriculare: "; std::cin >> nr;
call    0 never executed
branch  1 never executed (fallthrough)
branch  2 never executed (throw)
    %%%%%:  138-block  0
call    3 never executed
branch  4 never executed (fallthrough)
branch  5 never executed (throw)
        -:  139:            try {
    #####:  140:                spalatorie.adaugaMasina(nr);
    %%%%%:  140-block  0
call    0 never executed
branch  1 never executed (fallthrough)
branch  2 never executed (throw)
    =====:  141:            } catch (const std::exception& e) {
    $$$$$:  141-block  0
branch  0 never executed (fallthrough)
branch  1 never executed
    $$$$$:  141-block  1
call    2 never executed
    =====:  142:                std::cout << "Eroare: " << e.what() << "\n";
call    0 never executed
branch  1 never executed (fallthrough)
branch  2 never executed (throw)
    $$$$$:  142-block  0
call    3 never executed
call    4 never executed
branch  5 never executed (fallthrough)
branch  6 never executed (throw)
    $$$$$:  142-block  1
call    7 never executed
branch  8 never executed (fallthrough)
branch  9 never executed (throw)
    =====:  143:            }
    $$$$$:  143-block  0
call    0 never executed
    $$$$$:  143-block  1
call    1 never executed
    #####:  144:            break;
    %%%%%:  144-block  0
    #####:  145:        }
    %%%%%:  145-block  0
call    0 never executed
    $$$$$:  145-block  1
call    1 never executed
    #####:  146:        case 2: {
    #####:  147:            spalatorie.golesteLista();
    %%%%%:  147-block  0
call    0 never executed
branch  1 never executed (fallthrough)
branch  2 never executed (throw)
    #####:  148:            break;
    %%%%%:  148-block  0
        -:  149:        }
    #####:  150:        case 3: {
        -:  151:            int nrTotal;
    #####:  152:            std::cout<<"Introduceti un numar:"; std::cin >> nrTotal;
    %%%%%:  152-block  0
call    0 never executed
branch  1 never executed (fallthrough)
branch  2 never executed (throw)
    %%%%%:  152-block  1
call    3 never executed
branch  4 never executed (fallthrough)
branch  5 never executed (throw)
    #####:  153:            spalatorie.generareLista(nrTotal);
    %%%%%:  153-block  0
call    0 never executed
branch  1 never executed (fallthrough)
branch  2 never executed (throw)
    #####:  154:            break;
    %%%%%:  154-block  0
        -:  155:        }
    #####:  156:        case 4: {
    #####:  157:            std::string fileName;
    %%%%%:  157-block  0
call    0 never executed
    #####:  158:            std::cout << "Introduceti un nume de fisier:"; std::cin >> fileName;
call    0 never executed
branch  1 never executed (fallthrough)
branch  2 never executed (throw)
    %%%%%:  158-block  0
call    3 never executed
branch  4 never executed (fallthrough)
branch  5 never executed (throw)
    #####:  159:            spalatorie.exportCSV(fileName);
    %%%%%:  159-block  0
call    0 never executed
branch  1 never executed (fallthrough)
branch  2 never executed (throw)
    #####:  160:            break;
    %%%%%:  160-block  0
    #####:  161:        }
    %%%%%:  161-block  0
call    0 never executed
    $$$$$:  161-block  1
call    1 never executed
    #####:  162:        case 0: return;
    %%%%%:  162-block  0
    %%%%%:  162-block  1
    #####:  163:        default: std::cout << "Comanda invalida!\n";
    %%%%%:  163-block  0
call    0 never executed
branch  1 never executed (fallthrough)
branch  2 never executed (throw)
        -:  164:    }
        -:  165:}
        -:  166:
function _ZN8MasinaUI3runEv called 1 returned 100% blocks executed 31%
        1:  167:void MasinaUI::run() {
        -:  168:    while (true) {
        1:  169:        std::cout << "\n1.Adauga\n2.Sterge\n3.Modifica\n4.Cauta\n5.Afiseaza\n6.Filtrare\n7.Sortare\n8.Spalatorie\n0.Exit\n";
        1:  169-block  0
call    0 returned 1
branch  1 taken 1 (fallthrough)
branch  2 taken 0 (throw)
        -:  170:        int cmd;
        1:  171:        std::cout << "\nEnter your command: "; std::cin >> cmd;
        1:  171-block  0
call    0 returned 1
branch  1 taken 1 (fallthrough)
branch  2 taken 0 (throw)
        1:  171-block  1
call    3 returned 1
branch  4 taken 1 (fallthrough)
branch  5 taken 0 (throw)
        1:  172:        switch (cmd) {
        1:  172-block  0
branch  0 taken 0
branch  1 taken 0
branch  2 taken 0
branch  3 taken 0
branch  4 taken 0
branch  5 taken 0
branch  6 taken 0
branch  7 taken 0
branch  8 taken 1
branch  9 taken 0
    #####:  173:            case 1: adaugaUI(); break;
    %%%%%:  173-block  0
call    0 never executed
branch  1 never executed (fallthrough)
branch  2 never executed (throw)
    %%%%%:  173-block  1
    #####:  174:            case 2: stergeUI(); break;
    %%%%%:  174-block  0
call    0 never executed
branch  1 never executed (fallthrough)
branch  2 never executed (throw)
    %%%%%:  174-block  1
    #####:  175:            case 3: modificaUI(); break;
    %%%%%:  175-block  0
call    0 never executed
branch  1 never executed (fallthrough)
branch  2 never executed (throw)
    %%%%%:  175-block  1
    #####:  176:            case 4: cautaUI(); break;
    %%%%%:  176-block  0
call    0 never executed
branch  1 never executed (fallthrough)
branch  2 never executed (throw)
    %%%%%:  176-block  1
    #####:  177:            case 5: afiseazaToate(); break;
    %%%%%:  177-block  0
call    0 never executed
branch  1 never executed (fallthrough)
branch  2 never executed (throw)
    %%%%%:  177-block  1
    #####:  178:            case 6: filtrareUI(); break;
    %%%%%:  178-block  0
call    0 never executed
branch  1 never executed (fallthrough)
branch  2 never executed (throw)
    %%%%%:  178-block  1
    #####:  179:            case 7: sortareUI(); break;
    %%%%%:  179-block  0
call    0 never executed
branch  1 never executed (fallthrough)
branch  2 never executed (throw)
    %%%%%:  179-block  1
    #####:  180:            case 8: spalatorieUI(); break;
    %%%%%:  180-block  0
call    0 never executed
branch  1 never executed (fallthrough)
branch  2 never executed (throw)
    %%%%%:  180-block  1
        1:  181:            case 0: return;
        1:  181-block  0
        1:  181-block  1
        1:  181-block  2
    #####:  182:            default: std::cout << "Comanda invalida!\n";
    %%%%%:  182-block  0
call    0 never executed
branch  1 never executed (fallthrough)
branch  2 never executed (throw)
        -:  183:        }
    #####:  184:    }
    %%%%%:  184-block  0
        -:  185:}
