        -:    0:Source:C:/Users/lupse/CLionProjects/POO/Lab9/main.cpp
        -:    0:Graph:C:\Users\lupse\CLionProjects\POO\Lab9\cmake-build-debug-coverage\CMakeFiles\Lab6.dir\main.cpp.gcno
        -:    0:Data:C:\Users\lupse\CLionProjects\POO\Lab9\cmake-build-debug-coverage\CMakeFiles\Lab6.dir\main.cpp.gcda
        -:    0:Runs:1
        -:    1:#include "ui.h"
        -:    2:#include "teste.h"
function main called 1 returned 100% blocks executed 58%
        1:    3:int main() {
        1:    4:    Teste::runTests();
        1:    4-block  0
call    0 returned 1
branch  1 taken 1 (fallthrough)
branch  2 taken 0 (throw)
        1:    5:    MasinaRepo repo;
        1:    5-block  0
        1:    6:    std::string fileName = "../masinute";
        1:    6-block  0
call    0 returned 1
branch  1 taken 1 (fallthrough)
branch  2 taken 0 (throw)
    $$$$$:    6-block  1
        1:    7:    MasinaRepoFile repoFile {fileName};
        1:    7-block  0
call    0 returned 1
branch  1 taken 1 (fallthrough)
branch  2 taken 0 (throw)
        -:    8:    // MasinaService service{repo};
        1:    9:    MasinaService service{repoFile};
        1:    9-block  0
call    0 returned 1
        1:   10:    ServiceSpalatorie spalatorie{repo};
call    0 returned 1
        1:   11:    MasinaUI ui{service, spalatorie};
call    0 returned 1
        1:   12:    ui.run();
call    0 returned 1
branch  1 taken 1 (fallthrough)
branch  2 taken 0 (throw)
        1:   13:}
        1:   13-block  0
call    0 returned 1
call    1 returned 1
call    2 returned 1
call    3 returned 1
call    4 returned 1
        1:   13-block  1
    $$$$$:   13-block  2
call    5 never executed
    $$$$$:   13-block  3
call    6 never executed
    $$$$$:   13-block  4
call    7 never executed
    $$$$$:   13-block  5
call    8 never executed
    $$$$$:   13-block  6
call    9 never executed
