        -:    0:Source:C:/Users/lupse/CLionProjects/POO/Lab9/service_masina.h
        -:    0:Graph:C:\Users\lupse\CLionProjects\POO\Lab9\cmake-build-debug-coverage\CMakeFiles\Lab6.dir\main.cpp.gcno
        -:    0:Data:C:\Users\lupse\CLionProjects\POO\Lab9\cmake-build-debug-coverage\CMakeFiles\Lab6.dir\main.cpp.gcda
        -:    0:Runs:1
        -:    1://
        -:    2:// Created by lupse on 4/7/2025.
        -:    3://
        -:    4:#pragma once
        -:    5:#include <memory>
        -:    6:
        -:    7:#include "repo_masina.h"
        -:    8:#include "undo.h"
        -:    9:class MasinaService {
        -:   10:private:
        -:   11:    MasinaRepo& repo;
        -:   12:    std::vector<std::unique_ptr<ActiuneUndo>> undoActions;
        -:   13:    [[nodiscard]] static bool cmpNrInmatriculare(const Masina& masina1, const Masina& masina2);
        -:   14:    [[nodiscard]] static bool cmpTip(const Masina& masina1, const Masina& masina2);
        -:   15:    [[nodiscard]] static bool cmpProducatorModel(const Masina& masina1, const Masina& masina2);
        -:   16:    [[nodiscard]] std::vector<Masina> sorteazaMasini(bool (*cmp)(const Masina&, const Masina&)) const;
        -:   17:public:
        6:   18:    explicit MasinaService(MasinaRepo& r) : repo{r} {}
------------------
_ZN13MasinaServiceC1ER10MasinaRepo:
function _ZN13MasinaServiceC1ER10MasinaRepo called 4 returned 100% blocks executed 100%
        4:   18:    explicit MasinaService(MasinaRepo& r) : repo{r} {}
        4:   18-block  0
call    0 returned 4
------------------
_ZN13MasinaServiceC2ER10MasinaRepo:
function _ZN13MasinaServiceC2ER10MasinaRepo called 2 returned 100% blocks executed 100%
        2:   18:    explicit MasinaService(MasinaRepo& r) : repo{r} {}
        2:   18-block  0
call    0 returned 2
------------------
        -:   19:    MasinaService(const MasinaService&) = delete;
        -:   20:    void operator=(const MasinaService&) = delete;
        -:   21:    void adaugaMasina(const std::string& nr, const std::string& prod,
        -:   22:                      const std::string& mod, const std::string& tip) ;
        -:   23:
        -:   24:    void stergeMasina(const std::string& nr) ;
        -:   25:    void modificaMasina(const std::string& nr, const std::string& prod,
        -:   26:                        const std::string& mod, const std::string& tip) ;
        -:   27:
        -:   28:    [[nodiscard]] const Masina& cautaMasina(const std::string& nr) const;
        -:   29:    // [[nodiscard]] const Masina& cautaMasinaByIndex(int index) const;
        -:   30:    [[nodiscard]] const std::vector<Masina>& getAllMasini() const;
        -:   31:    [[nodiscard]] std::vector<Masina> getFilteredMasiniByProducator(const std::string& producator) const;
        -:   32:    [[nodiscard]] std::vector<Masina> getFilteredMasiniByTip(const std::string& tip) const;
        -:   33:    [[nodiscard]] std::vector<Masina> sorteazaMasiniNrInmatriculare() const;
        -:   34:    [[nodiscard]] std::vector<Masina> sorteazaMasiniTip() const;
        -:   35:    [[nodiscard]] std::vector<Masina> sorteazaMasiniProducatorModel() const;
        -:   36:
        -:   37:    void undo();
       6*:   38:    virtual ~MasinaService() = default;
------------------
_ZN13MasinaServiceD0Ev:
function _ZN13MasinaServiceD0Ev called 0 returned 0% blocks executed 0%
    #####:   38:    virtual ~MasinaService() = default;
    %%%%%:   38-block  0
call    0 never executed
call    1 never executed
------------------
_ZN13MasinaServiceD1Ev:
function _ZN13MasinaServiceD1Ev called 4 returned 100% blocks executed 100%
        4:   38:    virtual ~MasinaService() = default;
        4:   38-block  0
call    0 returned 4
------------------
_ZN13MasinaServiceD2Ev:
function _ZN13MasinaServiceD2Ev called 2 returned 100% blocks executed 100%
        2:   38:    virtual ~MasinaService() = default;
        2:   38-block  0
call    0 returned 2
------------------
        -:   39:    //inchiriere
        -:   40:};
        -:   41:
