        -:    0:Source:C:/Users/lupse/CLionProjects/POO/Lab6/service_masina.h
        -:    0:Graph:C:\Users\lupse\CLionProjects\POO\Lab6\cmake-build-debug-coverage\CMakeFiles\Lab6.dir\main.cpp.gcno
        -:    0:Data:C:\Users\lupse\CLionProjects\POO\Lab6\cmake-build-debug-coverage\CMakeFiles\Lab6.dir\main.cpp.gcda
        -:    0:Runs:1
        -:    1://
        -:    2:// Created by lupse on 4/7/2025.
        -:    3://
        -:    4:#pragma once
        -:    5:#include "repo_masina.h"
        -:    6:
        -:    7:class MasinaService {
        -:    8:private:
        -:    9:    MasinaRepo& repo;
        -:   10:
        -:   11:public:
function _ZN13MasinaServiceC1ER10MasinaRepo called 2 returned 100% blocks executed 100%
        2:   12:    explicit MasinaService(MasinaRepo& r) : repo{r} {}
        -:   13:
        -:   14:    void adaugaMasina(const std::string& nr, const std::string& prod,
        -:   15:                      const std::string& mod, const std::string& tip);
        -:   16:
        -:   17:    void stergeMasina(const std::string& nr);
        -:   18:    void modificaMasina(const std::string& nr, const std::string& prod,
        -:   19:                        const std::string& mod, const std::string& tip);
        -:   20:
        -:   21:    const Masina& cautaMasina(const std::string& nr) const;
        -:   22:    const std::vector<Masina>& getAllMasini() const;
        -:   23:};
        -:   24:
