        -:    0:Source:C:/Users/lupse/CLionProjects/POO/Lab6/service_masina.cpp
        -:    0:Graph:C:\Users\lupse\CLionProjects\POO\Lab6\cmake-build-debug-coverage\CMakeFiles\Lab6.dir\service_masina.cpp.gcno
        -:    0:Data:C:\Users\lupse\CLionProjects\POO\Lab6\cmake-build-debug-coverage\CMakeFiles\Lab6.dir\service_masina.cpp.gcda
        -:    0:Runs:1
        -:    1://
        -:    2:// Created by lupse on 4/7/2025.
        -:    3://
        -:    4:#include "service_masina.h"
        -:    5:
function _ZN13MasinaService12adaugaMasinaERKNSt7__cxx1112basic_stringIcSt11char_traitsIcESaIcEEES7_S7_S7_ called 2 returned 100% blocks executed 71%
        2:    6:void MasinaService::adaugaMasina(const std::string& nr, const std::string& prod,
        -:    7:                                 const std::string& mod, const std::string& tip) {
        2:    8:    Masina m{nr, prod, mod, tip};
        2:    8-block  0
call    0 returned 2
branch  1 taken 2 (fallthrough)
branch  2 taken 0 (throw)
        2:    9:    repo.adauga(m);
        2:    9-block  0
call    0 returned 2
branch  1 taken 2 (fallthrough)
branch  2 taken 0 (throw)
        2:   10:}
        2:   10-block  0
call    0 returned 2
    $$$$$:   10-block  1
call    1 never executed
        -:   11:
function _ZN13MasinaService12stergeMasinaERKNSt7__cxx1112basic_stringIcSt11char_traitsIcESaIcEEE called 1 returned 100% blocks executed 100%
        1:   12:void MasinaService::stergeMasina(const std::string& nr) {
        1:   13:    repo.sterge(nr);
        1:   13-block  0
call    0 returned 1
        1:   14:}
        -:   15:
function _ZN13MasinaService14modificaMasinaERKNSt7__cxx1112basic_stringIcSt11char_traitsIcESaIcEEES7_S7_S7_ called 1 returned 100% blocks executed 71%
        1:   16:void MasinaService::modificaMasina(const std::string& nr, const std::string& prod,
        -:   17:                                   const std::string& mod, const std::string& tip) {
        1:   18:    Masina m{nr, prod, mod, tip};
        1:   18-block  0
call    0 returned 1
branch  1 taken 1 (fallthrough)
branch  2 taken 0 (throw)
        1:   19:    repo.modifica(m);
        1:   19-block  0
call    0 returned 1
branch  1 taken 1 (fallthrough)
branch  2 taken 0 (throw)
        1:   20:}
        1:   20-block  0
call    0 returned 1
    $$$$$:   20-block  1
call    1 never executed
        -:   21:
function _ZNK13MasinaService11cautaMasinaERKNSt7__cxx1112basic_stringIcSt11char_traitsIcESaIcEEE called 2 returned 100% blocks executed 100%
        2:   22:const Masina& MasinaService::cautaMasina(const std::string& nr) const {
        2:   23:    return repo.cauta(nr);
        2:   23-block  0
call    0 returned 2
        -:   24:}
        -:   25:
function _ZNK13MasinaService12getAllMasiniEv called 2 returned 100% blocks executed 100%
        2:   26:const std::vector<Masina>& MasinaService::getAllMasini() const {
        2:   27:    return repo.getAll();
        2:   27-block  0
call    0 returned 2
        -:   28:}
