        -:    0:Source:C:/Users/lupse/CLionProjects/POO/Lab7/ui.cpp
        -:    0:Graph:C:\Users\lupse\CLionProjects\POO\Lab7\cmake-build-debug-coverage\CMakeFiles\Lab6.dir\ui.cpp.gcno
        -:    0:Data:C:\Users\lupse\CLionProjects\POO\Lab7\cmake-build-debug-coverage\CMakeFiles\Lab6.dir\ui.cpp.gcda
        -:    0:Runs:1
        -:    1://
        -:    2:// Created by lupse on 4/7/2025.
        -:    3://
        -:    4:#include "ui.h"
        -:    5:#include <iostream>
        -:    6:
function _ZN8MasinaUI8adaugaUIEv called 0 returned 0% blocks executed 0%
    #####:    7:void MasinaUI::adaugaUI() {
    #####:    8:    std::string nr, prod, mod, tip;
    %%%%%:    8-block  0
call    0 never executed
call    1 never executed
call    2 never executed
call    3 never executed
    #####:    9:    std::cout << "Nr inmatriculare: "; std::cin >> nr;
call    0 never executed
branch  1 never executed (fallthrough)
branch  2 never executed (throw)
    %%%%%:    9-block  0
call    3 never executed
branch  4 never executed (fallthrough)
branch  5 never executed (throw)
    #####:   10:    std::cout << "Producator: "; std::cin >> prod;
    %%%%%:   10-block  0
call    0 never executed
branch  1 never executed (fallthrough)
branch  2 never executed (throw)
    %%%%%:   10-block  1
call    3 never executed
branch  4 never executed (fallthrough)
branch  5 never executed (throw)
    #####:   11:    std::cout << "Model: "; std::cin >> mod;
    %%%%%:   11-block  0
call    0 never executed
branch  1 never executed (fallthrough)
branch  2 never executed (throw)
    %%%%%:   11-block  1
call    3 never executed
branch  4 never executed (fallthrough)
branch  5 never executed (throw)
    #####:   12:    std::cout << "Tip: "; std::cin >> tip;
    %%%%%:   12-block  0
call    0 never executed
branch  1 never executed (fallthrough)
branch  2 never executed (throw)
    %%%%%:   12-block  1
call    3 never executed
branch  4 never executed (fallthrough)
branch  5 never executed (throw)
        -:   13:    try {
    #####:   14:        service.adaugaMasina(nr, prod, mod, tip);
    %%%%%:   14-block  0
call    0 never executed
branch  1 never executed (fallthrough)
branch  2 never executed (throw)
    =====:   15:    } catch (const std::exception& e) {
    $$$$$:   15-block  0
branch  0 never executed (fallthrough)
branch  1 never executed
    $$$$$:   15-block  1
call    2 never executed
    =====:   16:        std::cout << "Eroare: " << e.what() << "\n";
call    0 never executed
branch  1 never executed (fallthrough)
branch  2 never executed (throw)
    $$$$$:   16-block  0
call    3 never executed
call    4 never executed
branch  5 never executed (fallthrough)
branch  6 never executed (throw)
    $$$$$:   16-block  1
call    7 never executed
branch  8 never executed (fallthrough)
branch  9 never executed (throw)
    =====:   17:    }
    $$$$$:   17-block  0
call    0 never executed
    $$$$$:   17-block  1
call    1 never executed
    #####:   18:}
    %%%%%:   18-block  0
call    0 never executed
call    1 never executed
call    2 never executed
call    3 never executed
    $$$$$:   18-block  1
call    4 never executed
    $$$$$:   18-block  2
call    5 never executed
    $$$$$:   18-block  3
call    6 never executed
    $$$$$:   18-block  4
call    7 never executed
        -:   19:
function _ZN8MasinaUI8stergeUIEv called 0 returned 0% blocks executed 0%
    #####:   20:void MasinaUI::stergeUI() {
    #####:   21:    std::string nr;
    %%%%%:   21-block  0
call    0 never executed
    #####:   22:    std::cout << "Nr inmatriculare: "; std::cin >> nr;
call    0 never executed
branch  1 never executed (fallthrough)
branch  2 never executed (throw)
    %%%%%:   22-block  0
call    3 never executed
branch  4 never executed (fallthrough)
branch  5 never executed (throw)
        -:   23:    try {
    #####:   24:        service.stergeMasina(nr);
    %%%%%:   24-block  0
call    0 never executed
branch  1 never executed (fallthrough)
branch  2 never executed (throw)
    =====:   25:    } catch (const std::exception& e) {
    $$$$$:   25-block  0
branch  0 never executed (fallthrough)
branch  1 never executed
    $$$$$:   25-block  1
call    2 never executed
    =====:   26:        std::cout << "Eroare: " << e.what() << "\n";
call    0 never executed
branch  1 never executed (fallthrough)
branch  2 never executed (throw)
    $$$$$:   26-block  0
call    3 never executed
call    4 never executed
branch  5 never executed (fallthrough)
branch  6 never executed (throw)
    $$$$$:   26-block  1
call    7 never executed
branch  8 never executed (fallthrough)
branch  9 never executed (throw)
    =====:   27:    }
    $$$$$:   27-block  0
call    0 never executed
    $$$$$:   27-block  1
call    1 never executed
    #####:   28:}
    %%%%%:   28-block  0
call    0 never executed
    $$$$$:   28-block  1
call    1 never executed
        -:   29:
function _ZN8MasinaUI10modificaUIEv called 0 returned 0% blocks executed 0%
    #####:   30:void MasinaUI::modificaUI() {
    #####:   31:    std::string nr, prod, mod, tip;
    %%%%%:   31-block  0
call    0 never executed
call    1 never executed
call    2 never executed
call    3 never executed
    #####:   32:    std::cout << "Nr inmatriculare: "; std::cin >> nr;
call    0 never executed
branch  1 never executed (fallthrough)
branch  2 never executed (throw)
    %%%%%:   32-block  0
call    3 never executed
branch  4 never executed (fallthrough)
branch  5 never executed (throw)
    #####:   33:    std::cout << "Noul producator: "; std::cin >> prod;
    %%%%%:   33-block  0
call    0 never executed
branch  1 never executed (fallthrough)
branch  2 never executed (throw)
    %%%%%:   33-block  1
call    3 never executed
branch  4 never executed (fallthrough)
branch  5 never executed (throw)
    #####:   34:    std::cout << "Noul model: "; std::cin >> mod;
    %%%%%:   34-block  0
call    0 never executed
branch  1 never executed (fallthrough)
branch  2 never executed (throw)
    %%%%%:   34-block  1
call    3 never executed
branch  4 never executed (fallthrough)
branch  5 never executed (throw)
    #####:   35:    std::cout << "Noul tip: "; std::cin >> tip;
    %%%%%:   35-block  0
call    0 never executed
branch  1 never executed (fallthrough)
branch  2 never executed (throw)
    %%%%%:   35-block  1
call    3 never executed
branch  4 never executed (fallthrough)
branch  5 never executed (throw)
        -:   36:    try {
    #####:   37:        service.modificaMasina(nr, prod, mod, tip);
    %%%%%:   37-block  0
call    0 never executed
branch  1 never executed (fallthrough)
branch  2 never executed (throw)
    =====:   38:    } catch (const std::exception& e) {
    $$$$$:   38-block  0
branch  0 never executed (fallthrough)
branch  1 never executed
    $$$$$:   38-block  1
call    2 never executed
    =====:   39:        std::cout << "Eroare: " << e.what() << "\n";
call    0 never executed
branch  1 never executed (fallthrough)
branch  2 never executed (throw)
    $$$$$:   39-block  0
call    3 never executed
call    4 never executed
branch  5 never executed (fallthrough)
branch  6 never executed (throw)
    $$$$$:   39-block  1
call    7 never executed
branch  8 never executed (fallthrough)
branch  9 never executed (throw)
    =====:   40:    }
    $$$$$:   40-block  0
call    0 never executed
    $$$$$:   40-block  1
call    1 never executed
    #####:   41:}
    %%%%%:   41-block  0
call    0 never executed
call    1 never executed
call    2 never executed
call    3 never executed
    $$$$$:   41-block  1
call    4 never executed
    $$$$$:   41-block  2
call    5 never executed
    $$$$$:   41-block  3
call    6 never executed
    $$$$$:   41-block  4
call    7 never executed
        -:   42:
function _ZN8MasinaUI7cautaUIEv called 0 returned 0% blocks executed 0%
    #####:   43:void MasinaUI::cautaUI() {
    #####:   44:    std::string nr;
    %%%%%:   44-block  0
call    0 never executed
    #####:   45:    std::cout << "Nr inmatriculare: "; std::cin >> nr;
call    0 never executed
branch  1 never executed (fallthrough)
branch  2 never executed (throw)
    %%%%%:   45-block  0
call    3 never executed
branch  4 never executed (fallthrough)
branch  5 never executed (throw)
        -:   46:    try {
    #####:   47:        const auto& m = service.cautaMasina(nr);
    %%%%%:   47-block  0
call    0 never executed
branch  1 never executed (fallthrough)
branch  2 never executed (throw)
    #####:   48:        std::cout << m.getNrInmatriculare() << " " << m.getProducator()
    %%%%%:   48-block  0
call    0 never executed
branch  1 never executed (fallthrough)
branch  2 never executed (throw)
    #####:   49:                  << " " << m.getModel() << " " << m.getTip() << "\n";
    %%%%%:   49-block  0
call    0 never executed
branch  1 never executed (fallthrough)
branch  2 never executed (throw)
    %%%%%:   49-block  1
call    3 never executed
branch  4 never executed (fallthrough)
branch  5 never executed (throw)
    %%%%%:   49-block  2
call    6 never executed
branch  7 never executed (fallthrough)
branch  8 never executed (throw)
    %%%%%:   49-block  3
call    9 never executed
branch 10 never executed (fallthrough)
branch 11 never executed (throw)
    %%%%%:   49-block  4
call   12 never executed
branch 13 never executed (fallthrough)
branch 14 never executed (throw)
    %%%%%:   49-block  5
call   15 never executed
branch 16 never executed (fallthrough)
branch 17 never executed (throw)
    %%%%%:   49-block  6
call   18 never executed
branch 19 never executed (fallthrough)
branch 20 never executed (throw)
    %%%%%:   49-block  7
call   21 never executed
branch 22 never executed (fallthrough)
branch 23 never executed (throw)
    %%%%%:   49-block  8
call   24 never executed
branch 25 never executed (fallthrough)
branch 26 never executed (throw)
    %%%%%:   49-block  9
call   27 never executed
branch 28 never executed (fallthrough)
branch 29 never executed (throw)
    %%%%%:   49-block 10
call   30 never executed
branch 31 never executed (fallthrough)
branch 32 never executed (throw)
    =====:   50:    } catch (const std::exception& e) {
    $$$$$:   50-block  0
branch  0 never executed (fallthrough)
branch  1 never executed
    $$$$$:   50-block  1
call    2 never executed
    =====:   51:        std::cout << "Eroare: " << e.what() << "\n";
call    0 never executed
branch  1 never executed (fallthrough)
branch  2 never executed (throw)
    $$$$$:   51-block  0
call    3 never executed
call    4 never executed
branch  5 never executed (fallthrough)
branch  6 never executed (throw)
    $$$$$:   51-block  1
call    7 never executed
branch  8 never executed (fallthrough)
branch  9 never executed (throw)
    =====:   52:    }
    $$$$$:   52-block  0
call    0 never executed
    $$$$$:   52-block  1
call    1 never executed
    #####:   53:}
    %%%%%:   53-block  0
call    0 never executed
    $$$$$:   53-block  1
call    1 never executed
        -:   54:
function _ZNK8MasinaUI13afiseazaToateEv called 0 returned 0% blocks executed 0%
    #####:   55:void MasinaUI::afiseazaToate() const {
    #####:   56:    List m{service.getAllMasini()};
    %%%%%:   56-block  0
call    0 never executed
branch  1 never executed (fallthrough)
branch  2 never executed (throw)
    %%%%%:   56-block  1
call    3 never executed
branch  4 never executed (fallthrough)
branch  5 never executed (throw)
    #####:   57:    IteratorList<Masina> it = m.begin();
    %%%%%:   57-block  0
call    0 never executed
    #####:   58:    for (; it.valid(); ++it) {
    %%%%%:   58-block  0
call    0 never executed
    %%%%%:   58-block  1
call    1 never executed
branch  2 never executed
branch  3 never executed (fallthrough)
    #####:   59:        std::cout << (*it).getNrInmatriculare() << " " << (*it).getProducator()
    %%%%%:   59-block  0
call    0 never executed
branch  1 never executed (fallthrough)
branch  2 never executed (throw)
    %%%%%:   59-block  1
call    3 never executed
branch  4 never executed (fallthrough)
branch  5 never executed (throw)
    %%%%%:   59-block  2
call    6 never executed
branch  7 never executed (fallthrough)
branch  8 never executed (throw)
    #####:   60:                  << " " << (*it).getModel() << " " << (*it).getTip() << "\n";
    %%%%%:   60-block  0
call    0 never executed
branch  1 never executed (fallthrough)
branch  2 never executed (throw)
    %%%%%:   60-block  1
call    3 never executed
branch  4 never executed (fallthrough)
branch  5 never executed (throw)
    %%%%%:   60-block  2
call    6 never executed
branch  7 never executed (fallthrough)
branch  8 never executed (throw)
    %%%%%:   60-block  3
call    9 never executed
branch 10 never executed (fallthrough)
branch 11 never executed (throw)
    %%%%%:   60-block  4
call   12 never executed
branch 13 never executed (fallthrough)
branch 14 never executed (throw)
    %%%%%:   60-block  5
call   15 never executed
branch 16 never executed (fallthrough)
branch 17 never executed (throw)
    %%%%%:   60-block  6
call   18 never executed
branch 19 never executed (fallthrough)
branch 20 never executed (throw)
    %%%%%:   60-block  7
call   21 never executed
branch 22 never executed (fallthrough)
branch 23 never executed (throw)
    %%%%%:   60-block  8
call   24 never executed
branch 25 never executed (fallthrough)
branch 26 never executed (throw)
    %%%%%:   60-block  9
call   27 never executed
branch 28 never executed (fallthrough)
branch 29 never executed (throw)
    %%%%%:   60-block 10
call   30 never executed
branch 31 never executed (fallthrough)
branch 32 never executed (throw)
    %%%%%:   60-block 11
call   33 never executed
branch 34 never executed (fallthrough)
branch 35 never executed (throw)
    %%%%%:   60-block 12
call   36 never executed
branch 37 never executed (fallthrough)
branch 38 never executed (throw)
        -:   61:    }
    #####:   62:}
    %%%%%:   62-block  0
call    0 never executed
    $$$$$:   62-block  1
call    1 never executed
        -:   63:
function _ZNK8MasinaUI10filtrareUIEv called 0 returned 0% blocks executed 0%
    #####:   64:void MasinaUI::filtrareUI() const {
    #####:   65:    List<Masina> filteredMasini;
    %%%%%:   65-block  0
call    0 never executed
    #####:   66:    IteratorList<Masina> it = filteredMasini.begin();
call    0 never executed
        -:   67:    int cmd;
    #####:   68:    std::cout << "1.Dupa Producator\n2.Dupa Tip\n0.Exit\n"; std::cin >> cmd;
call    0 never executed
branch  1 never executed (fallthrough)
branch  2 never executed (throw)
    %%%%%:   68-block  0
call    3 never executed
branch  4 never executed (fallthrough)
branch  5 never executed (throw)
    #####:   69:    switch (cmd) {
    %%%%%:   69-block  0
branch  0 never executed
branch  1 never executed
branch  2 never executed
branch  3 never executed
    #####:   70:        case 1: {
    #####:   71:            std::string producator;
    %%%%%:   71-block  0
call    0 never executed
    #####:   72:            std::cout << "Producator: "; std::cin >> producator;
call    0 never executed
branch  1 never executed (fallthrough)
branch  2 never executed (throw)
    %%%%%:   72-block  0
call    3 never executed
branch  4 never executed (fallthrough)
branch  5 never executed (throw)
    #####:   73:            filteredMasini = service.getFilteredMasiniByProducator(producator);
    %%%%%:   73-block  0
call    0 never executed
branch  1 never executed (fallthrough)
branch  2 never executed (throw)
    %%%%%:   73-block  1
call    3 never executed
call    4 never executed
    $$$$$:   73-block  2
    #####:   74:            it.prim();
call    0 never executed
    #####:   75:            for (; it.valid(); ++it) {
    %%%%%:   75-block  0
call    0 never executed
    %%%%%:   75-block  1
call    1 never executed
branch  2 never executed
branch  3 never executed (fallthrough)
    #####:   76:                std::cout << (*it).getNrInmatriculare() << " " << (*it).getProducator()
    %%%%%:   76-block  0
call    0 never executed
branch  1 never executed (fallthrough)
branch  2 never executed (throw)
    %%%%%:   76-block  1
call    3 never executed
branch  4 never executed (fallthrough)
branch  5 never executed (throw)
    %%%%%:   76-block  2
call    6 never executed
branch  7 never executed (fallthrough)
branch  8 never executed (throw)
    #####:   77:                 << " " << (*it).getModel() << " " << (*it).getTip() << "\n";
    %%%%%:   77-block  0
call    0 never executed
branch  1 never executed (fallthrough)
branch  2 never executed (throw)
    %%%%%:   77-block  1
call    3 never executed
branch  4 never executed (fallthrough)
branch  5 never executed (throw)
    %%%%%:   77-block  2
call    6 never executed
branch  7 never executed (fallthrough)
branch  8 never executed (throw)
    %%%%%:   77-block  3
call    9 never executed
branch 10 never executed (fallthrough)
branch 11 never executed (throw)
    %%%%%:   77-block  4
call   12 never executed
branch 13 never executed (fallthrough)
branch 14 never executed (throw)
    %%%%%:   77-block  5
call   15 never executed
branch 16 never executed (fallthrough)
branch 17 never executed (throw)
    %%%%%:   77-block  6
call   18 never executed
branch 19 never executed (fallthrough)
branch 20 never executed (throw)
    %%%%%:   77-block  7
call   21 never executed
branch 22 never executed (fallthrough)
branch 23 never executed (throw)
    %%%%%:   77-block  8
call   24 never executed
branch 25 never executed (fallthrough)
branch 26 never executed (throw)
    %%%%%:   77-block  9
call   27 never executed
branch 28 never executed (fallthrough)
branch 29 never executed (throw)
    %%%%%:   77-block 10
call   30 never executed
branch 31 never executed (fallthrough)
branch 32 never executed (throw)
    %%%%%:   77-block 11
call   33 never executed
branch 34 never executed (fallthrough)
branch 35 never executed (throw)
    %%%%%:   77-block 12
call   36 never executed
branch 37 never executed (fallthrough)
branch 38 never executed (throw)
        -:   78:            }
    #####:   79:            break;
    %%%%%:   79-block  0
    #####:   80:        }
    %%%%%:   80-block  0
call    0 never executed
    $$$$$:   80-block  1
call    1 never executed
    #####:   81:        case 2: {
    #####:   82:            std::string tip;
    %%%%%:   82-block  0
call    0 never executed
    #####:   83:            std::cout << "Tip: "; std::cin >> tip;
call    0 never executed
branch  1 never executed (fallthrough)
branch  2 never executed (throw)
    %%%%%:   83-block  0
call    3 never executed
branch  4 never executed (fallthrough)
branch  5 never executed (throw)
    #####:   84:            filteredMasini = service.getFilteredMasiniByTip(tip);
    %%%%%:   84-block  0
call    0 never executed
branch  1 never executed (fallthrough)
branch  2 never executed (throw)
    %%%%%:   84-block  1
call    3 never executed
call    4 never executed
    $$$$$:   84-block  2
    #####:   85:            it.prim();
call    0 never executed
    #####:   86:            for (; it.valid(); ++it) {
    %%%%%:   86-block  0
call    0 never executed
    %%%%%:   86-block  1
call    1 never executed
branch  2 never executed
branch  3 never executed (fallthrough)
    #####:   87:                std::cout << (*it).getNrInmatriculare() << " " << (*it).getProducator()
    %%%%%:   87-block  0
call    0 never executed
branch  1 never executed (fallthrough)
branch  2 never executed (throw)
    %%%%%:   87-block  1
call    3 never executed
branch  4 never executed (fallthrough)
branch  5 never executed (throw)
    %%%%%:   87-block  2
call    6 never executed
branch  7 never executed (fallthrough)
branch  8 never executed (throw)
    #####:   88:                 << " " << (*it).getModel() << " " << (*it).getTip() << "\n";
    %%%%%:   88-block  0
call    0 never executed
branch  1 never executed (fallthrough)
branch  2 never executed (throw)
    %%%%%:   88-block  1
call    3 never executed
branch  4 never executed (fallthrough)
branch  5 never executed (throw)
    %%%%%:   88-block  2
call    6 never executed
branch  7 never executed (fallthrough)
branch  8 never executed (throw)
    %%%%%:   88-block  3
call    9 never executed
branch 10 never executed (fallthrough)
branch 11 never executed (throw)
    %%%%%:   88-block  4
call   12 never executed
branch 13 never executed (fallthrough)
branch 14 never executed (throw)
    %%%%%:   88-block  5
call   15 never executed
branch 16 never executed (fallthrough)
branch 17 never executed (throw)
    %%%%%:   88-block  6
call   18 never executed
branch 19 never executed (fallthrough)
branch 20 never executed (throw)
    %%%%%:   88-block  7
call   21 never executed
branch 22 never executed (fallthrough)
branch 23 never executed (throw)
    %%%%%:   88-block  8
call   24 never executed
branch 25 never executed (fallthrough)
branch 26 never executed (throw)
    %%%%%:   88-block  9
call   27 never executed
branch 28 never executed (fallthrough)
branch 29 never executed (throw)
    %%%%%:   88-block 10
call   30 never executed
branch 31 never executed (fallthrough)
branch 32 never executed (throw)
    %%%%%:   88-block 11
call   33 never executed
branch 34 never executed (fallthrough)
branch 35 never executed (throw)
    %%%%%:   88-block 12
call   36 never executed
branch 37 never executed (fallthrough)
branch 38 never executed (throw)
        -:   89:            }
    #####:   90:            break;
    %%%%%:   90-block  0
    #####:   91:        }
    %%%%%:   91-block  0
call    0 never executed
    $$$$$:   91-block  1
call    1 never executed
    #####:   92:        case 0:
    #####:   93:            return;
    %%%%%:   93-block  0
    #####:   94:        default: std::cout << "Comanda invalida!\n";
    %%%%%:   94-block  0
call    0 never executed
branch  1 never executed (fallthrough)
branch  2 never executed (throw)
        -:   95:
        -:   96:    }
    #####:   97:}
    %%%%%:   97-block  0
    %%%%%:   97-block  1
call    0 never executed
branch  1 never executed (fallthrough)
branch  2 never executed
    $$$$$:   97-block  2
call    3 never executed
        -:   98:
function _ZNK8MasinaUI9sortareUIEv called 0 returned 0% blocks executed 0%
    #####:   99:void MasinaUI::sortareUI() const {
    #####:  100:    List<Masina> sortedMasini;
    %%%%%:  100-block  0
call    0 never executed
    #####:  101:    IteratorList<Masina> it = sortedMasini.begin();
call    0 never executed
        -:  102:    int cmd;
    #####:  103:    std::cout << "1.Dupa NrInmatriculare\n2.Dupa Tip\n3.Dupa Producator+model\n0.Exit\n"; std::cin >> cmd;
call    0 never executed
branch  1 never executed (fallthrough)
branch  2 never executed (throw)
    %%%%%:  103-block  0
call    3 never executed
branch  4 never executed (fallthrough)
branch  5 never executed (throw)
    #####:  104:    switch (cmd) {
    %%%%%:  104-block  0
branch  0 never executed
branch  1 never executed
branch  2 never executed
branch  3 never executed
branch  4 never executed
    #####:  105:        case 1: {
    #####:  106:            sortedMasini = service.sorteazaMasiniNrInmatriculare();
    %%%%%:  106-block  0
call    0 never executed
branch  1 never executed (fallthrough)
branch  2 never executed (throw)
    %%%%%:  106-block  1
call    3 never executed
call    4 never executed
    $$$$$:  106-block  2
    #####:  107:            it.prim();
call    0 never executed
    #####:  108:            for (; it.valid(); ++it) {
    %%%%%:  108-block  0
call    0 never executed
    %%%%%:  108-block  1
call    1 never executed
branch  2 never executed
branch  3 never executed (fallthrough)
    #####:  109:                std::cout << (*it).getNrInmatriculare() << " " << (*it).getProducator()
    %%%%%:  109-block  0
call    0 never executed
branch  1 never executed (fallthrough)
branch  2 never executed (throw)
    %%%%%:  109-block  1
call    3 never executed
branch  4 never executed (fallthrough)
branch  5 never executed (throw)
    %%%%%:  109-block  2
call    6 never executed
branch  7 never executed (fallthrough)
branch  8 never executed (throw)
    #####:  110:                 << " " << (*it).getModel() << " " << (*it).getTip() << "\n";
    %%%%%:  110-block  0
call    0 never executed
branch  1 never executed (fallthrough)
branch  2 never executed (throw)
    %%%%%:  110-block  1
call    3 never executed
branch  4 never executed (fallthrough)
branch  5 never executed (throw)
    %%%%%:  110-block  2
call    6 never executed
branch  7 never executed (fallthrough)
branch  8 never executed (throw)
    %%%%%:  110-block  3
call    9 never executed
branch 10 never executed (fallthrough)
branch 11 never executed (throw)
    %%%%%:  110-block  4
call   12 never executed
branch 13 never executed (fallthrough)
branch 14 never executed (throw)
    %%%%%:  110-block  5
call   15 never executed
branch 16 never executed (fallthrough)
branch 17 never executed (throw)
    %%%%%:  110-block  6
call   18 never executed
branch 19 never executed (fallthrough)
branch 20 never executed (throw)
    %%%%%:  110-block  7
call   21 never executed
branch 22 never executed (fallthrough)
branch 23 never executed (throw)
    %%%%%:  110-block  8
call   24 never executed
branch 25 never executed (fallthrough)
branch 26 never executed (throw)
    %%%%%:  110-block  9
call   27 never executed
branch 28 never executed (fallthrough)
branch 29 never executed (throw)
    %%%%%:  110-block 10
call   30 never executed
branch 31 never executed (fallthrough)
branch 32 never executed (throw)
    %%%%%:  110-block 11
call   33 never executed
branch 34 never executed (fallthrough)
branch 35 never executed (throw)
    %%%%%:  110-block 12
call   36 never executed
branch 37 never executed (fallthrough)
branch 38 never executed (throw)
        -:  111:            }
    #####:  112:            break;
    %%%%%:  112-block  0
        -:  113:        }
    #####:  114:        case 2: {
    #####:  115:            sortedMasini = service.sorteazaMasiniTip();
    %%%%%:  115-block  0
call    0 never executed
branch  1 never executed (fallthrough)
branch  2 never executed (throw)
    %%%%%:  115-block  1
call    3 never executed
call    4 never executed
    $$$$$:  115-block  2
    #####:  116:            it.prim();
call    0 never executed
    #####:  117:            for (; it.valid(); ++it) {
    %%%%%:  117-block  0
call    0 never executed
    %%%%%:  117-block  1
call    1 never executed
branch  2 never executed
branch  3 never executed (fallthrough)
    #####:  118:                std::cout << (*it).getNrInmatriculare() << " " << (*it).getProducator()
    %%%%%:  118-block  0
call    0 never executed
branch  1 never executed (fallthrough)
branch  2 never executed (throw)
    %%%%%:  118-block  1
call    3 never executed
branch  4 never executed (fallthrough)
branch  5 never executed (throw)
    %%%%%:  118-block  2
call    6 never executed
branch  7 never executed (fallthrough)
branch  8 never executed (throw)
    #####:  119:                 << " " << (*it).getModel() << " " << (*it).getTip() << "\n";
    %%%%%:  119-block  0
call    0 never executed
branch  1 never executed (fallthrough)
branch  2 never executed (throw)
    %%%%%:  119-block  1
call    3 never executed
branch  4 never executed (fallthrough)
branch  5 never executed (throw)
    %%%%%:  119-block  2
call    6 never executed
branch  7 never executed (fallthrough)
branch  8 never executed (throw)
    %%%%%:  119-block  3
call    9 never executed
branch 10 never executed (fallthrough)
branch 11 never executed (throw)
    %%%%%:  119-block  4
call   12 never executed
branch 13 never executed (fallthrough)
branch 14 never executed (throw)
    %%%%%:  119-block  5
call   15 never executed
branch 16 never executed (fallthrough)
branch 17 never executed (throw)
    %%%%%:  119-block  6
call   18 never executed
branch 19 never executed (fallthrough)
branch 20 never executed (throw)
    %%%%%:  119-block  7
call   21 never executed
branch 22 never executed (fallthrough)
branch 23 never executed (throw)
    %%%%%:  119-block  8
call   24 never executed
branch 25 never executed (fallthrough)
branch 26 never executed (throw)
    %%%%%:  119-block  9
call   27 never executed
branch 28 never executed (fallthrough)
branch 29 never executed (throw)
    %%%%%:  119-block 10
call   30 never executed
branch 31 never executed (fallthrough)
branch 32 never executed (throw)
    %%%%%:  119-block 11
call   33 never executed
branch 34 never executed (fallthrough)
branch 35 never executed (throw)
    %%%%%:  119-block 12
call   36 never executed
branch 37 never executed (fallthrough)
branch 38 never executed (throw)
        -:  120:            }
    #####:  121:            break;
    %%%%%:  121-block  0
        -:  122:        }
    #####:  123:        case 3: {
    #####:  124:            sortedMasini = service.sorteazaMasiniProducatorModel();
    %%%%%:  124-block  0
call    0 never executed
branch  1 never executed (fallthrough)
branch  2 never executed (throw)
    %%%%%:  124-block  1
call    3 never executed
call    4 never executed
    $$$$$:  124-block  2
    #####:  125:            it.prim();
call    0 never executed
    #####:  126:            for (; it.valid(); ++it) {
    %%%%%:  126-block  0
call    0 never executed
    %%%%%:  126-block  1
call    1 never executed
branch  2 never executed
branch  3 never executed (fallthrough)
    #####:  127:                std::cout << (*it).getNrInmatriculare() << " " << (*it).getProducator()
    %%%%%:  127-block  0
call    0 never executed
branch  1 never executed (fallthrough)
branch  2 never executed (throw)
    %%%%%:  127-block  1
call    3 never executed
branch  4 never executed (fallthrough)
branch  5 never executed (throw)
    %%%%%:  127-block  2
call    6 never executed
branch  7 never executed (fallthrough)
branch  8 never executed (throw)
    #####:  128:                 << " " << (*it).getModel() << " " << (*it).getTip() << "\n";
    %%%%%:  128-block  0
call    0 never executed
branch  1 never executed (fallthrough)
branch  2 never executed (throw)
    %%%%%:  128-block  1
call    3 never executed
branch  4 never executed (fallthrough)
branch  5 never executed (throw)
    %%%%%:  128-block  2
call    6 never executed
branch  7 never executed (fallthrough)
branch  8 never executed (throw)
    %%%%%:  128-block  3
call    9 never executed
branch 10 never executed (fallthrough)
branch 11 never executed (throw)
    %%%%%:  128-block  4
call   12 never executed
branch 13 never executed (fallthrough)
branch 14 never executed (throw)
    %%%%%:  128-block  5
call   15 never executed
branch 16 never executed (fallthrough)
branch 17 never executed (throw)
    %%%%%:  128-block  6
call   18 never executed
branch 19 never executed (fallthrough)
branch 20 never executed (throw)
    %%%%%:  128-block  7
call   21 never executed
branch 22 never executed (fallthrough)
branch 23 never executed (throw)
    %%%%%:  128-block  8
call   24 never executed
branch 25 never executed (fallthrough)
branch 26 never executed (throw)
    %%%%%:  128-block  9
call   27 never executed
branch 28 never executed (fallthrough)
branch 29 never executed (throw)
    %%%%%:  128-block 10
call   30 never executed
branch 31 never executed (fallthrough)
branch 32 never executed (throw)
    %%%%%:  128-block 11
call   33 never executed
branch 34 never executed (fallthrough)
branch 35 never executed (throw)
    %%%%%:  128-block 12
call   36 never executed
branch 37 never executed (fallthrough)
branch 38 never executed (throw)
        -:  129:            }
    #####:  130:            break;
    %%%%%:  130-block  0
        -:  131:        }
    #####:  132:        case 0:
    #####:  133:            return;
    %%%%%:  133-block  0
    #####:  134:        default: std::cout << "Comanda invalida!\n";
    %%%%%:  134-block  0
call    0 never executed
branch  1 never executed (fallthrough)
branch  2 never executed (throw)
        -:  135:
        -:  136:    }
    #####:  137:}
    %%%%%:  137-block  0
    %%%%%:  137-block  1
call    0 never executed
branch  1 never executed (fallthrough)
branch  2 never executed
    $$$$$:  137-block  2
call    3 never executed
        -:  138:
function _ZN8MasinaUI3runEv called 1 returned 100% blocks executed 33%
        1:  139:void MasinaUI::run() {
        -:  140:    while (true) {
        1:  141:        std::cout << "\n1.Adauga\n2.Sterge\n3.Modifica\n4.Cauta\n5.Afiseaza\n6.Filtrare\n7.Sortare\n0.Exit\n";
        1:  141-block  0
call    0 returned 1
branch  1 taken 1 (fallthrough)
branch  2 taken 0 (throw)
        -:  142:        int cmd;
        1:  143:        std::cout << "\nEnter your command: "; std::cin >> cmd;
        1:  143-block  0
call    0 returned 1
branch  1 taken 1 (fallthrough)
branch  2 taken 0 (throw)
        1:  143-block  1
call    3 returned 1
branch  4 taken 1 (fallthrough)
branch  5 taken 0 (throw)
        1:  144:        switch (cmd) {
        1:  144-block  0
branch  0 taken 0
branch  1 taken 0
branch  2 taken 0
branch  3 taken 0
branch  4 taken 0
branch  5 taken 0
branch  6 taken 0
branch  7 taken 1
branch  8 taken 0
    #####:  145:            case 1: adaugaUI(); break;
    %%%%%:  145-block  0
call    0 never executed
branch  1 never executed (fallthrough)
branch  2 never executed (throw)
    %%%%%:  145-block  1
    #####:  146:            case 2: stergeUI(); break;
    %%%%%:  146-block  0
call    0 never executed
branch  1 never executed (fallthrough)
branch  2 never executed (throw)
    %%%%%:  146-block  1
    #####:  147:            case 3: modificaUI(); break;
    %%%%%:  147-block  0
call    0 never executed
branch  1 never executed (fallthrough)
branch  2 never executed (throw)
    %%%%%:  147-block  1
    #####:  148:            case 4: cautaUI(); break;
    %%%%%:  148-block  0
call    0 never executed
branch  1 never executed (fallthrough)
branch  2 never executed (throw)
    %%%%%:  148-block  1
    #####:  149:            case 5: afiseazaToate(); break;
    %%%%%:  149-block  0
call    0 never executed
branch  1 never executed (fallthrough)
branch  2 never executed (throw)
    %%%%%:  149-block  1
    #####:  150:            case 6: filtrareUI(); break;
    %%%%%:  150-block  0
call    0 never executed
branch  1 never executed (fallthrough)
branch  2 never executed (throw)
    %%%%%:  150-block  1
    #####:  151:            case 7: sortareUI(); break;
    %%%%%:  151-block  0
call    0 never executed
branch  1 never executed (fallthrough)
branch  2 never executed (throw)
    %%%%%:  151-block  1
        1:  152:            case 0: return;
        1:  152-block  0
        1:  152-block  1
        1:  152-block  2
    #####:  153:            default: std::cout << "Comanda invalida!\n";
    %%%%%:  153-block  0
call    0 never executed
branch  1 never executed (fallthrough)
branch  2 never executed (throw)
        -:  154:        }
    #####:  155:    }
    %%%%%:  155-block  0
        -:  156:}
