        -:    0:Source:/mnt/c/Users/lupse/CLionProjects/Lab5/main.c
        -:    0:Graph:/mnt/c/Users/lupse/CLionProjects/Lab5/cmake-build-debug-coverage/CMakeFiles/Lab5.dir/main.c.gcno
        -:    0:Data:/mnt/c/Users/lupse/CLionProjects/Lab5/cmake-build-debug-coverage/CMakeFiles/Lab5.dir/main.c.gcda
        -:    0:Runs:1
        -:    1:/*
        -:    2:    --- Erori ---
        -:    3:
        -:    4:-operatie efectuata cu succes: 0
        -:    5:-erori validare: -1
        -:    6:-erori repo: -id-ul exista in repo: 0 daca ezista si -2 daca nu exista
        -:    7:            -adaugare element: -3
        -:    8:            -modificare element: -4
        -:    9:            -cautare element: NULL
        -:   10:            -stergere element: -5
        -:   11:-erori service:
        -:   12:               - adauga element: -6
        -:   13:               - modifica element: -7
        -:   14:               - cauta element: NULL
        -:   15:               - sterge element: -8
        -:   16:               -inchiriere masina: -9
        -:   17:               -returnare masina: -10
        -:   18:               -vizualizare: NULL
        -:   19:               -sortare: -11
        -:   20:-ui: -comanda invalida: -12
        -:   21:     -tip date invalid: -13
        -:   22:*/
        -:   23:
        -:   24:#include "domeniu_masina.h"
        -:   25:#include "repo.h"
        -:   26:#include "service_masini.h"
        -:   27:#include "test_masini.h"
        -:   28:#include "ui.h"
        -:   29:#include "validator_masina.h"
        -:   30:
function main called 1 returned 100% blocks executed 100%
        1:   31:int main(void) {
        1:   32:    runAllTests();
        1:   32-block  0
call    0 returned 1
        1:   33:    repository* repo_masina = repo_creeaza((void*)destroy_masina, (void*)get_id_masina, (void*)copiaza_masina);
call    0 returned 1
        1:   34:    service_masina* serv_masina = service_creeaza(repo_masina, (void*)validator_masina, (void*)repo_destroy, (void*)repo_copie_repo);
call    0 returned 1
        1:   35:    run(serv_masina);
call    0 returned 1
        1:   36:    return 0;
        -:   37:}
