        -:    0:Source:C:/Users/lupse/CLionProjects/POO/Lab6/ui.h
        -:    0:Graph:C:\Users\lupse\CLionProjects\POO\Lab6\cmake-build-debug-coverage\CMakeFiles\Lab6.dir\main.cpp.gcno
        -:    0:Data:C:\Users\lupse\CLionProjects\POO\Lab6\cmake-build-debug-coverage\CMakeFiles\Lab6.dir\main.cpp.gcda
        -:    0:Runs:1
        -:    1://
        -:    2:// Created by lupse on 4/7/2025.
        -:    3://
        -:    4:#pragma once
        -:    5:#include "service_masina.h"
        -:    6:
        -:    7:class MasinaUI {
        -:    8:private:
        -:    9:    MasinaService& service;
        -:   10:
        -:   11:    void adaugaUI();
        -:   12:    void stergeUI();
        -:   13:    void modificaUI();
        -:   14:    void cautaUI();
        -:   15:    void afiseazaToate() const;
        -:   16:
        -:   17:public:
function _ZN8MasinaUIC1ER13MasinaService called 1 returned 100% blocks executed 100%
        1:   18:    explicit MasinaUI(MasinaService& srv): service{srv} {}
        -:   19:    void run();
        -:   20:};
