        -:    0:Source:C:/Users/lupse/CLionProjects/POO/Lab6/repo_masina.cpp
        -:    0:Graph:C:\Users\lupse\CLionProjects\POO\Lab6\cmake-build-debug-coverage\CMakeFiles\Lab6.dir\repo_masina.cpp.gcno
        -:    0:Data:C:\Users\lupse\CLionProjects\POO\Lab6\cmake-build-debug-coverage\CMakeFiles\Lab6.dir\repo_masina.cpp.gcda
        -:    0:Runs:1
        -:    1://
        -:    2:// Created by lupse on 4/7/2025.
        -:    3://
        -:    4:#include "repo_masina.h"
        -:    5:
function _ZN10MasinaRepo6adaugaERK6Masina called 5 returned 80% blocks executed 88%
        5:    6:void MasinaRepo::adauga(const Masina& m) {
        7:    7:    for (const auto& masina : masini)
        5:    7-block  0
call    0 returned 5
call    1 returned 5
        3:    7-block  1
call    2 returned 3
        2:    7-block  2
call    3 returned 2
        7:    7-block  3
call    4 returned 7
branch  5 taken 3
branch  6 taken 4 (fallthrough)
        3:    8:        if (masina == m)
call    0 returned 3
branch  1 taken 3 (fallthrough)
branch  2 taken 0 (throw)
        3:    8-block  0
branch  3 taken 1 (fallthrough)
branch  4 taken 2
        1:    9:            throw std::runtime_error("Masina deja existenta.");
        1:    9-block  0
call    0 returned 1
call    1 returned 1
branch  2 taken 1 (fallthrough)
branch  3 taken 0 (throw)
        1:    9-block  1
call    4 returned 1
    $$$$$:    9-block  2
call    5 never executed
        4:   10:    masini.push_back(m);
        4:   10-block  0
call    0 returned 4
        4:   11:}
        -:   12:
function _ZN10MasinaRepo6stergeERKNSt7__cxx1112basic_stringIcSt11char_traitsIcESaIcEEE called 3 returned 67% blocks executed 85%
        3:   13:void MasinaRepo::sterge(const std::string& nrInmatriculare) {
        4:   14:    for (auto it = masini.begin(); it != masini.end(); ++it) {
        3:   14-block  0
call    0 returned 3
        1:   14-block  1
call    1 returned 1
        4:   14-block  2
call    2 returned 4
call    3 returned 4
branch  4 taken 3
branch  5 taken 1 (fallthrough)
        3:   15:        if (it->getNrInmatriculare() == nrInmatriculare) {
        3:   15-block  0
call    0 returned 3
call    1 returned 3
branch  2 taken 3 (fallthrough)
branch  3 taken 0 (throw)
        3:   15-block  1
call    4 returned 3
branch  5 taken 2 (fallthrough)
branch  6 taken 1
        2:   16:            masini.erase(it);
        2:   16-block  0
call    0 returned 2
call    1 returned 2
branch  2 taken 2 (fallthrough)
branch  3 taken 0 (throw)
    $$$$$:   16-block  1
        2:   17:            return;
        2:   17-block  0
        2:   17-block  1
        -:   18:        }
        -:   19:    }
        1:   20:    throw std::runtime_error("Masina inexistenta.");
        1:   20-block  0
call    0 returned 1
call    1 returned 1
branch  2 taken 1 (fallthrough)
branch  3 taken 0 (throw)
        1:   20-block  1
call    4 returned 0
    $$$$$:   20-block  2
call    5 never executed
        -:   21:}
        -:   22:
function _ZN10MasinaRepo8modificaERK6Masina called 3 returned 67% blocks executed 91%
        3:   23:void MasinaRepo::modifica(const Masina& m) {
        7:   24:    for (auto& masina : masini) {
        3:   24-block  0
call    0 returned 3
call    1 returned 3
        6:   24-block  1
call    2 returned 6
        4:   24-block  2
call    3 returned 4
        7:   24-block  3
call    4 returned 7
branch  5 taken 6
branch  6 taken 1 (fallthrough)
        6:   25:        if (masina == m) {
call    0 returned 6
branch  1 taken 6 (fallthrough)
branch  2 taken 0 (throw)
        6:   25-block  0
branch  3 taken 2 (fallthrough)
branch  4 taken 4
        2:   26:            masina.setProducator(m.getProducator());
        2:   26-block  0
call    0 returned 2
branch  1 taken 2 (fallthrough)
branch  2 taken 0 (throw)
        2:   26-block  1
call    3 returned 2
branch  4 taken 2 (fallthrough)
branch  5 taken 0 (throw)
        2:   27:            masina.setModel(m.getModel());
        2:   27-block  0
call    0 returned 2
branch  1 taken 2 (fallthrough)
branch  2 taken 0 (throw)
        2:   27-block  1
call    3 returned 2
branch  4 taken 2 (fallthrough)
branch  5 taken 0 (throw)
        2:   28:            masina.setTip(m.getTip());
        2:   28-block  0
call    0 returned 2
branch  1 taken 2 (fallthrough)
branch  2 taken 0 (throw)
        2:   28-block  1
call    3 returned 2
branch  4 taken 2 (fallthrough)
branch  5 taken 0 (throw)
        2:   29:            return;
        2:   29-block  0
        2:   29-block  1
        -:   30:        }
        -:   31:    }
        1:   32:    throw std::runtime_error("Masina inexistenta.");
        1:   32-block  0
call    0 returned 1
call    1 returned 1
branch  2 taken 1 (fallthrough)
branch  3 taken 0 (throw)
        1:   32-block  1
call    4 returned 0
    $$$$$:   32-block  2
call    5 never executed
        -:   33:}
        -:   34:
function _ZNK10MasinaRepo5cautaERKNSt7__cxx1112basic_stringIcSt11char_traitsIcESaIcEEE called 5 returned 80% blocks executed 88%
        5:   35:const Masina& MasinaRepo::cauta(const std::string& nrInmatriculare) const {
        9:   36:    for (const auto& masina : masini)
        5:   36-block  0
call    0 returned 5
call    1 returned 5
        8:   36-block  1
call    2 returned 8
        4:   36-block  2
call    3 returned 4
        9:   36-block  3
call    4 returned 9
branch  5 taken 8
branch  6 taken 1 (fallthrough)
        8:   37:        if (masina.getNrInmatriculare() == nrInmatriculare)
call    0 returned 8
branch  1 taken 8 (fallthrough)
branch  2 taken 0 (throw)
        8:   37-block  0
call    3 returned 8
branch  4 taken 4 (fallthrough)
branch  5 taken 4
        4:   38:            return masina;
        4:   38-block  0
        4:   38-block  1
        1:   39:    throw std::runtime_error("Masina inexistenta.");
        1:   39-block  0
call    0 returned 1
call    1 returned 1
branch  2 taken 1 (fallthrough)
branch  3 taken 0 (throw)
        1:   39-block  1
call    4 returned 0
    $$$$$:   39-block  2
call    5 never executed
        -:   40:}
        -:   41:
function _ZNK10MasinaRepo6getAllEv called 4 returned 100% blocks executed 100%
        4:   42:const std::vector<Masina>& MasinaRepo::getAll() const {
        4:   43:    return masini;
        4:   43-block  0
        -:   44:}
