        -:    0:Source:C:/Users/lupse/CLionProjects/POO/Lab8/service_masina.h
        -:    0:Graph:C:\Users\lupse\CLionProjects\POO\Lab8\cmake-build-debug-coverage\CMakeFiles\Lab6.dir\teste.cpp.gcno
        -:    0:Data:C:\Users\lupse\CLionProjects\POO\Lab8\cmake-build-debug-coverage\CMakeFiles\Lab6.dir\teste.cpp.gcda
        -:    0:Runs:1
        -:    1://
        -:    2:// Created by lupse on 4/7/2025.
        -:    3://
        -:    4:#pragma once
        -:    5:#include "repo_masina.h"
        -:    6:
        -:    7:class MasinaService {
        -:    8:private:
        -:    9:    MasinaRepo& repo;
        -:   10:    [[nodiscard]] static bool cmpNrInmatriculare(const Masina& masina1, const Masina& masina2);
        -:   11:    [[nodiscard]] static bool cmpTip(const Masina& masina1, const Masina& masina2);
        -:   12:    [[nodiscard]] static bool cmpProducatorModel(const Masina& masina1, const Masina& masina2);
        -:   13:    [[nodiscard]] std::vector<Masina> sorteazaMasini(bool (*cmp)(const Masina&, const Masina&)) const;
        -:   14:public:
function _ZN13MasinaServiceC1ER10MasinaRepo called 0 returned 0% blocks executed 0%
    #####:   15:    explicit MasinaService(MasinaRepo& r) : repo{r} {}
        -:   16:
        -:   17:    void adaugaMasina(const std::string& nr, const std::string& prod,
        -:   18:                      const std::string& mod, const std::string& tip) const;
        -:   19:
        -:   20:    void stergeMasina(const std::string& nr) const;
        -:   21:    void modificaMasina(const std::string& nr, const std::string& prod,
        -:   22:                        const std::string& mod, const std::string& tip) const;
        -:   23:
        -:   24:    [[nodiscard]] const Masina& cautaMasina(const std::string& nr) const;
        -:   25:    // [[nodiscard]] const Masina& cautaMasinaByIndex(int index) const;
        -:   26:    [[nodiscard]] const std::vector<Masina>& getAllMasini() const;
        -:   27:    [[nodiscard]] std::vector<Masina> getFilteredMasiniByProducator(const std::string& producator) const;
        -:   28:    [[nodiscard]] std::vector<Masina> getFilteredMasiniByTip(const std::string& tip) const;
        -:   29:    [[nodiscard]] std::vector<Masina> sorteazaMasiniNrInmatriculare() const;
        -:   30:    [[nodiscard]] std::vector<Masina> sorteazaMasiniTip() const;
        -:   31:    [[nodiscard]] std::vector<Masina> sorteazaMasiniProducatorModel() const;
        -:   32:
        -:   33:    //inchiriere
        -:   34:};
        -:   35:
